[0.409s] Invoking command in '/home/manya/uav_drone/build/uav_drone_simulation': /usr/bin/cmake --build /home/manya/uav_drone/build/uav_drone_simulation -- -j12 -l12
[0.448s] Invoked command in '/home/manya/uav_drone/build/uav_drone_simulation' returned '0': /usr/bin/cmake --build /home/manya/uav_drone/build/uav_drone_simulation -- -j12 -l12
[0.480s] Invoking command in '/home/manya/uav_drone/build/uav_drone_simulation': /usr/bin/cmake --install /home/manya/uav_drone/build/uav_drone_simulation
[0.487s] -- Install configuration: ""
[0.487s] -- Up-to-date: /home/manya/uav_drone/install/uav_drone_simulation/share/uav_drone_simulation//launch
[0.487s] -- Up-to-date: /home/manya/uav_drone/install/uav_drone_simulation/share/uav_drone_simulation//launch/autonomous_exploration.launch.py
[0.487s] -- Up-to-date: /home/manya/uav_drone/install/uav_drone_simulation/share/uav_drone_simulation//launch/simulation.launch.py
[0.488s] -- Up-to-date: /home/manya/uav_drone/install/uav_drone_simulation/share/ament_index/resource_index/package_run_dependencies/uav_drone_simulation
[0.488s] -- Up-to-date: /home/manya/uav_drone/install/uav_drone_simulation/share/ament_index/resource_index/parent_prefix_path/uav_drone_simulation
[0.488s] -- Up-to-date: /home/manya/uav_drone/install/uav_drone_simulation/share/uav_drone_simulation/environment/ament_prefix_path.sh
[0.488s] -- Up-to-date: /home/manya/uav_drone/install/uav_drone_simulation/share/uav_drone_simulation/environment/ament_prefix_path.dsv
[0.488s] -- Up-to-date: /home/manya/uav_drone/install/uav_drone_simulation/share/uav_drone_simulation/environment/path.sh
[0.488s] -- Up-to-date: /home/manya/uav_drone/install/uav_drone_simulation/share/uav_drone_simulation/environment/path.dsv
[0.488s] -- Up-to-date: /home/manya/uav_drone/install/uav_drone_simulation/share/uav_drone_simulation/local_setup.bash
[0.488s] -- Up-to-date: /home/manya/uav_drone/install/uav_drone_simulation/share/uav_drone_simulation/local_setup.sh
[0.488s] -- Up-to-date: /home/manya/uav_drone/install/uav_drone_simulation/share/uav_drone_simulation/local_setup.zsh
[0.488s] -- Up-to-date: /home/manya/uav_drone/install/uav_drone_simulation/share/uav_drone_simulation/local_setup.dsv
[0.488s] -- Up-to-date: /home/manya/uav_drone/install/uav_drone_simulation/share/uav_drone_simulation/package.dsv
[0.489s] -- Up-to-date: /home/manya/uav_drone/install/uav_drone_simulation/share/ament_index/resource_index/packages/uav_drone_simulation
[0.489s] -- Up-to-date: /home/manya/uav_drone/install/uav_drone_simulation/share/uav_drone_simulation/cmake/uav_drone_simulationConfig.cmake
[0.489s] -- Up-to-date: /home/manya/uav_drone/install/uav_drone_simulation/share/uav_drone_simulation/cmake/uav_drone_simulationConfig-version.cmake
[0.489s] -- Up-to-date: /home/manya/uav_drone/install/uav_drone_simulation/share/uav_drone_simulation/package.xml
[0.491s] Invoked command in '/home/manya/uav_drone/build/uav_drone_simulation' returned '0': /usr/bin/cmake --install /home/manya/uav_drone/build/uav_drone_simulation
