[0.085s] DEBUG:colcon:Command line arguments: ['/usr/bin/colcon', 'build']
[0.085s] DEBUG:colcon:Parsed command line arguments: Namespace(log_base=None, log_level=None, verb_name='build', build_base='build', install_base='install', merge_install=False, symlink_install=False, test_result_base=None, continue_on_error=False, executor='parallel', parallel_workers=12, event_handlers=None, ignore_user_meta=False, metas=['./colcon.meta'], base_paths=['.'], packages_ignore=None, packages_ignore_regex=None, paths=None, packages_up_to=None, packages_up_to_regex=None, packages_above=None, packages_above_and_dependencies=None, packages_above_depth=None, packages_select_by_dep=None, packages_skip_by_dep=None, packages_skip_up_to=None, packages_select_build_failed=False, packages_skip_build_finished=False, packages_select_test_failures=False, packages_skip_test_passed=False, packages_select=None, packages_skip=None, packages_select_regex=None, packages_skip_regex=None, packages_start=None, packages_end=None, allow_overriding=[], cmake_args=None, cmake_target=None, cmake_target_skip_unavailable=False, cmake_clean_cache=False, cmake_clean_first=False, cmake_force_configure=False, ament_cmake_args=None, catkin_cmake_args=None, catkin_skip_building_tests=False, verb_parser=<colcon_defaults.argument_parser.defaults.DefaultArgumentsDecorator object at 0x76592534d3f0>, verb_extension=<colcon_core.verb.build.BuildVerb object at 0x76592534c5b0>, main=<bound method BuildVerb.main of <colcon_core.verb.build.BuildVerb object at 0x76592534c5b0>>)
[0.221s] Level 1:colcon.colcon_core.package_discovery:discover_packages(colcon_meta) check parameters
[0.221s] Level 1:colcon.colcon_core.package_discovery:discover_packages(recursive) check parameters
[0.221s] Level 1:colcon.colcon_core.package_discovery:discover_packages(ignore) check parameters
[0.221s] Level 1:colcon.colcon_core.package_discovery:discover_packages(path) check parameters
[0.221s] Level 1:colcon.colcon_core.package_discovery:discover_packages(colcon_meta) discover
[0.221s] Level 1:colcon.colcon_core.package_discovery:discover_packages(recursive) discover
[0.221s] INFO:colcon.colcon_core.package_discovery:Crawling recursively for packages in '/home/manya/uav_drone'
[0.221s] Level 1:colcon.colcon_core.package_identification:_identify(.) by extensions ['ignore', 'ignore_ament_install']
[0.221s] Level 1:colcon.colcon_core.package_identification:_identify(.) by extension 'ignore'
[0.221s] Level 1:colcon.colcon_core.package_identification:_identify(.) by extension 'ignore_ament_install'
[0.221s] Level 1:colcon.colcon_core.package_identification:_identify(.) by extensions ['colcon_pkg']
[0.221s] Level 1:colcon.colcon_core.package_identification:_identify(.) by extension 'colcon_pkg'
[0.221s] Level 1:colcon.colcon_core.package_identification:_identify(.) by extensions ['colcon_meta']
[0.221s] Level 1:colcon.colcon_core.package_identification:_identify(.) by extension 'colcon_meta'
[0.221s] Level 1:colcon.colcon_core.package_identification:_identify(.) by extensions ['ros']
[0.221s] Level 1:colcon.colcon_core.package_identification:_identify(.) by extension 'ros'
[0.229s] Level 1:colcon.colcon_core.package_identification:_identify(.) by extensions ['cmake', 'python']
[0.229s] Level 1:colcon.colcon_core.package_identification:_identify(.) by extension 'cmake'
[0.229s] Level 1:colcon.colcon_core.package_identification:_identify(.) by extension 'python'
[0.229s] Level 1:colcon.colcon_core.package_identification:_identify(.) by extensions ['python_setup_py']
[0.229s] Level 1:colcon.colcon_core.package_identification:_identify(.) by extension 'python_setup_py'
[0.230s] Level 1:colcon.colcon_core.package_identification:_identify(build) by extensions ['ignore', 'ignore_ament_install']
[0.230s] Level 1:colcon.colcon_core.package_identification:_identify(build) by extension 'ignore'
[0.230s] Level 1:colcon.colcon_core.package_identification:_identify(build) ignored
[0.230s] Level 1:colcon.colcon_core.package_identification:_identify(install) by extensions ['ignore', 'ignore_ament_install']
[0.230s] Level 1:colcon.colcon_core.package_identification:_identify(install) by extension 'ignore'
[0.230s] Level 1:colcon.colcon_core.package_identification:_identify(install) ignored
[0.230s] Level 1:colcon.colcon_core.package_identification:_identify(log) by extensions ['ignore', 'ignore_ament_install']
[0.230s] Level 1:colcon.colcon_core.package_identification:_identify(log) by extension 'ignore'
[0.230s] Level 1:colcon.colcon_core.package_identification:_identify(log) ignored
[0.230s] Level 1:colcon.colcon_core.package_identification:_identify(uav_drone_bringup) by extensions ['ignore', 'ignore_ament_install']
[0.230s] Level 1:colcon.colcon_core.package_identification:_identify(uav_drone_bringup) by extension 'ignore'
[0.230s] Level 1:colcon.colcon_core.package_identification:_identify(uav_drone_bringup) by extension 'ignore_ament_install'
[0.230s] Level 1:colcon.colcon_core.package_identification:_identify(uav_drone_bringup) by extensions ['colcon_pkg']
[0.230s] Level 1:colcon.colcon_core.package_identification:_identify(uav_drone_bringup) by extension 'colcon_pkg'
[0.230s] Level 1:colcon.colcon_core.package_identification:_identify(uav_drone_bringup) by extensions ['colcon_meta']
[0.230s] Level 1:colcon.colcon_core.package_identification:_identify(uav_drone_bringup) by extension 'colcon_meta'
[0.230s] Level 1:colcon.colcon_core.package_identification:_identify(uav_drone_bringup) by extensions ['ros']
[0.230s] Level 1:colcon.colcon_core.package_identification:_identify(uav_drone_bringup) by extension 'ros'
[0.232s] DEBUG:colcon.colcon_core.package_identification:Package 'uav_drone_bringup' with type 'ros.ament_python' and name 'uav_drone_bringup'
[0.233s] Level 1:colcon.colcon_core.package_identification:_identify(uav_drone_control) by extensions ['ignore', 'ignore_ament_install']
[0.233s] Level 1:colcon.colcon_core.package_identification:_identify(uav_drone_control) by extension 'ignore'
[0.233s] Level 1:colcon.colcon_core.package_identification:_identify(uav_drone_control) by extension 'ignore_ament_install'
[0.233s] Level 1:colcon.colcon_core.package_identification:_identify(uav_drone_control) by extensions ['colcon_pkg']
[0.233s] Level 1:colcon.colcon_core.package_identification:_identify(uav_drone_control) by extension 'colcon_pkg'
[0.233s] Level 1:colcon.colcon_core.package_identification:_identify(uav_drone_control) by extensions ['colcon_meta']
[0.233s] Level 1:colcon.colcon_core.package_identification:_identify(uav_drone_control) by extension 'colcon_meta'
[0.233s] Level 1:colcon.colcon_core.package_identification:_identify(uav_drone_control) by extensions ['ros']
[0.233s] Level 1:colcon.colcon_core.package_identification:_identify(uav_drone_control) by extension 'ros'
[0.233s] DEBUG:colcon.colcon_core.package_identification:Package 'uav_drone_control' with type 'ros.ament_python' and name 'uav_drone_control'
[0.233s] Level 1:colcon.colcon_core.package_identification:_identify(uav_drone_description) by extensions ['ignore', 'ignore_ament_install']
[0.234s] Level 1:colcon.colcon_core.package_identification:_identify(uav_drone_description) by extension 'ignore'
[0.234s] Level 1:colcon.colcon_core.package_identification:_identify(uav_drone_description) by extension 'ignore_ament_install'
[0.234s] Level 1:colcon.colcon_core.package_identification:_identify(uav_drone_description) by extensions ['colcon_pkg']
[0.234s] Level 1:colcon.colcon_core.package_identification:_identify(uav_drone_description) by extension 'colcon_pkg'
[0.234s] Level 1:colcon.colcon_core.package_identification:_identify(uav_drone_description) by extensions ['colcon_meta']
[0.234s] Level 1:colcon.colcon_core.package_identification:_identify(uav_drone_description) by extension 'colcon_meta'
[0.234s] Level 1:colcon.colcon_core.package_identification:_identify(uav_drone_description) by extensions ['ros']
[0.234s] Level 1:colcon.colcon_core.package_identification:_identify(uav_drone_description) by extension 'ros'
[0.234s] DEBUG:colcon.colcon_core.package_identification:Package 'uav_drone_description' with type 'ros.ament_cmake' and name 'uav_drone_description'
[0.234s] Level 1:colcon.colcon_core.package_identification:_identify(uav_drone_simulation) by extensions ['ignore', 'ignore_ament_install']
[0.235s] Level 1:colcon.colcon_core.package_identification:_identify(uav_drone_simulation) by extension 'ignore'
[0.235s] Level 1:colcon.colcon_core.package_identification:_identify(uav_drone_simulation) by extension 'ignore_ament_install'
[0.235s] Level 1:colcon.colcon_core.package_identification:_identify(uav_drone_simulation) by extensions ['colcon_pkg']
[0.235s] Level 1:colcon.colcon_core.package_identification:_identify(uav_drone_simulation) by extension 'colcon_pkg'
[0.235s] Level 1:colcon.colcon_core.package_identification:_identify(uav_drone_simulation) by extensions ['colcon_meta']
[0.235s] Level 1:colcon.colcon_core.package_identification:_identify(uav_drone_simulation) by extension 'colcon_meta'
[0.235s] Level 1:colcon.colcon_core.package_identification:_identify(uav_drone_simulation) by extensions ['ros']
[0.235s] Level 1:colcon.colcon_core.package_identification:_identify(uav_drone_simulation) by extension 'ros'
[0.236s] DEBUG:colcon.colcon_core.package_identification:Package 'uav_drone_simulation' with type 'ros.ament_cmake' and name 'uav_drone_simulation'
[0.236s] Level 1:colcon.colcon_core.package_discovery:discover_packages(recursive) using defaults
[0.236s] Level 1:colcon.colcon_core.package_discovery:discover_packages(ignore) discover
[0.236s] Level 1:colcon.colcon_core.package_discovery:discover_packages(ignore) using defaults
[0.236s] Level 1:colcon.colcon_core.package_discovery:discover_packages(path) discover
[0.236s] Level 1:colcon.colcon_core.package_discovery:discover_packages(path) using defaults
[0.249s] Level 1:colcon.colcon_core.package_discovery:discover_packages(prefix_path) check parameters
[0.250s] Level 1:colcon.colcon_core.package_discovery:discover_packages(prefix_path) discover
[0.252s] DEBUG:colcon.colcon_installed_package_information.package_discovery:Found 423 installed packages in /opt/ros/humble
[0.261s] Level 1:colcon.colcon_core.package_discovery:discover_packages(prefix_path) using defaults
[0.298s] Level 5:colcon.colcon_core.verb:set package 'uav_drone_bringup' build argument 'cmake_args' from command line to 'None'
[0.298s] Level 5:colcon.colcon_core.verb:set package 'uav_drone_bringup' build argument 'cmake_target' from command line to 'None'
[0.299s] Level 5:colcon.colcon_core.verb:set package 'uav_drone_bringup' build argument 'cmake_target_skip_unavailable' from command line to 'False'
[0.299s] Level 5:colcon.colcon_core.verb:set package 'uav_drone_bringup' build argument 'cmake_clean_cache' from command line to 'False'
[0.299s] Level 5:colcon.colcon_core.verb:set package 'uav_drone_bringup' build argument 'cmake_clean_first' from command line to 'False'
[0.299s] Level 5:colcon.colcon_core.verb:set package 'uav_drone_bringup' build argument 'cmake_force_configure' from command line to 'False'
[0.299s] Level 5:colcon.colcon_core.verb:set package 'uav_drone_bringup' build argument 'ament_cmake_args' from command line to 'None'
[0.299s] Level 5:colcon.colcon_core.verb:set package 'uav_drone_bringup' build argument 'catkin_cmake_args' from command line to 'None'
[0.299s] Level 5:colcon.colcon_core.verb:set package 'uav_drone_bringup' build argument 'catkin_skip_building_tests' from command line to 'False'
[0.299s] DEBUG:colcon.colcon_core.verb:Building package 'uav_drone_bringup' with the following arguments: {'ament_cmake_args': None, 'build_base': '/home/manya/uav_drone/build/uav_drone_bringup', 'catkin_cmake_args': None, 'catkin_skip_building_tests': False, 'cmake_args': None, 'cmake_clean_cache': False, 'cmake_clean_first': False, 'cmake_force_configure': False, 'cmake_target': None, 'cmake_target_skip_unavailable': False, 'install_base': '/home/manya/uav_drone/install/uav_drone_bringup', 'merge_install': False, 'path': '/home/manya/uav_drone/uav_drone_bringup', 'symlink_install': False, 'test_result_base': None}
[0.299s] Level 5:colcon.colcon_core.verb:set package 'uav_drone_control' build argument 'cmake_args' from command line to 'None'
[0.299s] Level 5:colcon.colcon_core.verb:set package 'uav_drone_control' build argument 'cmake_target' from command line to 'None'
[0.299s] Level 5:colcon.colcon_core.verb:set package 'uav_drone_control' build argument 'cmake_target_skip_unavailable' from command line to 'False'
[0.299s] Level 5:colcon.colcon_core.verb:set package 'uav_drone_control' build argument 'cmake_clean_cache' from command line to 'False'
[0.299s] Level 5:colcon.colcon_core.verb:set package 'uav_drone_control' build argument 'cmake_clean_first' from command line to 'False'
[0.299s] Level 5:colcon.colcon_core.verb:set package 'uav_drone_control' build argument 'cmake_force_configure' from command line to 'False'
[0.299s] Level 5:colcon.colcon_core.verb:set package 'uav_drone_control' build argument 'ament_cmake_args' from command line to 'None'
[0.299s] Level 5:colcon.colcon_core.verb:set package 'uav_drone_control' build argument 'catkin_cmake_args' from command line to 'None'
[0.299s] Level 5:colcon.colcon_core.verb:set package 'uav_drone_control' build argument 'catkin_skip_building_tests' from command line to 'False'
[0.299s] DEBUG:colcon.colcon_core.verb:Building package 'uav_drone_control' with the following arguments: {'ament_cmake_args': None, 'build_base': '/home/manya/uav_drone/build/uav_drone_control', 'catkin_cmake_args': None, 'catkin_skip_building_tests': False, 'cmake_args': None, 'cmake_clean_cache': False, 'cmake_clean_first': False, 'cmake_force_configure': False, 'cmake_target': None, 'cmake_target_skip_unavailable': False, 'install_base': '/home/manya/uav_drone/install/uav_drone_control', 'merge_install': False, 'path': '/home/manya/uav_drone/uav_drone_control', 'symlink_install': False, 'test_result_base': None}
[0.299s] Level 5:colcon.colcon_core.verb:set package 'uav_drone_description' build argument 'cmake_args' from command line to 'None'
[0.299s] Level 5:colcon.colcon_core.verb:set package 'uav_drone_description' build argument 'cmake_target' from command line to 'None'
[0.299s] Level 5:colcon.colcon_core.verb:set package 'uav_drone_description' build argument 'cmake_target_skip_unavailable' from command line to 'False'
[0.299s] Level 5:colcon.colcon_core.verb:set package 'uav_drone_description' build argument 'cmake_clean_cache' from command line to 'False'
[0.299s] Level 5:colcon.colcon_core.verb:set package 'uav_drone_description' build argument 'cmake_clean_first' from command line to 'False'
[0.299s] Level 5:colcon.colcon_core.verb:set package 'uav_drone_description' build argument 'cmake_force_configure' from command line to 'False'
[0.300s] Level 5:colcon.colcon_core.verb:set package 'uav_drone_description' build argument 'ament_cmake_args' from command line to 'None'
[0.300s] Level 5:colcon.colcon_core.verb:set package 'uav_drone_description' build argument 'catkin_cmake_args' from command line to 'None'
[0.300s] Level 5:colcon.colcon_core.verb:set package 'uav_drone_description' build argument 'catkin_skip_building_tests' from command line to 'False'
[0.300s] DEBUG:colcon.colcon_core.verb:Building package 'uav_drone_description' with the following arguments: {'ament_cmake_args': None, 'build_base': '/home/manya/uav_drone/build/uav_drone_description', 'catkin_cmake_args': None, 'catkin_skip_building_tests': False, 'cmake_args': None, 'cmake_clean_cache': False, 'cmake_clean_first': False, 'cmake_force_configure': False, 'cmake_target': None, 'cmake_target_skip_unavailable': False, 'install_base': '/home/manya/uav_drone/install/uav_drone_description', 'merge_install': False, 'path': '/home/manya/uav_drone/uav_drone_description', 'symlink_install': False, 'test_result_base': None}
[0.300s] Level 5:colcon.colcon_core.verb:set package 'uav_drone_simulation' build argument 'cmake_args' from command line to 'None'
[0.300s] Level 5:colcon.colcon_core.verb:set package 'uav_drone_simulation' build argument 'cmake_target' from command line to 'None'
[0.300s] Level 5:colcon.colcon_core.verb:set package 'uav_drone_simulation' build argument 'cmake_target_skip_unavailable' from command line to 'False'
[0.300s] Level 5:colcon.colcon_core.verb:set package 'uav_drone_simulation' build argument 'cmake_clean_cache' from command line to 'False'
[0.300s] Level 5:colcon.colcon_core.verb:set package 'uav_drone_simulation' build argument 'cmake_clean_first' from command line to 'False'
[0.300s] Level 5:colcon.colcon_core.verb:set package 'uav_drone_simulation' build argument 'cmake_force_configure' from command line to 'False'
[0.300s] Level 5:colcon.colcon_core.verb:set package 'uav_drone_simulation' build argument 'ament_cmake_args' from command line to 'None'
[0.300s] Level 5:colcon.colcon_core.verb:set package 'uav_drone_simulation' build argument 'catkin_cmake_args' from command line to 'None'
[0.300s] Level 5:colcon.colcon_core.verb:set package 'uav_drone_simulation' build argument 'catkin_skip_building_tests' from command line to 'False'
[0.300s] DEBUG:colcon.colcon_core.verb:Building package 'uav_drone_simulation' with the following arguments: {'ament_cmake_args': None, 'build_base': '/home/manya/uav_drone/build/uav_drone_simulation', 'catkin_cmake_args': None, 'catkin_skip_building_tests': False, 'cmake_args': None, 'cmake_clean_cache': False, 'cmake_clean_first': False, 'cmake_force_configure': False, 'cmake_target': None, 'cmake_target_skip_unavailable': False, 'install_base': '/home/manya/uav_drone/install/uav_drone_simulation', 'merge_install': False, 'path': '/home/manya/uav_drone/uav_drone_simulation', 'symlink_install': False, 'test_result_base': None}
[0.300s] INFO:colcon.colcon_core.executor:Executing jobs using 'parallel' executor
[0.301s] DEBUG:colcon.colcon_parallel_executor.executor.parallel:run_until_complete
[0.301s] INFO:colcon.colcon_ros.task.ament_python.build:Building ROS package in '/home/manya/uav_drone/uav_drone_bringup' with build type 'ament_python'
[0.301s] Level 1:colcon.colcon_core.shell:create_environment_hook('uav_drone_bringup', 'ament_prefix_path')
[0.303s] INFO:colcon.colcon_core.plugin_system:Skipping extension 'colcon_core.shell.bat': Not used on non-Windows systems
[0.303s] INFO:colcon.colcon_core.shell:Creating environment hook '/home/manya/uav_drone/install/uav_drone_bringup/share/uav_drone_bringup/hook/ament_prefix_path.ps1'
[0.303s] INFO:colcon.colcon_core.shell:Creating environment descriptor '/home/manya/uav_drone/install/uav_drone_bringup/share/uav_drone_bringup/hook/ament_prefix_path.dsv'
[0.304s] INFO:colcon.colcon_core.shell:Creating environment hook '/home/manya/uav_drone/install/uav_drone_bringup/share/uav_drone_bringup/hook/ament_prefix_path.sh'
[0.304s] INFO:colcon.colcon_core.shell:Skip shell extension 'powershell' for command environment: Not usable outside of PowerShell
[0.304s] DEBUG:colcon.colcon_core.shell:Skip shell extension 'dsv' for command environment
[0.307s] INFO:colcon.colcon_ros.task.ament_python.build:Building ROS package in '/home/manya/uav_drone/uav_drone_control' with build type 'ament_python'
[0.307s] Level 1:colcon.colcon_core.shell:create_environment_hook('uav_drone_control', 'ament_prefix_path')
[0.307s] INFO:colcon.colcon_core.shell:Creating environment hook '/home/manya/uav_drone/install/uav_drone_control/share/uav_drone_control/hook/ament_prefix_path.ps1'
[0.308s] INFO:colcon.colcon_core.shell:Creating environment descriptor '/home/manya/uav_drone/install/uav_drone_control/share/uav_drone_control/hook/ament_prefix_path.dsv'
[0.308s] INFO:colcon.colcon_core.shell:Creating environment hook '/home/manya/uav_drone/install/uav_drone_control/share/uav_drone_control/hook/ament_prefix_path.sh'
[0.308s] INFO:colcon.colcon_core.shell:Skip shell extension 'powershell' for command environment: Not usable outside of PowerShell
[0.308s] DEBUG:colcon.colcon_core.shell:Skip shell extension 'dsv' for command environment
[0.311s] INFO:colcon.colcon_ros.task.ament_cmake.build:Building ROS package in '/home/manya/uav_drone/uav_drone_description' with build type 'ament_cmake'
[0.311s] INFO:colcon.colcon_cmake.task.cmake.build:Building CMake package in '/home/manya/uav_drone/uav_drone_description'
[0.311s] INFO:colcon.colcon_core.shell:Skip shell extension 'powershell' for command environment: Not usable outside of PowerShell
[0.311s] DEBUG:colcon.colcon_core.shell:Skip shell extension 'dsv' for command environment
[0.313s] INFO:colcon.colcon_ros.task.ament_cmake.build:Building ROS package in '/home/manya/uav_drone/uav_drone_simulation' with build type 'ament_cmake'
[0.313s] INFO:colcon.colcon_cmake.task.cmake.build:Building CMake package in '/home/manya/uav_drone/uav_drone_simulation'
[0.314s] INFO:colcon.colcon_core.shell:Skip shell extension 'powershell' for command environment: Not usable outside of PowerShell
[0.314s] DEBUG:colcon.colcon_core.shell:Skip shell extension 'dsv' for command environment
[0.514s] INFO:colcon.colcon_core.task.python.build:Building Python package in '/home/manya/uav_drone/uav_drone_bringup'
[0.514s] INFO:colcon.colcon_core.shell:Skip shell extension 'powershell' for command environment: Not usable outside of PowerShell
[0.514s] DEBUG:colcon.colcon_core.shell:Skip shell extension 'dsv' for command environment
[0.708s] INFO:colcon.colcon_core.task.python.build:Building Python package in '/home/manya/uav_drone/uav_drone_control'
[0.709s] INFO:colcon.colcon_core.shell:Skip shell extension 'powershell' for command environment: Not usable outside of PowerShell
[0.709s] DEBUG:colcon.colcon_core.shell:Skip shell extension 'dsv' for command environment
[0.716s] DEBUG:colcon.colcon_core.event_handler.log_command:Invoking command in '/home/manya/uav_drone/build/uav_drone_description': /usr/bin/cmake --build /home/manya/uav_drone/build/uav_drone_description -- -j12 -l12
[0.720s] DEBUG:colcon.colcon_core.event_handler.log_command:Invoking command in '/home/manya/uav_drone/build/uav_drone_simulation': /usr/bin/cmake --build /home/manya/uav_drone/build/uav_drone_simulation -- -j12 -l12
[1.092s] DEBUG:colcon.colcon_core.event_handler.log_command:Invoking command in '/home/manya/uav_drone/uav_drone_control': PYTHONPATH=/home/manya/uav_drone/build/uav_drone_control/prefix_override:/usr/lib/python3/dist-packages/colcon_core/task/python/colcon_distutils_commands:/home/manya/uav_drone/install/uav_drone_control/lib/python3.10/site-packages:${PYTHONPATH} /usr/bin/python3 -W ignore:setup.py install is deprecated setup.py egg_info --egg-base ../build/uav_drone_control build --build-base /home/manya/uav_drone/build/uav_drone_control/build install --record /home/manya/uav_drone/build/uav_drone_control/install.log --single-version-externally-managed install_data
[1.110s] DEBUG:colcon.colcon_core.event_handler.log_command:Invoking command in '/home/manya/uav_drone/uav_drone_bringup': PYTHONPATH=/home/manya/uav_drone/build/uav_drone_bringup/prefix_override:/usr/lib/python3/dist-packages/colcon_core/task/python/colcon_distutils_commands:/home/manya/uav_drone/install/uav_drone_bringup/lib/python3.10/site-packages:${PYTHONPATH} /usr/bin/python3 -W ignore:setup.py install is deprecated setup.py egg_info --egg-base ../build/uav_drone_bringup build --build-base /home/manya/uav_drone/build/uav_drone_bringup/build install --record /home/manya/uav_drone/build/uav_drone_bringup/install.log --single-version-externally-managed install_data
[1.375s] DEBUG:colcon.colcon_core.event_handler.log_command:Invoked command in '/home/manya/uav_drone/uav_drone_control' returned '0': PYTHONPATH=/home/manya/uav_drone/build/uav_drone_control/prefix_override:/usr/lib/python3/dist-packages/colcon_core/task/python/colcon_distutils_commands:/home/manya/uav_drone/install/uav_drone_control/lib/python3.10/site-packages:${PYTHONPATH} /usr/bin/python3 -W ignore:setup.py install is deprecated setup.py egg_info --egg-base ../build/uav_drone_control build --build-base /home/manya/uav_drone/build/uav_drone_control/build install --record /home/manya/uav_drone/build/uav_drone_control/install.log --single-version-externally-managed install_data
[1.378s] Level 1:colcon.colcon_core.environment:checking '/home/manya/uav_drone/install/uav_drone_control' for CMake module files
[1.378s] Level 1:colcon.colcon_core.environment:checking '/home/manya/uav_drone/install/uav_drone_control' for CMake config files
[1.379s] Level 1:colcon.colcon_core.environment:checking '/home/manya/uav_drone/install/uav_drone_control/lib'
[1.379s] Level 1:colcon.colcon_core.environment:checking '/home/manya/uav_drone/install/uav_drone_control/bin'
[1.379s] Level 1:colcon.colcon_core.environment:checking '/home/manya/uav_drone/install/uav_drone_control/lib/pkgconfig/uav_drone_control.pc'
[1.380s] Level 1:colcon.colcon_core.environment:checking '/home/manya/uav_drone/install/uav_drone_control/lib/python3.10/site-packages'
[1.380s] Level 1:colcon.colcon_core.shell:create_environment_hook('uav_drone_control', 'pythonpath')
[1.380s] INFO:colcon.colcon_core.shell:Creating environment hook '/home/manya/uav_drone/install/uav_drone_control/share/uav_drone_control/hook/pythonpath.ps1'
[1.381s] INFO:colcon.colcon_core.shell:Creating environment descriptor '/home/manya/uav_drone/install/uav_drone_control/share/uav_drone_control/hook/pythonpath.dsv'
[1.381s] INFO:colcon.colcon_core.shell:Creating environment hook '/home/manya/uav_drone/install/uav_drone_control/share/uav_drone_control/hook/pythonpath.sh'
[1.382s] Level 1:colcon.colcon_core.environment:checking '/home/manya/uav_drone/install/uav_drone_control/bin'
[1.382s] Level 1:colcon.colcon_core.environment:create_environment_scripts_only(uav_drone_control)
[1.382s] INFO:colcon.colcon_core.shell:Creating package script '/home/manya/uav_drone/install/uav_drone_control/share/uav_drone_control/package.ps1'
[1.383s] INFO:colcon.colcon_core.shell:Creating package descriptor '/home/manya/uav_drone/install/uav_drone_control/share/uav_drone_control/package.dsv'
[1.384s] INFO:colcon.colcon_core.shell:Creating package script '/home/manya/uav_drone/install/uav_drone_control/share/uav_drone_control/package.sh'
[1.385s] INFO:colcon.colcon_core.shell:Creating package script '/home/manya/uav_drone/install/uav_drone_control/share/uav_drone_control/package.bash'
[1.386s] INFO:colcon.colcon_core.shell:Creating package script '/home/manya/uav_drone/install/uav_drone_control/share/uav_drone_control/package.zsh'
[1.386s] Level 1:colcon.colcon_core.environment:create_file_with_runtime_dependencies(/home/manya/uav_drone/install/uav_drone_control/share/colcon-core/packages/uav_drone_control)
[1.411s] Level 1:colcon.colcon_core.environment:checking '/home/manya/uav_drone/install/uav_drone_bringup' for CMake module files
[1.412s] DEBUG:colcon.colcon_core.event_handler.log_command:Invoked command in '/home/manya/uav_drone/uav_drone_bringup' returned '0': PYTHONPATH=/home/manya/uav_drone/build/uav_drone_bringup/prefix_override:/usr/lib/python3/dist-packages/colcon_core/task/python/colcon_distutils_commands:/home/manya/uav_drone/install/uav_drone_bringup/lib/python3.10/site-packages:${PYTHONPATH} /usr/bin/python3 -W ignore:setup.py install is deprecated setup.py egg_info --egg-base ../build/uav_drone_bringup build --build-base /home/manya/uav_drone/build/uav_drone_bringup/build install --record /home/manya/uav_drone/build/uav_drone_bringup/install.log --single-version-externally-managed install_data
[1.412s] Level 1:colcon.colcon_core.environment:checking '/home/manya/uav_drone/install/uav_drone_bringup' for CMake config files
[1.413s] Level 1:colcon.colcon_core.environment:checking '/home/manya/uav_drone/install/uav_drone_bringup/lib'
[1.413s] Level 1:colcon.colcon_core.environment:checking '/home/manya/uav_drone/install/uav_drone_bringup/bin'
[1.413s] Level 1:colcon.colcon_core.environment:checking '/home/manya/uav_drone/install/uav_drone_bringup/lib/pkgconfig/uav_drone_bringup.pc'
[1.413s] Level 1:colcon.colcon_core.environment:checking '/home/manya/uav_drone/install/uav_drone_bringup/lib/python3.10/site-packages'
[1.413s] Level 1:colcon.colcon_core.shell:create_environment_hook('uav_drone_bringup', 'pythonpath')
[1.414s] INFO:colcon.colcon_core.shell:Creating environment hook '/home/manya/uav_drone/install/uav_drone_bringup/share/uav_drone_bringup/hook/pythonpath.ps1'
[1.414s] INFO:colcon.colcon_core.shell:Creating environment descriptor '/home/manya/uav_drone/install/uav_drone_bringup/share/uav_drone_bringup/hook/pythonpath.dsv'
[1.415s] INFO:colcon.colcon_core.shell:Creating environment hook '/home/manya/uav_drone/install/uav_drone_bringup/share/uav_drone_bringup/hook/pythonpath.sh'
[1.415s] Level 1:colcon.colcon_core.environment:checking '/home/manya/uav_drone/install/uav_drone_bringup/bin'
[1.415s] Level 1:colcon.colcon_core.environment:create_environment_scripts_only(uav_drone_bringup)
[1.416s] INFO:colcon.colcon_core.shell:Creating package script '/home/manya/uav_drone/install/uav_drone_bringup/share/uav_drone_bringup/package.ps1'
[1.416s] INFO:colcon.colcon_core.shell:Creating package descriptor '/home/manya/uav_drone/install/uav_drone_bringup/share/uav_drone_bringup/package.dsv'
[1.417s] INFO:colcon.colcon_core.shell:Creating package script '/home/manya/uav_drone/install/uav_drone_bringup/share/uav_drone_bringup/package.sh'
[1.417s] INFO:colcon.colcon_core.shell:Creating package script '/home/manya/uav_drone/install/uav_drone_bringup/share/uav_drone_bringup/package.bash'
[1.418s] INFO:colcon.colcon_core.shell:Creating package script '/home/manya/uav_drone/install/uav_drone_bringup/share/uav_drone_bringup/package.zsh'
[1.418s] Level 1:colcon.colcon_core.environment:create_file_with_runtime_dependencies(/home/manya/uav_drone/install/uav_drone_bringup/share/colcon-core/packages/uav_drone_bringup)
[1.776s] DEBUG:colcon.colcon_core.event_handler.log_command:Invoked command in '/home/manya/uav_drone/build/uav_drone_simulation' returned '0': /usr/bin/cmake --build /home/manya/uav_drone/build/uav_drone_simulation -- -j12 -l12
[1.814s] DEBUG:colcon.colcon_core.event_handler.log_command:Invoking command in '/home/manya/uav_drone/build/uav_drone_simulation': /usr/bin/cmake --install /home/manya/uav_drone/build/uav_drone_simulation
[1.827s] Level 1:colcon.colcon_core.environment:create_environment_scripts_only(uav_drone_simulation)
[1.827s] Level 1:colcon.colcon_core.environment:checking '/home/manya/uav_drone/install/uav_drone_simulation' for CMake module files
[1.828s] DEBUG:colcon.colcon_core.event_handler.log_command:Invoked command in '/home/manya/uav_drone/build/uav_drone_simulation' returned '0': /usr/bin/cmake --install /home/manya/uav_drone/build/uav_drone_simulation
[1.828s] Level 1:colcon.colcon_core.environment:checking '/home/manya/uav_drone/install/uav_drone_simulation' for CMake config files
[1.828s] Level 1:colcon.colcon_core.shell:create_environment_hook('uav_drone_simulation', 'cmake_prefix_path')
[1.828s] INFO:colcon.colcon_core.shell:Creating environment hook '/home/manya/uav_drone/install/uav_drone_simulation/share/uav_drone_simulation/hook/cmake_prefix_path.ps1'
[1.829s] INFO:colcon.colcon_core.shell:Creating environment descriptor '/home/manya/uav_drone/install/uav_drone_simulation/share/uav_drone_simulation/hook/cmake_prefix_path.dsv'
[1.829s] INFO:colcon.colcon_core.shell:Creating environment hook '/home/manya/uav_drone/install/uav_drone_simulation/share/uav_drone_simulation/hook/cmake_prefix_path.sh'
[1.830s] Level 1:colcon.colcon_core.environment:checking '/home/manya/uav_drone/install/uav_drone_simulation/bin'
[1.830s] Level 1:colcon.colcon_core.environment:checking '/home/manya/uav_drone/install/uav_drone_simulation/lib/pkgconfig/uav_drone_simulation.pc'
[1.830s] Level 1:colcon.colcon_core.environment:checking '/home/manya/uav_drone/install/uav_drone_simulation/lib/python3.10/site-packages'
[1.830s] Level 1:colcon.colcon_core.environment:checking '/home/manya/uav_drone/install/uav_drone_simulation/bin'
[1.830s] INFO:colcon.colcon_core.shell:Creating package script '/home/manya/uav_drone/install/uav_drone_simulation/share/uav_drone_simulation/package.ps1'
[1.831s] INFO:colcon.colcon_core.shell:Creating package descriptor '/home/manya/uav_drone/install/uav_drone_simulation/share/uav_drone_simulation/package.dsv'
[1.831s] INFO:colcon.colcon_core.shell:Creating package script '/home/manya/uav_drone/install/uav_drone_simulation/share/uav_drone_simulation/package.sh'
[1.832s] INFO:colcon.colcon_core.shell:Creating package script '/home/manya/uav_drone/install/uav_drone_simulation/share/uav_drone_simulation/package.bash'
[1.832s] INFO:colcon.colcon_core.shell:Creating package script '/home/manya/uav_drone/install/uav_drone_simulation/share/uav_drone_simulation/package.zsh'
[1.832s] Level 1:colcon.colcon_core.environment:create_file_with_runtime_dependencies(/home/manya/uav_drone/install/uav_drone_simulation/share/colcon-core/packages/uav_drone_simulation)
[1.857s] Level 1:colcon.colcon_core.environment:create_environment_scripts_only(uav_drone_simulation)
[1.857s] Level 1:colcon.colcon_core.environment:checking '/home/manya/uav_drone/install/uav_drone_simulation' for CMake module files
[1.858s] Level 1:colcon.colcon_core.environment:checking '/home/manya/uav_drone/install/uav_drone_simulation' for CMake config files
[1.858s] Level 1:colcon.colcon_core.shell:create_environment_hook('uav_drone_simulation', 'cmake_prefix_path')
[1.858s] INFO:colcon.colcon_core.shell:Creating environment hook '/home/manya/uav_drone/install/uav_drone_simulation/share/uav_drone_simulation/hook/cmake_prefix_path.ps1'
[1.859s] INFO:colcon.colcon_core.shell:Creating environment descriptor '/home/manya/uav_drone/install/uav_drone_simulation/share/uav_drone_simulation/hook/cmake_prefix_path.dsv'
[1.859s] INFO:colcon.colcon_core.shell:Creating environment hook '/home/manya/uav_drone/install/uav_drone_simulation/share/uav_drone_simulation/hook/cmake_prefix_path.sh'
[1.859s] Level 1:colcon.colcon_core.environment:checking '/home/manya/uav_drone/install/uav_drone_simulation/bin'
[1.859s] Level 1:colcon.colcon_core.environment:checking '/home/manya/uav_drone/install/uav_drone_simulation/lib/pkgconfig/uav_drone_simulation.pc'
[1.859s] Level 1:colcon.colcon_core.environment:checking '/home/manya/uav_drone/install/uav_drone_simulation/lib/python3.10/site-packages'
[1.860s] Level 1:colcon.colcon_core.environment:checking '/home/manya/uav_drone/install/uav_drone_simulation/bin'
[1.860s] INFO:colcon.colcon_core.shell:Creating package script '/home/manya/uav_drone/install/uav_drone_simulation/share/uav_drone_simulation/package.ps1'
[1.860s] INFO:colcon.colcon_core.shell:Creating package descriptor '/home/manya/uav_drone/install/uav_drone_simulation/share/uav_drone_simulation/package.dsv'
[1.861s] INFO:colcon.colcon_core.shell:Creating package script '/home/manya/uav_drone/install/uav_drone_simulation/share/uav_drone_simulation/package.sh'
[1.861s] INFO:colcon.colcon_core.shell:Creating package script '/home/manya/uav_drone/install/uav_drone_simulation/share/uav_drone_simulation/package.bash'
[1.861s] INFO:colcon.colcon_core.shell:Creating package script '/home/manya/uav_drone/install/uav_drone_simulation/share/uav_drone_simulation/package.zsh'
[1.862s] Level 1:colcon.colcon_core.environment:create_file_with_runtime_dependencies(/home/manya/uav_drone/install/uav_drone_simulation/share/colcon-core/packages/uav_drone_simulation)
[27.621s] DEBUG:colcon.colcon_core.event_handler.log_command:Invoked command in '/home/manya/uav_drone/build/uav_drone_description' returned '0': /usr/bin/cmake --build /home/manya/uav_drone/build/uav_drone_description -- -j12 -l12
[27.652s] DEBUG:colcon.colcon_core.event_handler.log_command:Invoking command in '/home/manya/uav_drone/build/uav_drone_description': /usr/bin/cmake --install /home/manya/uav_drone/build/uav_drone_description
[27.690s] Level 1:colcon.colcon_core.environment:create_environment_scripts_only(uav_drone_description)
[27.691s] Level 1:colcon.colcon_core.environment:checking '/home/manya/uav_drone/install/uav_drone_description' for CMake module files
[27.691s] DEBUG:colcon.colcon_core.event_handler.log_command:Invoked command in '/home/manya/uav_drone/build/uav_drone_description' returned '0': /usr/bin/cmake --install /home/manya/uav_drone/build/uav_drone_description
[27.692s] Level 1:colcon.colcon_core.environment:checking '/home/manya/uav_drone/install/uav_drone_description' for CMake config files
[27.692s] Level 1:colcon.colcon_core.shell:create_environment_hook('uav_drone_description', 'cmake_prefix_path')
[27.692s] INFO:colcon.colcon_core.shell:Creating environment hook '/home/manya/uav_drone/install/uav_drone_description/share/uav_drone_description/hook/cmake_prefix_path.ps1'
[27.692s] INFO:colcon.colcon_core.shell:Creating environment descriptor '/home/manya/uav_drone/install/uav_drone_description/share/uav_drone_description/hook/cmake_prefix_path.dsv'
[27.693s] INFO:colcon.colcon_core.shell:Creating environment hook '/home/manya/uav_drone/install/uav_drone_description/share/uav_drone_description/hook/cmake_prefix_path.sh'
[27.693s] Level 1:colcon.colcon_core.environment:checking '/home/manya/uav_drone/install/uav_drone_description/lib'
[27.693s] Level 1:colcon.colcon_core.shell:create_environment_hook('uav_drone_description', 'ld_library_path_lib')
[27.693s] INFO:colcon.colcon_core.shell:Creating environment hook '/home/manya/uav_drone/install/uav_drone_description/share/uav_drone_description/hook/ld_library_path_lib.ps1'
[27.693s] INFO:colcon.colcon_core.shell:Creating environment descriptor '/home/manya/uav_drone/install/uav_drone_description/share/uav_drone_description/hook/ld_library_path_lib.dsv'
[27.693s] INFO:colcon.colcon_core.shell:Creating environment hook '/home/manya/uav_drone/install/uav_drone_description/share/uav_drone_description/hook/ld_library_path_lib.sh'
[27.694s] Level 1:colcon.colcon_core.environment:checking '/home/manya/uav_drone/install/uav_drone_description/bin'
[27.694s] Level 1:colcon.colcon_core.environment:checking '/home/manya/uav_drone/install/uav_drone_description/lib/pkgconfig/uav_drone_description.pc'
[27.694s] Level 1:colcon.colcon_core.environment:checking '/home/manya/uav_drone/install/uav_drone_description/lib/python3.10/site-packages'
[27.694s] Level 1:colcon.colcon_core.environment:checking '/home/manya/uav_drone/install/uav_drone_description/bin'
[27.694s] INFO:colcon.colcon_core.shell:Creating package script '/home/manya/uav_drone/install/uav_drone_description/share/uav_drone_description/package.ps1'
[27.695s] INFO:colcon.colcon_core.shell:Creating package descriptor '/home/manya/uav_drone/install/uav_drone_description/share/uav_drone_description/package.dsv'
[27.695s] INFO:colcon.colcon_core.shell:Creating package script '/home/manya/uav_drone/install/uav_drone_description/share/uav_drone_description/package.sh'
[27.695s] INFO:colcon.colcon_core.shell:Creating package script '/home/manya/uav_drone/install/uav_drone_description/share/uav_drone_description/package.bash'
[27.695s] INFO:colcon.colcon_core.shell:Creating package script '/home/manya/uav_drone/install/uav_drone_description/share/uav_drone_description/package.zsh'
[27.696s] Level 1:colcon.colcon_core.environment:create_file_with_runtime_dependencies(/home/manya/uav_drone/install/uav_drone_description/share/colcon-core/packages/uav_drone_description)
[27.725s] Level 1:colcon.colcon_core.environment:create_environment_scripts_only(uav_drone_description)
[27.725s] Level 1:colcon.colcon_core.environment:checking '/home/manya/uav_drone/install/uav_drone_description' for CMake module files
[27.726s] Level 1:colcon.colcon_core.environment:checking '/home/manya/uav_drone/install/uav_drone_description' for CMake config files
[27.726s] Level 1:colcon.colcon_core.shell:create_environment_hook('uav_drone_description', 'cmake_prefix_path')
[27.726s] INFO:colcon.colcon_core.shell:Creating environment hook '/home/manya/uav_drone/install/uav_drone_description/share/uav_drone_description/hook/cmake_prefix_path.ps1'
[27.727s] INFO:colcon.colcon_core.shell:Creating environment descriptor '/home/manya/uav_drone/install/uav_drone_description/share/uav_drone_description/hook/cmake_prefix_path.dsv'
[27.727s] INFO:colcon.colcon_core.shell:Creating environment hook '/home/manya/uav_drone/install/uav_drone_description/share/uav_drone_description/hook/cmake_prefix_path.sh'
[27.727s] Level 1:colcon.colcon_core.environment:checking '/home/manya/uav_drone/install/uav_drone_description/lib'
[27.727s] Level 1:colcon.colcon_core.shell:create_environment_hook('uav_drone_description', 'ld_library_path_lib')
[27.727s] INFO:colcon.colcon_core.shell:Creating environment hook '/home/manya/uav_drone/install/uav_drone_description/share/uav_drone_description/hook/ld_library_path_lib.ps1'
[27.728s] INFO:colcon.colcon_core.shell:Creating environment descriptor '/home/manya/uav_drone/install/uav_drone_description/share/uav_drone_description/hook/ld_library_path_lib.dsv'
[27.728s] INFO:colcon.colcon_core.shell:Creating environment hook '/home/manya/uav_drone/install/uav_drone_description/share/uav_drone_description/hook/ld_library_path_lib.sh'
[27.728s] Level 1:colcon.colcon_core.environment:checking '/home/manya/uav_drone/install/uav_drone_description/bin'
[27.728s] Level 1:colcon.colcon_core.environment:checking '/home/manya/uav_drone/install/uav_drone_description/lib/pkgconfig/uav_drone_description.pc'
[27.728s] Level 1:colcon.colcon_core.environment:checking '/home/manya/uav_drone/install/uav_drone_description/lib/python3.10/site-packages'
[27.728s] Level 1:colcon.colcon_core.environment:checking '/home/manya/uav_drone/install/uav_drone_description/bin'
[27.729s] INFO:colcon.colcon_core.shell:Creating package script '/home/manya/uav_drone/install/uav_drone_description/share/uav_drone_description/package.ps1'
[27.729s] INFO:colcon.colcon_core.shell:Creating package descriptor '/home/manya/uav_drone/install/uav_drone_description/share/uav_drone_description/package.dsv'
[27.729s] INFO:colcon.colcon_core.shell:Creating package script '/home/manya/uav_drone/install/uav_drone_description/share/uav_drone_description/package.sh'
[27.730s] INFO:colcon.colcon_core.shell:Creating package script '/home/manya/uav_drone/install/uav_drone_description/share/uav_drone_description/package.bash'
[27.730s] INFO:colcon.colcon_core.shell:Creating package script '/home/manya/uav_drone/install/uav_drone_description/share/uav_drone_description/package.zsh'
[27.730s] Level 1:colcon.colcon_core.environment:create_file_with_runtime_dependencies(/home/manya/uav_drone/install/uav_drone_description/share/colcon-core/packages/uav_drone_description)
[27.730s] DEBUG:colcon.colcon_parallel_executor.executor.parallel:closing loop
[27.731s] DEBUG:colcon.colcon_parallel_executor.executor.parallel:loop closed
[27.731s] DEBUG:colcon.colcon_parallel_executor.executor.parallel:run_until_complete finished with '0'
[27.731s] DEBUG:colcon.colcon_core.event_reactor:joining thread
[27.735s] INFO:colcon.colcon_core.plugin_system:Skipping extension 'colcon_notification.desktop_notification.terminal_notifier': Not used on non-Darwin systems
[27.735s] INFO:colcon.colcon_core.plugin_system:Skipping extension 'colcon_notification.desktop_notification.win32': Not used on non-Windows systems
[27.735s] INFO:colcon.colcon_notification.desktop_notification:Sending desktop notification using 'notify2'
[27.744s] DEBUG:colcon.colcon_core.event_reactor:joined thread
[27.744s] INFO:colcon.colcon_core.shell:Creating prefix script '/home/manya/uav_drone/install/local_setup.ps1'
[27.745s] INFO:colcon.colcon_core.shell:Creating prefix util module '/home/manya/uav_drone/install/_local_setup_util_ps1.py'
[27.746s] INFO:colcon.colcon_core.shell:Creating prefix chain script '/home/manya/uav_drone/install/setup.ps1'
[27.746s] INFO:colcon.colcon_core.shell:Creating prefix script '/home/manya/uav_drone/install/local_setup.sh'
[27.747s] INFO:colcon.colcon_core.shell:Creating prefix util module '/home/manya/uav_drone/install/_local_setup_util_sh.py'
[27.747s] INFO:colcon.colcon_core.shell:Creating prefix chain script '/home/manya/uav_drone/install/setup.sh'
[27.748s] INFO:colcon.colcon_core.shell:Creating prefix script '/home/manya/uav_drone/install/local_setup.bash'
[27.748s] INFO:colcon.colcon_core.shell:Creating prefix chain script '/home/manya/uav_drone/install/setup.bash'
[27.749s] INFO:colcon.colcon_core.shell:Creating prefix script '/home/manya/uav_drone/install/local_setup.zsh'
[27.749s] INFO:colcon.colcon_core.shell:Creating prefix chain script '/home/manya/uav_drone/install/setup.zsh'
