[0.404s] Invoking command in '/home/manya/uav_drone/build/uav_drone_description': /usr/bin/cmake /home/manya/uav_drone/uav_drone_description -DCMAKE_INSTALL_PREFIX=/home/manya/uav_drone/install/uav_drone_description
[0.476s] -- The C compiler identification is GNU 11.4.0
[0.544s] -- The CXX compiler identification is GNU 11.4.0
[0.552s] -- Detecting C compiler ABI info
[0.615s] -- Detecting C compiler ABI info - done
[0.625s] -- Check for working C compiler: /usr/bin/cc - skipped
[0.625s] -- Detecting C compile features
[0.626s] -- Detecting C compile features - done
[0.630s] -- Detecting CXX compiler ABI info
[0.705s] -- Detecting CXX compiler ABI info - done
[0.711s] -- Check for working CXX compiler: /usr/bin/c++ - skipped
[0.711s] -- Detecting CXX compile features
[0.711s] -- Detecting CXX compile features - done
[0.717s] -- Found PkgConfig: /usr/bin/pkg-config (found version "0.29.2") 
[0.718s] -- Checking for module 'OGRE'
[0.732s] --   Found OGRE, version 1.9.0
[0.766s] -- Checking for module 'OGRE-Terrain'
[0.780s] --   Found OGRE-Terrain, version 1.9.0
[0.814s] -- Found ament_cmake: 1.3.9 (/opt/ros/humble/share/ament_cmake/cmake)
[0.942s] -- Found Python3: /usr/bin/python3 (found version "3.10.12") found components: Interpreter 
[1.022s] -- Found ament_cmake_ros: 0.10.0 (/opt/ros/humble/share/ament_cmake_ros/cmake)
[1.033s] -- Found rclcpp: 16.0.9 (/opt/ros/humble/share/rclcpp/cmake)
[1.070s] -- Found rosidl_generator_c: 3.1.5 (/opt/ros/humble/share/rosidl_generator_c/cmake)
[1.076s] -- Found rosidl_adapter: 3.1.5 (/opt/ros/humble/share/rosidl_adapter/cmake)
[1.083s] -- Found rosidl_generator_cpp: 3.1.5 (/opt/ros/humble/share/rosidl_generator_cpp/cmake)
[1.095s] -- Using all available rosidl_typesupport_c: rosidl_typesupport_fastrtps_c;rosidl_typesupport_introspection_c
[1.111s] -- Using all available rosidl_typesupport_cpp: rosidl_typesupport_fastrtps_cpp;rosidl_typesupport_introspection_cpp
[1.168s] -- Found rmw_implementation_cmake: 6.1.2 (/opt/ros/humble/share/rmw_implementation_cmake/cmake)
[1.171s] -- Found rmw_fastrtps_cpp: 6.2.6 (/opt/ros/humble/share/rmw_fastrtps_cpp/cmake)
[1.264s] -- Found OpenSSL: /usr/lib/x86_64-linux-gnu/libcrypto.so (found version "3.0.2")  
[1.289s] -- Found FastRTPS: /opt/ros/humble/include  
[1.337s] -- Using RMW implementation 'rmw_fastrtps_cpp' as default
[1.346s] -- Looking for pthread.h
[1.407s] -- Looking for pthread.h - found
[1.407s] -- Performing Test CMAKE_HAVE_LIBC_PTHREAD
[1.470s] -- Performing Test CMAKE_HAVE_LIBC_PTHREAD - Success
[1.471s] -- Found Threads: TRUE  
[1.591s] -- Found gazebo_ros: 3.7.0 (/opt/ros/humble/share/gazebo_ros/cmake)
[1.605s] -- Checking for module 'bullet>=2.82'
[1.617s] --   Found bullet, version 3.05
[1.730s] -- Found fcl: /usr/include (found suitable version "0.7.0", minimum required is "0.5.0") 
[1.778s] -- Found assimp: /usr/include (found version "5.2.0") 
[1.799s] -- Found DART: /usr/include (Required is at least version "6.6") found components: dart 
[1.826s] -- Found Boost: /usr/lib/x86_64-linux-gnu/cmake/Boost-1.74.0/BoostConfig.cmake (found suitable version "1.74.0", minimum required is "1.40.0") found components: thread system filesystem program_options regex iostreams date_time 
[1.841s] -- Found Protobuf: /usr/lib/x86_64-linux-gnu/libprotobuf.so (found version "3.12.4") 
[1.846s] -- Looking for ignition-math6 -- found version 6.15.1
[1.854s] -- Searching for dependencies of ignition-math6
[1.855s] -- Looking for OGRE...
[1.856s] -- OGRE_PREFIX_WATCH changed.
[1.861s] -- Checking for module 'OGRE'
[1.873s] --   Found OGRE, version 1.9.0
[1.907s] -- Found Ogre Ghadamon (1.9.0)
[1.920s] -- Looking for OGRE_Paging...
[1.924s] -- Found OGRE_Paging: optimized;/usr/lib/x86_64-linux-gnu/libOgrePaging.so;debug;/usr/lib/x86_64-linux-gnu/libOgrePaging.so
[1.925s] -- Looking for OGRE_Terrain...
[1.929s] -- Found OGRE_Terrain: optimized;/usr/lib/x86_64-linux-gnu/libOgreTerrain.so;debug;/usr/lib/x86_64-linux-gnu/libOgreTerrain.so
[1.929s] -- Looking for OGRE_Property...
[1.933s] -- Found OGRE_Property: optimized;/usr/lib/x86_64-linux-gnu/libOgreProperty.so;debug;/usr/lib/x86_64-linux-gnu/libOgreProperty.so
[1.933s] -- Looking for OGRE_RTShaderSystem...
[1.936s] -- Found OGRE_RTShaderSystem: optimized;/usr/lib/x86_64-linux-gnu/libOgreRTShaderSystem.so;debug;/usr/lib/x86_64-linux-gnu/libOgreRTShaderSystem.so
[1.937s] -- Looking for OGRE_Volume...
[1.941s] -- Found OGRE_Volume: optimized;/usr/lib/x86_64-linux-gnu/libOgreVolume.so;debug;/usr/lib/x86_64-linux-gnu/libOgreVolume.so
[1.941s] -- Looking for OGRE_Overlay...
[1.945s] -- Found OGRE_Overlay: optimized;/usr/lib/x86_64-linux-gnu/libOgreOverlay.so;debug;/usr/lib/x86_64-linux-gnu/libOgreOverlay.so
[2.031s] -- Looking for ignition-math6 -- found version 6.15.1
[2.034s] -- Looking for ignition-transport8 -- found version 8.2.1
[2.034s] -- Searching for dependencies of ignition-transport8
[2.053s] -- Found Protobuf: /usr/lib/x86_64-linux-gnu/libprotobuf.so (found suitable version "3.12.4", minimum required is "3") 
[2.066s] -- Config-file not installed for ZeroMQ -- checking for pkg-config
[2.072s] -- Checking for module 'libzmq >= 4'
[2.086s] --   Found libzmq , version 4.3.4
[2.124s] -- Found ZeroMQ: TRUE (Required is at least version "4") 
[2.129s] -- Checking for module 'uuid'
[2.142s] --   Found uuid, version 2.37.2
[2.174s] -- Found UUID: TRUE  
[2.178s] -- Looking for ignition-msgs5 -- found version 5.8.1
[2.178s] -- Searching for dependencies of ignition-msgs5
[2.198s] -- Looking for ignition-math6 -- found version 6.15.1
[2.203s] -- Checking for module 'tinyxml2'
[2.215s] --   Found tinyxml2, version 9.0.0
[2.250s] -- Looking for ignition-msgs5 -- found version 5.8.1
[2.253s] -- Looking for ignition-common3 -- found version 3.14.0
[2.253s] -- Searching for dependencies of ignition-common3
[2.254s] -- Looking for dlfcn.h - found
[2.255s] -- Looking for libdl - found
[2.256s] -- Found DL: TRUE  
[2.266s] -- Found tinyobjloader: /usr/lib/x86_64-linux-gnu/cmake/tinyobjloader/tinyobjloader-config.cmake (found version "2.0.0") 
[2.267s] -- Searching for <ignition-common3> component [graphics]
[2.269s] -- Looking for ignition-common3-graphics -- found version 3.14.0
[2.270s] -- Searching for dependencies of ignition-common3-graphics
[2.270s] -- Looking for ignition-math6 -- found version 6.15.1
[2.274s] -- Looking for ignition-fuel_tools4 -- found version 4.4.0
[2.274s] -- Searching for dependencies of ignition-fuel_tools4
[2.352s] -- Found CURL: /usr/lib/x86_64-linux-gnu/libcurl.so (found version "7.81.0")  
[2.360s] -- Checking for module 'jsoncpp'
[2.372s] --   Found jsoncpp, version 1.9.5
[2.405s] -- Found JSONCPP: TRUE  
[2.410s] -- Checking for module 'libzip'
[2.422s] --   Found libzip, version 1.7.3
[2.455s] -- Found ZIP: TRUE  
[2.455s] -- Looking for ignition-common3 -- found version 3.14.0
[2.455s] -- Looking for ignition-math6 -- found version 6.15.1
[2.456s] -- Looking for ignition-msgs5 -- found version 5.8.1
[2.460s] -- Gazebo version: 11.10
[2.460s] -- Checking for module 'tbb'
[2.472s] --   Found tbb, version 2021.5.0
[2.509s] -- Found gazebo_plugins: 3.7.0 (/opt/ros/humble/share/gazebo_plugins/cmake)
[2.732s] -- Found sensor_msgs: 4.2.4 (/opt/ros/humble/share/sensor_msgs/cmake)
[2.793s] -- Found nav_msgs: 4.2.4 (/opt/ros/humble/share/nav_msgs/cmake)
[2.855s] -- Found tf2: 0.25.7 (/opt/ros/humble/share/tf2/cmake)
[2.868s] -- Found tf2_ros: 0.25.7 (/opt/ros/humble/share/tf2_ros/cmake)
[3.125s] -- Found tf2_geometry_msgs: 0.25.7 (/opt/ros/humble/share/tf2_geometry_msgs/cmake)
[3.136s] -- Found eigen3_cmake_module: 0.1.1 (/opt/ros/humble/share/eigen3_cmake_module/cmake)
[3.138s] -- Found Eigen3: TRUE (found version "3.4.0") 
[3.138s] -- Ensuring Eigen3 include directory is part of orocos-kdl CMake target
[3.221s] -- Found ament_lint_auto: 0.12.11 (/opt/ros/humble/share/ament_lint_auto/cmake)
[3.288s] -- Added test 'cppcheck' to perform static code analysis on C / C++ code
[3.288s] -- Configured cppcheck include dirs: /home/manya/uav_drone/uav_drone_description/include;$<BUILD_INTERFACE:/home/manya/uav_drone/uav_drone_description/include>
[3.289s] -- Configured cppcheck exclude dirs and/or files: 
[3.290s] -- Added test 'lint_cmake' to check CMake code style
[3.292s] -- Added test 'uncrustify' to check C / C++ code style
[3.292s] -- Configured uncrustify additional arguments: 
[3.292s] -- Added test 'xmllint' to check XML markup files
[3.295s] -- Configuring done
[3.340s] -- Generating done
[3.343s] -- Build files have been written to: /home/manya/uav_drone/build/uav_drone_description
