[100%] Built target plugin_drone
-- Install configuration: ""
-- Up-to-date: /home/manya/uav_drone/install/uav_drone_description/include
-- Up-to-date: /home/manya/uav_drone/install/uav_drone_description/include/uav_drone_description
-- Up-to-date: /home/manya/uav_drone/install/uav_drone_description/include/uav_drone_description/plugin_drone.h
-- Up-to-date: /home/manya/uav_drone/install/uav_drone_description/include/uav_drone_description/pid_controller.h
-- Up-to-date: /home/manya/uav_drone/install/uav_drone_description/include/uav_drone_description/plugin_drone_private.h
-- Up-to-date: /home/manya/uav_drone/install/uav_drone_description/lib/libplugin_drone.so
-- Up-to-date: /home/manya/uav_drone/install/uav_drone_description/share/uav_drone_description/environment/library_path.sh
-- Up-to-date: /home/manya/uav_drone/install/uav_drone_description/share/uav_drone_description/environment/library_path.dsv
-- Up-to-date: /home/manya/uav_drone/install/uav_drone_description/share/uav_drone_description/models
-- Up-to-date: /home/manya/uav_drone/install/uav_drone_description/share/uav_drone_description/models/database.config
-- Up-to-date: /home/manya/uav_drone/install/uav_drone_description/share/uav_drone_description/models/uav_drone
-- Up-to-date: /home/manya/uav_drone/install/uav_drone_description/share/uav_drone_description/models/uav_drone/quadrotor_4.stl
-- Up-to-date: /home/manya/uav_drone/install/uav_drone_description/share/uav_drone_description/models/uav_drone/quadrotor_4.dae
-- Up-to-date: /home/manya/uav_drone/install/uav_drone_description/share/uav_drone_description/models/uav_drone/model.config
-- Up-to-date: /home/manya/uav_drone/install/uav_drone_description/share/uav_drone_description/models/uav_drone/sjtu_drone.sdf
-- Up-to-date: /home/manya/uav_drone/install/uav_drone_description/share/uav_drone_description/urdf
-- Up-to-date: /home/manya/uav_drone/install/uav_drone_description/share/uav_drone_description/urdf/uav_drone.urdf
-- Up-to-date: /home/manya/uav_drone/install/uav_drone_description/share/uav_drone_description/urdf/uav_drone.urdf.xacro
-- Up-to-date: /home/manya/uav_drone/install/uav_drone_description/share/uav_drone_description/worlds
-- Up-to-date: /home/manya/uav_drone/install/uav_drone_description/share/uav_drone_description/worlds/playground.world
-- Up-to-date: /home/manya/uav_drone/install/uav_drone_description/share/ament_index/resource_index/package_run_dependencies/uav_drone_description
-- Up-to-date: /home/manya/uav_drone/install/uav_drone_description/share/ament_index/resource_index/parent_prefix_path/uav_drone_description
-- Up-to-date: /home/manya/uav_drone/install/uav_drone_description/share/uav_drone_description/environment/ament_prefix_path.sh
-- Up-to-date: /home/manya/uav_drone/install/uav_drone_description/share/uav_drone_description/environment/ament_prefix_path.dsv
-- Up-to-date: /home/manya/uav_drone/install/uav_drone_description/share/uav_drone_description/environment/path.sh
-- Up-to-date: /home/manya/uav_drone/install/uav_drone_description/share/uav_drone_description/environment/path.dsv
-- Up-to-date: /home/manya/uav_drone/install/uav_drone_description/share/uav_drone_description/local_setup.bash
-- Up-to-date: /home/manya/uav_drone/install/uav_drone_description/share/uav_drone_description/local_setup.sh
-- Up-to-date: /home/manya/uav_drone/install/uav_drone_description/share/uav_drone_description/local_setup.zsh
-- Up-to-date: /home/manya/uav_drone/install/uav_drone_description/share/uav_drone_description/local_setup.dsv
-- Installing: /home/manya/uav_drone/install/uav_drone_description/share/uav_drone_description/package.dsv
-- Up-to-date: /home/manya/uav_drone/install/uav_drone_description/share/ament_index/resource_index/packages/uav_drone_description
-- Up-to-date: /home/manya/uav_drone/install/uav_drone_description/share/uav_drone_description/cmake/export_uav_drone_descriptionExport.cmake
-- Up-to-date: /home/manya/uav_drone/install/uav_drone_description/share/uav_drone_description/cmake/export_uav_drone_descriptionExport-noconfig.cmake
-- Up-to-date: /home/manya/uav_drone/install/uav_drone_description/share/uav_drone_description/cmake/ament_cmake_export_include_directories-extras.cmake
-- Up-to-date: /home/manya/uav_drone/install/uav_drone_description/share/uav_drone_description/cmake/ament_cmake_export_libraries-extras.cmake
-- Up-to-date: /home/manya/uav_drone/install/uav_drone_description/share/uav_drone_description/cmake/ament_cmake_export_targets-extras.cmake
-- Up-to-date: /home/manya/uav_drone/install/uav_drone_description/share/uav_drone_description/cmake/uav_drone_descriptionConfig.cmake
-- Up-to-date: /home/manya/uav_drone/install/uav_drone_description/share/uav_drone_description/cmake/uav_drone_descriptionConfig-version.cmake
-- Up-to-date: /home/manya/uav_drone/install/uav_drone_description/share/uav_drone_description/package.xml
