[0.403s] Invoking command in '/home/manya/uav_drone/build/uav_drone_simulation': /usr/bin/cmake /home/manya/uav_drone/uav_drone_simulation -DCMAKE_INSTALL_PREFIX=/home/manya/uav_drone/install/uav_drone_simulation
[0.473s] -- The C compiler identification is GNU 11.4.0
[0.541s] -- The CXX compiler identification is GNU 11.4.0
[0.549s] -- Detecting C compiler ABI info
[0.613s] -- Detecting C compiler ABI info - done
[0.622s] -- Check for working C compiler: /usr/bin/cc - skipped
[0.623s] -- Detecting C compile features
[0.623s] -- Detecting C compile features - done
[0.627s] -- Detecting CXX compiler ABI info
[0.703s] -- Detecting CXX compiler ABI info - done
[0.708s] -- Check for working CXX compiler: /usr/bin/c++ - skipped
[0.709s] -- Detecting CXX compile features
[0.709s] -- Detecting CXX compile features - done
[0.712s] -- Found ament_cmake: 1.3.9 (/opt/ros/humble/share/ament_cmake/cmake)
[0.843s] -- Found Python3: /usr/bin/python3 (found version "3.10.12") found components: Interpreter 
[0.939s] -- Found rclcpp: 16.0.9 (/opt/ros/humble/share/rclcpp/cmake)
[0.991s] -- Found rosidl_generator_c: 3.1.5 (/opt/ros/humble/share/rosidl_generator_c/cmake)
[0.997s] -- Found rosidl_adapter: 3.1.5 (/opt/ros/humble/share/rosidl_adapter/cmake)
[1.008s] -- Found rosidl_generator_cpp: 3.1.5 (/opt/ros/humble/share/rosidl_generator_cpp/cmake)
[1.024s] -- Using all available rosidl_typesupport_c: rosidl_typesupport_fastrtps_c;rosidl_typesupport_introspection_c
[1.049s] -- Using all available rosidl_typesupport_cpp: rosidl_typesupport_fastrtps_cpp;rosidl_typesupport_introspection_cpp
[1.115s] -- Found rmw_implementation_cmake: 6.1.2 (/opt/ros/humble/share/rmw_implementation_cmake/cmake)
[1.119s] -- Found rmw_fastrtps_cpp: 6.2.6 (/opt/ros/humble/share/rmw_fastrtps_cpp/cmake)
[1.220s] -- Found OpenSSL: /usr/lib/x86_64-linux-gnu/libcrypto.so (found version "3.0.2")  
[1.248s] -- Found FastRTPS: /opt/ros/humble/include  
[1.294s] -- Using RMW implementation 'rmw_fastrtps_cpp' as default
[1.305s] -- Looking for pthread.h
[1.373s] -- Looking for pthread.h - found
[1.373s] -- Performing Test CMAKE_HAVE_LIBC_PTHREAD
[1.437s] -- Performing Test CMAKE_HAVE_LIBC_PTHREAD - Success
[1.438s] -- Found Threads: TRUE  
[1.566s] -- Found geometry_msgs: 4.2.4 (/opt/ros/humble/share/geometry_msgs/cmake)
[1.602s] -- Found nav_msgs: 4.2.4 (/opt/ros/humble/share/nav_msgs/cmake)
[1.667s] -- Found sensor_msgs: 4.2.4 (/opt/ros/humble/share/sensor_msgs/cmake)
[1.735s] -- Found tf2: 0.25.7 (/opt/ros/humble/share/tf2/cmake)
[1.751s] -- Found tf2_ros: 0.25.7 (/opt/ros/humble/share/tf2_ros/cmake)
[2.019s] -- Found nav2_bringup: 1.1.15 (/opt/ros/humble/share/nav2_bringup/cmake)
[2.070s] -- Configuring done
[2.075s] -- Generating done
[2.076s] -- Build files have been written to: /home/manya/uav_drone/build/uav_drone_simulation
[2.085s] Invoked command in '/home/manya/uav_drone/build/uav_drone_simulation' returned '0': /usr/bin/cmake /home/manya/uav_drone/uav_drone_simulation -DCMAKE_INSTALL_PREFIX=/home/manya/uav_drone/install/uav_drone_simulation
[2.086s] Invoking command in '/home/manya/uav_drone/build/uav_drone_simulation': /usr/bin/cmake --build /home/manya/uav_drone/build/uav_drone_simulation -- -j12 -l12
[2.123s] Invoked command in '/home/manya/uav_drone/build/uav_drone_simulation' returned '0': /usr/bin/cmake --build /home/manya/uav_drone/build/uav_drone_simulation -- -j12 -l12
[2.152s] Invoking command in '/home/manya/uav_drone/build/uav_drone_simulation': /usr/bin/cmake --install /home/manya/uav_drone/build/uav_drone_simulation
[2.158s] -- Install configuration: ""
[2.158s] -- Installing: /home/manya/uav_drone/install/uav_drone_simulation/share/uav_drone_simulation//launch
[2.158s] -- Installing: /home/manya/uav_drone/install/uav_drone_simulation/share/uav_drone_simulation//launch/autonomous_exploration.launch.py
[2.158s] -- Installing: /home/manya/uav_drone/install/uav_drone_simulation/share/uav_drone_simulation//launch/simulation.launch.py
[2.158s] [31mCMake Error at cmake_install.cmake:46 (file):
[2.159s]   file INSTALL cannot find
[2.159s]   "/home/manya/uav_drone/uav_drone_simulation/config": No such file or
[2.159s]   directory.
[2.159s] 
[2.159s] [0m
[2.160s] Invoked command in '/home/manya/uav_drone/build/uav_drone_simulation' returned '1': /usr/bin/cmake --install /home/manya/uav_drone/build/uav_drone_simulation
