[0.764s] Invoking command in '/home/manya/uav_drone/uav_drone_control': PYTHONPATH=/home/manya/uav_drone/build/uav_drone_control/prefix_override:/usr/lib/python3/dist-packages/colcon_core/task/python/colcon_distutils_commands:/home/manya/uav_drone/install/uav_drone_control/lib/python3.10/site-packages:${PYTHONPATH} /usr/bin/python3 -W ignore:setup.py install is deprecated setup.py egg_info --egg-base ../build/uav_drone_control build --build-base /home/manya/uav_drone/build/uav_drone_control/build install --record /home/manya/uav_drone/build/uav_drone_control/install.log --single-version-externally-managed install_data
[0.956s] running egg_info
[0.957s] writing ../build/uav_drone_control/uav_drone_control.egg-info/PKG-INFO
[0.957s] writing dependency_links to ../build/uav_drone_control/uav_drone_control.egg-info/dependency_links.txt
[0.957s] writing entry points to ../build/uav_drone_control/uav_drone_control.egg-info/entry_points.txt
[0.957s] writing requirements to ../build/uav_drone_control/uav_drone_control.egg-info/requires.txt
[0.957s] writing top-level names to ../build/uav_drone_control/uav_drone_control.egg-info/top_level.txt
[0.959s] reading manifest file '../build/uav_drone_control/uav_drone_control.egg-info/SOURCES.txt'
[0.959s] writing manifest file '../build/uav_drone_control/uav_drone_control.egg-info/SOURCES.txt'
[0.959s] running build
[0.959s] running build_py
[0.960s] running install
[0.960s] running install_lib
[0.961s] running install_data
[0.961s] running install_egg_info
[0.962s] removing '/home/manya/uav_drone/install/uav_drone_control/lib/python3.10/site-packages/uav_drone_control-0.0.0-py3.10.egg-info' (and everything under it)
[0.962s] Copying ../build/uav_drone_control/uav_drone_control.egg-info to /home/manya/uav_drone/install/uav_drone_control/lib/python3.10/site-packages/uav_drone_control-0.0.0-py3.10.egg-info
[0.963s] running install_scripts
[0.980s] Installing autonomous_explorer script to /home/manya/uav_drone/install/uav_drone_control/lib/uav_drone_control
[0.980s] Installing drone_position_control script to /home/manya/uav_drone/install/uav_drone_control/lib/uav_drone_control
[0.980s] Installing open_loop_control script to /home/manya/uav_drone/install/uav_drone_control/lib/uav_drone_control
[0.980s] Installing teleop script to /home/manya/uav_drone/install/uav_drone_control/lib/uav_drone_control
[0.980s] Installing teleop_joystick script to /home/manya/uav_drone/install/uav_drone_control/lib/uav_drone_control
[0.981s] writing list of installed files to '/home/manya/uav_drone/build/uav_drone_control/install.log'
[1.007s] Invoked command in '/home/manya/uav_drone/uav_drone_control' returned '0': PYTHONPATH=/home/manya/uav_drone/build/uav_drone_control/prefix_override:/usr/lib/python3/dist-packages/colcon_core/task/python/colcon_distutils_commands:/home/manya/uav_drone/install/uav_drone_control/lib/python3.10/site-packages:${PYTHONPATH} /usr/bin/python3 -W ignore:setup.py install is deprecated setup.py egg_info --egg-base ../build/uav_drone_control build --build-base /home/manya/uav_drone/build/uav_drone_control/build install --record /home/manya/uav_drone/build/uav_drone_control/install.log --single-version-externally-managed install_data
