[0.411s] Invoking command in '/home/manya/uav_drone/build/uav_drone_simulation': CMAKE_PREFIX_PATH=${CMAKE_PREFIX_PATH}:/home/manya/uav_drone/install/uav_drone_control:/home/manya/uav_drone/install/uav_drone_bringup /usr/bin/cmake --build /home/manya/uav_drone/build/uav_drone_simulation -- -j12 -l12
[0.451s] Invoked command in '/home/manya/uav_drone/build/uav_drone_simulation' returned '0': CMAKE_PREFIX_PATH=${CMAKE_PREFIX_PATH}:/home/manya/uav_drone/install/uav_drone_control:/home/manya/uav_drone/install/uav_drone_bringup /usr/bin/cmake --build /home/manya/uav_drone/build/uav_drone_simulation -- -j12 -l12
[0.483s] Invoking command in '/home/manya/uav_drone/build/uav_drone_simulation': CMAKE_PREFIX_PATH=${CMAKE_PREFIX_PATH}:/home/manya/uav_drone/install/uav_drone_control:/home/manya/uav_drone/install/uav_drone_bringup /usr/bin/cmake --install /home/manya/uav_drone/build/uav_drone_simulation
[0.490s] -- Install configuration: ""
[0.490s] -- Up-to-date: /home/manya/uav_drone/install/uav_drone_simulation/share/uav_drone_simulation//launch
[0.490s] -- Up-to-date: /home/manya/uav_drone/install/uav_drone_simulation/share/uav_drone_simulation//launch/autonomous_exploration.launch.py
[0.490s] -- Up-to-date: /home/manya/uav_drone/install/uav_drone_simulation/share/uav_drone_simulation//launch/simulation.launch.py
[0.490s] -- Up-to-date: /home/manya/uav_drone/install/uav_drone_simulation/share/ament_index/resource_index/package_run_dependencies/uav_drone_simulation
[0.490s] -- Up-to-date: /home/manya/uav_drone/install/uav_drone_simulation/share/ament_index/resource_index/parent_prefix_path/uav_drone_simulation
[0.491s] -- Up-to-date: /home/manya/uav_drone/install/uav_drone_simulation/share/uav_drone_simulation/environment/ament_prefix_path.sh
[0.491s] -- Up-to-date: /home/manya/uav_drone/install/uav_drone_simulation/share/uav_drone_simulation/environment/ament_prefix_path.dsv
[0.491s] -- Up-to-date: /home/manya/uav_drone/install/uav_drone_simulation/share/uav_drone_simulation/environment/path.sh
[0.491s] -- Up-to-date: /home/manya/uav_drone/install/uav_drone_simulation/share/uav_drone_simulation/environment/path.dsv
[0.491s] -- Up-to-date: /home/manya/uav_drone/install/uav_drone_simulation/share/uav_drone_simulation/local_setup.bash
[0.491s] -- Up-to-date: /home/manya/uav_drone/install/uav_drone_simulation/share/uav_drone_simulation/local_setup.sh
[0.491s] -- Up-to-date: /home/manya/uav_drone/install/uav_drone_simulation/share/uav_drone_simulation/local_setup.zsh
[0.491s] -- Up-to-date: /home/manya/uav_drone/install/uav_drone_simulation/share/uav_drone_simulation/local_setup.dsv
[0.491s] -- Installing: /home/manya/uav_drone/install/uav_drone_simulation/share/uav_drone_simulation/package.dsv
[0.491s] -- Up-to-date: /home/manya/uav_drone/install/uav_drone_simulation/share/ament_index/resource_index/packages/uav_drone_simulation
[0.491s] -- Up-to-date: /home/manya/uav_drone/install/uav_drone_simulation/share/uav_drone_simulation/cmake/uav_drone_simulationConfig.cmake
[0.491s] -- Up-to-date: /home/manya/uav_drone/install/uav_drone_simulation/share/uav_drone_simulation/cmake/uav_drone_simulationConfig-version.cmake
[0.491s] -- Up-to-date: /home/manya/uav_drone/install/uav_drone_simulation/share/uav_drone_simulation/package.xml
[0.493s] Invoked command in '/home/manya/uav_drone/build/uav_drone_simulation' returned '0': CMAKE_PREFIX_PATH=${CMAKE_PREFIX_PATH}:/home/manya/uav_drone/install/uav_drone_control:/home/manya/uav_drone/install/uav_drone_bringup /usr/bin/cmake --install /home/manya/uav_drone/build/uav_drone_simulation
