running egg_info
writing ../build/uav_drone_control/uav_drone_control.egg-info/PKG-INFO
writing dependency_links to ../build/uav_drone_control/uav_drone_control.egg-info/dependency_links.txt
writing entry points to ../build/uav_drone_control/uav_drone_control.egg-info/entry_points.txt
writing requirements to ../build/uav_drone_control/uav_drone_control.egg-info/requires.txt
writing top-level names to ../build/uav_drone_control/uav_drone_control.egg-info/top_level.txt
reading manifest file '../build/uav_drone_control/uav_drone_control.egg-info/SOURCES.txt'
writing manifest file '../build/uav_drone_control/uav_drone_control.egg-info/SOURCES.txt'
running build
running build_py
running install
running install_lib
running install_data
running install_egg_info
removing '/home/manya/uav_drone/install/uav_drone_control/lib/python3.10/site-packages/uav_drone_control-0.0.0-py3.10.egg-info' (and everything under it)
Copying ../build/uav_drone_control/uav_drone_control.egg-info to /home/manya/uav_drone/install/uav_drone_control/lib/python3.10/site-packages/uav_drone_control-0.0.0-py3.10.egg-info
running install_scripts
Installing autonomous_explorer script to /home/manya/uav_drone/install/uav_drone_control/lib/uav_drone_control
Installing drone_position_control script to /home/manya/uav_drone/install/uav_drone_control/lib/uav_drone_control
Installing open_loop_control script to /home/manya/uav_drone/install/uav_drone_control/lib/uav_drone_control
Installing teleop script to /home/manya/uav_drone/install/uav_drone_control/lib/uav_drone_control
Installing teleop_joystick script to /home/manya/uav_drone/install/uav_drone_control/lib/uav_drone_control
writing list of installed files to '/home/manya/uav_drone/build/uav_drone_control/install.log'
