running egg_info
creating ../build/uav_drone_control/uav_drone_control.egg-info
writing ../build/uav_drone_control/uav_drone_control.egg-info/PKG-INFO
writing dependency_links to ../build/uav_drone_control/uav_drone_control.egg-info/dependency_links.txt
writing entry points to ../build/uav_drone_control/uav_drone_control.egg-info/entry_points.txt
writing requirements to ../build/uav_drone_control/uav_drone_control.egg-info/requires.txt
writing top-level names to ../build/uav_drone_control/uav_drone_control.egg-info/top_level.txt
writing manifest file '../build/uav_drone_control/uav_drone_control.egg-info/SOURCES.txt'
reading manifest file '../build/uav_drone_control/uav_drone_control.egg-info/SOURCES.txt'
writing manifest file '../build/uav_drone_control/uav_drone_control.egg-info/SOURCES.txt'
running build
running build_py
creating /home/manya/uav_drone/build/uav_drone_control/build
creating /home/manya/uav_drone/build/uav_drone_control/build/lib
creating /home/manya/uav_drone/build/uav_drone_control/build/lib/uav_drone_control
copying uav_drone_control/drone_position_control.py -> /home/manya/uav_drone/build/uav_drone_control/build/lib/uav_drone_control
copying uav_drone_control/__init__.py -> /home/manya/uav_drone/build/uav_drone_control/build/lib/uav_drone_control
copying uav_drone_control/teleop_joystick.py -> /home/manya/uav_drone/build/uav_drone_control/build/lib/uav_drone_control
copying uav_drone_control/open_loop_control.py -> /home/manya/uav_drone/build/uav_drone_control/build/lib/uav_drone_control
copying uav_drone_control/autonomous_explorer.py -> /home/manya/uav_drone/build/uav_drone_control/build/lib/uav_drone_control
copying uav_drone_control/teleop.py -> /home/manya/uav_drone/build/uav_drone_control/build/lib/uav_drone_control
running install
running install_lib
creating /home/manya/uav_drone/install/uav_drone_control/lib/python3.10/site-packages/uav_drone_control
copying /home/manya/uav_drone/build/uav_drone_control/build/lib/uav_drone_control/drone_position_control.py -> /home/manya/uav_drone/install/uav_drone_control/lib/python3.10/site-packages/uav_drone_control
copying /home/manya/uav_drone/build/uav_drone_control/build/lib/uav_drone_control/__init__.py -> /home/manya/uav_drone/install/uav_drone_control/lib/python3.10/site-packages/uav_drone_control
copying /home/manya/uav_drone/build/uav_drone_control/build/lib/uav_drone_control/teleop_joystick.py -> /home/manya/uav_drone/install/uav_drone_control/lib/python3.10/site-packages/uav_drone_control
copying /home/manya/uav_drone/build/uav_drone_control/build/lib/uav_drone_control/open_loop_control.py -> /home/manya/uav_drone/install/uav_drone_control/lib/python3.10/site-packages/uav_drone_control
copying /home/manya/uav_drone/build/uav_drone_control/build/lib/uav_drone_control/autonomous_explorer.py -> /home/manya/uav_drone/install/uav_drone_control/lib/python3.10/site-packages/uav_drone_control
copying /home/manya/uav_drone/build/uav_drone_control/build/lib/uav_drone_control/teleop.py -> /home/manya/uav_drone/install/uav_drone_control/lib/python3.10/site-packages/uav_drone_control
byte-compiling /home/manya/uav_drone/install/uav_drone_control/lib/python3.10/site-packages/uav_drone_control/drone_position_control.py to drone_position_control.cpython-310.pyc
byte-compiling /home/manya/uav_drone/install/uav_drone_control/lib/python3.10/site-packages/uav_drone_control/__init__.py to __init__.cpython-310.pyc
byte-compiling /home/manya/uav_drone/install/uav_drone_control/lib/python3.10/site-packages/uav_drone_control/teleop_joystick.py to teleop_joystick.cpython-310.pyc
byte-compiling /home/manya/uav_drone/install/uav_drone_control/lib/python3.10/site-packages/uav_drone_control/open_loop_control.py to open_loop_control.cpython-310.pyc
byte-compiling /home/manya/uav_drone/install/uav_drone_control/lib/python3.10/site-packages/uav_drone_control/autonomous_explorer.py to autonomous_explorer.cpython-310.pyc
byte-compiling /home/manya/uav_drone/install/uav_drone_control/lib/python3.10/site-packages/uav_drone_control/teleop.py to teleop.cpython-310.pyc
running install_data
creating /home/manya/uav_drone/install/uav_drone_control/share/ament_index
creating /home/manya/uav_drone/install/uav_drone_control/share/ament_index/resource_index
creating /home/manya/uav_drone/install/uav_drone_control/share/ament_index/resource_index/packages
copying resource/uav_drone_control -> /home/manya/uav_drone/install/uav_drone_control/share/ament_index/resource_index/packages
copying package.xml -> /home/manya/uav_drone/install/uav_drone_control/share/uav_drone_control
running install_egg_info
Copying ../build/uav_drone_control/uav_drone_control.egg-info to /home/manya/uav_drone/install/uav_drone_control/lib/python3.10/site-packages/uav_drone_control-0.0.0-py3.10.egg-info
running install_scripts
Installing autonomous_explorer script to /home/manya/uav_drone/install/uav_drone_control/lib/uav_drone_control
Installing drone_position_control script to /home/manya/uav_drone/install/uav_drone_control/lib/uav_drone_control
Installing open_loop_control script to /home/manya/uav_drone/install/uav_drone_control/lib/uav_drone_control
Installing teleop script to /home/manya/uav_drone/install/uav_drone_control/lib/uav_drone_control
Installing teleop_joystick script to /home/manya/uav_drone/install/uav_drone_control/lib/uav_drone_control
writing list of installed files to '/home/manya/uav_drone/build/uav_drone_control/install.log'
