[0.080s] DEBUG:colcon:Command line arguments: ['/usr/bin/colcon', 'build']
[0.081s] DEBUG:colcon:Parsed command line arguments: Namespace(log_base=None, log_level=None, verb_name='build', build_base='build', install_base='install', merge_install=False, symlink_install=False, test_result_base=None, continue_on_error=False, executor='parallel', parallel_workers=12, event_handlers=None, ignore_user_meta=False, metas=['./colcon.meta'], base_paths=['.'], packages_ignore=None, packages_ignore_regex=None, paths=None, packages_up_to=None, packages_up_to_regex=None, packages_above=None, packages_above_and_dependencies=None, packages_above_depth=None, packages_select_by_dep=None, packages_skip_by_dep=None, packages_skip_up_to=None, packages_select_build_failed=False, packages_skip_build_finished=False, packages_select_test_failures=False, packages_skip_test_passed=False, packages_select=None, packages_skip=None, packages_select_regex=None, packages_skip_regex=None, packages_start=None, packages_end=None, allow_overriding=[], cmake_args=None, cmake_target=None, cmake_target_skip_unavailable=False, cmake_clean_cache=False, cmake_clean_first=False, cmake_force_configure=False, ament_cmake_args=None, catkin_cmake_args=None, catkin_skip_building_tests=False, verb_parser=<colcon_defaults.argument_parser.defaults.DefaultArgumentsDecorator object at 0x784d13851a80>, verb_extension=<colcon_core.verb.build.BuildVerb object at 0x784d13850c40>, main=<bound method BuildVerb.main of <colcon_core.verb.build.BuildVerb object at 0x784d13850c40>>)
[0.212s] Level 1:colcon.colcon_core.package_discovery:discover_packages(colcon_meta) check parameters
[0.213s] Level 1:colcon.colcon_core.package_discovery:discover_packages(recursive) check parameters
[0.213s] Level 1:colcon.colcon_core.package_discovery:discover_packages(ignore) check parameters
[0.213s] Level 1:colcon.colcon_core.package_discovery:discover_packages(path) check parameters
[0.213s] Level 1:colcon.colcon_core.package_discovery:discover_packages(colcon_meta) discover
[0.213s] Level 1:colcon.colcon_core.package_discovery:discover_packages(recursive) discover
[0.213s] INFO:colcon.colcon_core.package_discovery:Crawling recursively for packages in '/home/manya/uav_drone'
[0.213s] Level 1:colcon.colcon_core.package_identification:_identify(.) by extensions ['ignore', 'ignore_ament_install']
[0.213s] Level 1:colcon.colcon_core.package_identification:_identify(.) by extension 'ignore'
[0.213s] Level 1:colcon.colcon_core.package_identification:_identify(.) by extension 'ignore_ament_install'
[0.213s] Level 1:colcon.colcon_core.package_identification:_identify(.) by extensions ['colcon_pkg']
[0.213s] Level 1:colcon.colcon_core.package_identification:_identify(.) by extension 'colcon_pkg'
[0.213s] Level 1:colcon.colcon_core.package_identification:_identify(.) by extensions ['colcon_meta']
[0.213s] Level 1:colcon.colcon_core.package_identification:_identify(.) by extension 'colcon_meta'
[0.213s] Level 1:colcon.colcon_core.package_identification:_identify(.) by extensions ['ros']
[0.213s] Level 1:colcon.colcon_core.package_identification:_identify(.) by extension 'ros'
[0.221s] Level 1:colcon.colcon_core.package_identification:_identify(.) by extensions ['cmake', 'python']
[0.221s] Level 1:colcon.colcon_core.package_identification:_identify(.) by extension 'cmake'
[0.221s] Level 1:colcon.colcon_core.package_identification:_identify(.) by extension 'python'
[0.221s] Level 1:colcon.colcon_core.package_identification:_identify(.) by extensions ['python_setup_py']
[0.221s] Level 1:colcon.colcon_core.package_identification:_identify(.) by extension 'python_setup_py'
[0.221s] Level 1:colcon.colcon_core.package_identification:_identify(build) by extensions ['ignore', 'ignore_ament_install']
[0.221s] Level 1:colcon.colcon_core.package_identification:_identify(build) by extension 'ignore'
[0.221s] Level 1:colcon.colcon_core.package_identification:_identify(build) ignored
[0.221s] Level 1:colcon.colcon_core.package_identification:_identify(install) by extensions ['ignore', 'ignore_ament_install']
[0.222s] Level 1:colcon.colcon_core.package_identification:_identify(install) by extension 'ignore'
[0.222s] Level 1:colcon.colcon_core.package_identification:_identify(install) ignored
[0.222s] Level 1:colcon.colcon_core.package_identification:_identify(log) by extensions ['ignore', 'ignore_ament_install']
[0.222s] Level 1:colcon.colcon_core.package_identification:_identify(log) by extension 'ignore'
[0.222s] Level 1:colcon.colcon_core.package_identification:_identify(log) ignored
[0.222s] Level 1:colcon.colcon_core.package_identification:_identify(uav_drone_bringup) by extensions ['ignore', 'ignore_ament_install']
[0.222s] Level 1:colcon.colcon_core.package_identification:_identify(uav_drone_bringup) by extension 'ignore'
[0.222s] Level 1:colcon.colcon_core.package_identification:_identify(uav_drone_bringup) by extension 'ignore_ament_install'
[0.222s] Level 1:colcon.colcon_core.package_identification:_identify(uav_drone_bringup) by extensions ['colcon_pkg']
[0.222s] Level 1:colcon.colcon_core.package_identification:_identify(uav_drone_bringup) by extension 'colcon_pkg'
[0.222s] Level 1:colcon.colcon_core.package_identification:_identify(uav_drone_bringup) by extensions ['colcon_meta']
[0.222s] Level 1:colcon.colcon_core.package_identification:_identify(uav_drone_bringup) by extension 'colcon_meta'
[0.222s] Level 1:colcon.colcon_core.package_identification:_identify(uav_drone_bringup) by extensions ['ros']
[0.222s] Level 1:colcon.colcon_core.package_identification:_identify(uav_drone_bringup) by extension 'ros'
[0.224s] DEBUG:colcon.colcon_core.package_identification:Package 'uav_drone_bringup' with type 'ros.ament_python' and name 'uav_drone_bringup'
[0.224s] Level 1:colcon.colcon_core.package_identification:_identify(uav_drone_control) by extensions ['ignore', 'ignore_ament_install']
[0.224s] Level 1:colcon.colcon_core.package_identification:_identify(uav_drone_control) by extension 'ignore'
[0.224s] Level 1:colcon.colcon_core.package_identification:_identify(uav_drone_control) by extension 'ignore_ament_install'
[0.224s] Level 1:colcon.colcon_core.package_identification:_identify(uav_drone_control) by extensions ['colcon_pkg']
[0.224s] Level 1:colcon.colcon_core.package_identification:_identify(uav_drone_control) by extension 'colcon_pkg'
[0.224s] Level 1:colcon.colcon_core.package_identification:_identify(uav_drone_control) by extensions ['colcon_meta']
[0.224s] Level 1:colcon.colcon_core.package_identification:_identify(uav_drone_control) by extension 'colcon_meta'
[0.224s] Level 1:colcon.colcon_core.package_identification:_identify(uav_drone_control) by extensions ['ros']
[0.224s] Level 1:colcon.colcon_core.package_identification:_identify(uav_drone_control) by extension 'ros'
[0.225s] DEBUG:colcon.colcon_core.package_identification:Package 'uav_drone_control' with type 'ros.ament_python' and name 'uav_drone_control'
[0.225s] Level 1:colcon.colcon_core.package_identification:_identify(uav_drone_description) by extensions ['ignore', 'ignore_ament_install']
[0.225s] Level 1:colcon.colcon_core.package_identification:_identify(uav_drone_description) by extension 'ignore'
[0.225s] Level 1:colcon.colcon_core.package_identification:_identify(uav_drone_description) by extension 'ignore_ament_install'
[0.225s] Level 1:colcon.colcon_core.package_identification:_identify(uav_drone_description) by extensions ['colcon_pkg']
[0.225s] Level 1:colcon.colcon_core.package_identification:_identify(uav_drone_description) by extension 'colcon_pkg'
[0.225s] Level 1:colcon.colcon_core.package_identification:_identify(uav_drone_description) by extensions ['colcon_meta']
[0.225s] Level 1:colcon.colcon_core.package_identification:_identify(uav_drone_description) by extension 'colcon_meta'
[0.225s] Level 1:colcon.colcon_core.package_identification:_identify(uav_drone_description) by extensions ['ros']
[0.225s] Level 1:colcon.colcon_core.package_identification:_identify(uav_drone_description) by extension 'ros'
[0.226s] DEBUG:colcon.colcon_core.package_identification:Package 'uav_drone_description' with type 'ros.ament_cmake' and name 'uav_drone_description'
[0.226s] Level 1:colcon.colcon_core.package_identification:_identify(uav_drone_simulation) by extensions ['ignore', 'ignore_ament_install']
[0.226s] Level 1:colcon.colcon_core.package_identification:_identify(uav_drone_simulation) by extension 'ignore'
[0.226s] Level 1:colcon.colcon_core.package_identification:_identify(uav_drone_simulation) by extension 'ignore_ament_install'
[0.226s] Level 1:colcon.colcon_core.package_identification:_identify(uav_drone_simulation) by extensions ['colcon_pkg']
[0.226s] Level 1:colcon.colcon_core.package_identification:_identify(uav_drone_simulation) by extension 'colcon_pkg'
[0.226s] Level 1:colcon.colcon_core.package_identification:_identify(uav_drone_simulation) by extensions ['colcon_meta']
[0.226s] Level 1:colcon.colcon_core.package_identification:_identify(uav_drone_simulation) by extension 'colcon_meta'
[0.226s] Level 1:colcon.colcon_core.package_identification:_identify(uav_drone_simulation) by extensions ['ros']
[0.226s] Level 1:colcon.colcon_core.package_identification:_identify(uav_drone_simulation) by extension 'ros'
[0.227s] DEBUG:colcon.colcon_core.package_identification:Package 'uav_drone_simulation' with type 'ros.ament_cmake' and name 'uav_drone_simulation'
[0.227s] Level 1:colcon.colcon_core.package_discovery:discover_packages(recursive) using defaults
[0.227s] Level 1:colcon.colcon_core.package_discovery:discover_packages(ignore) discover
[0.227s] Level 1:colcon.colcon_core.package_discovery:discover_packages(ignore) using defaults
[0.227s] Level 1:colcon.colcon_core.package_discovery:discover_packages(path) discover
[0.227s] Level 1:colcon.colcon_core.package_discovery:discover_packages(path) using defaults
[0.241s] Level 1:colcon.colcon_core.package_discovery:discover_packages(prefix_path) check parameters
[0.241s] Level 1:colcon.colcon_core.package_discovery:discover_packages(prefix_path) discover
[0.243s] DEBUG:colcon.colcon_installed_package_information.package_discovery:Found 4 installed packages in /home/manya/uav_drone/install
[0.244s] DEBUG:colcon.colcon_installed_package_information.package_discovery:Found 423 installed packages in /opt/ros/humble
[0.256s] Level 1:colcon.colcon_core.package_discovery:discover_packages(prefix_path) using defaults
[0.292s] Level 5:colcon.colcon_core.verb:set package 'uav_drone_bringup' build argument 'cmake_args' from command line to 'None'
[0.293s] Level 5:colcon.colcon_core.verb:set package 'uav_drone_bringup' build argument 'cmake_target' from command line to 'None'
[0.293s] Level 5:colcon.colcon_core.verb:set package 'uav_drone_bringup' build argument 'cmake_target_skip_unavailable' from command line to 'False'
[0.293s] Level 5:colcon.colcon_core.verb:set package 'uav_drone_bringup' build argument 'cmake_clean_cache' from command line to 'False'
[0.293s] Level 5:colcon.colcon_core.verb:set package 'uav_drone_bringup' build argument 'cmake_clean_first' from command line to 'False'
[0.293s] Level 5:colcon.colcon_core.verb:set package 'uav_drone_bringup' build argument 'cmake_force_configure' from command line to 'False'
[0.293s] Level 5:colcon.colcon_core.verb:set package 'uav_drone_bringup' build argument 'ament_cmake_args' from command line to 'None'
[0.293s] Level 5:colcon.colcon_core.verb:set package 'uav_drone_bringup' build argument 'catkin_cmake_args' from command line to 'None'
[0.293s] Level 5:colcon.colcon_core.verb:set package 'uav_drone_bringup' build argument 'catkin_skip_building_tests' from command line to 'False'
[0.293s] DEBUG:colcon.colcon_core.verb:Building package 'uav_drone_bringup' with the following arguments: {'ament_cmake_args': None, 'build_base': '/home/manya/uav_drone/build/uav_drone_bringup', 'catkin_cmake_args': None, 'catkin_skip_building_tests': False, 'cmake_args': None, 'cmake_clean_cache': False, 'cmake_clean_first': False, 'cmake_force_configure': False, 'cmake_target': None, 'cmake_target_skip_unavailable': False, 'install_base': '/home/manya/uav_drone/install/uav_drone_bringup', 'merge_install': False, 'path': '/home/manya/uav_drone/uav_drone_bringup', 'symlink_install': False, 'test_result_base': None}
[0.293s] Level 5:colcon.colcon_core.verb:set package 'uav_drone_control' build argument 'cmake_args' from command line to 'None'
[0.293s] Level 5:colcon.colcon_core.verb:set package 'uav_drone_control' build argument 'cmake_target' from command line to 'None'
[0.293s] Level 5:colcon.colcon_core.verb:set package 'uav_drone_control' build argument 'cmake_target_skip_unavailable' from command line to 'False'
[0.293s] Level 5:colcon.colcon_core.verb:set package 'uav_drone_control' build argument 'cmake_clean_cache' from command line to 'False'
[0.293s] Level 5:colcon.colcon_core.verb:set package 'uav_drone_control' build argument 'cmake_clean_first' from command line to 'False'
[0.293s] Level 5:colcon.colcon_core.verb:set package 'uav_drone_control' build argument 'cmake_force_configure' from command line to 'False'
[0.293s] Level 5:colcon.colcon_core.verb:set package 'uav_drone_control' build argument 'ament_cmake_args' from command line to 'None'
[0.293s] Level 5:colcon.colcon_core.verb:set package 'uav_drone_control' build argument 'catkin_cmake_args' from command line to 'None'
[0.293s] Level 5:colcon.colcon_core.verb:set package 'uav_drone_control' build argument 'catkin_skip_building_tests' from command line to 'False'
[0.293s] DEBUG:colcon.colcon_core.verb:Building package 'uav_drone_control' with the following arguments: {'ament_cmake_args': None, 'build_base': '/home/manya/uav_drone/build/uav_drone_control', 'catkin_cmake_args': None, 'catkin_skip_building_tests': False, 'cmake_args': None, 'cmake_clean_cache': False, 'cmake_clean_first': False, 'cmake_force_configure': False, 'cmake_target': None, 'cmake_target_skip_unavailable': False, 'install_base': '/home/manya/uav_drone/install/uav_drone_control', 'merge_install': False, 'path': '/home/manya/uav_drone/uav_drone_control', 'symlink_install': False, 'test_result_base': None}
[0.293s] Level 5:colcon.colcon_core.verb:set package 'uav_drone_description' build argument 'cmake_args' from command line to 'None'
[0.293s] Level 5:colcon.colcon_core.verb:set package 'uav_drone_description' build argument 'cmake_target' from command line to 'None'
[0.293s] Level 5:colcon.colcon_core.verb:set package 'uav_drone_description' build argument 'cmake_target_skip_unavailable' from command line to 'False'
[0.293s] Level 5:colcon.colcon_core.verb:set package 'uav_drone_description' build argument 'cmake_clean_cache' from command line to 'False'
[0.293s] Level 5:colcon.colcon_core.verb:set package 'uav_drone_description' build argument 'cmake_clean_first' from command line to 'False'
[0.293s] Level 5:colcon.colcon_core.verb:set package 'uav_drone_description' build argument 'cmake_force_configure' from command line to 'False'
[0.293s] Level 5:colcon.colcon_core.verb:set package 'uav_drone_description' build argument 'ament_cmake_args' from command line to 'None'
[0.293s] Level 5:colcon.colcon_core.verb:set package 'uav_drone_description' build argument 'catkin_cmake_args' from command line to 'None'
[0.294s] Level 5:colcon.colcon_core.verb:set package 'uav_drone_description' build argument 'catkin_skip_building_tests' from command line to 'False'
[0.294s] DEBUG:colcon.colcon_core.verb:Building package 'uav_drone_description' with the following arguments: {'ament_cmake_args': None, 'build_base': '/home/manya/uav_drone/build/uav_drone_description', 'catkin_cmake_args': None, 'catkin_skip_building_tests': False, 'cmake_args': None, 'cmake_clean_cache': False, 'cmake_clean_first': False, 'cmake_force_configure': False, 'cmake_target': None, 'cmake_target_skip_unavailable': False, 'install_base': '/home/manya/uav_drone/install/uav_drone_description', 'merge_install': False, 'path': '/home/manya/uav_drone/uav_drone_description', 'symlink_install': False, 'test_result_base': None}
[0.294s] Level 5:colcon.colcon_core.verb:set package 'uav_drone_simulation' build argument 'cmake_args' from command line to 'None'
[0.294s] Level 5:colcon.colcon_core.verb:set package 'uav_drone_simulation' build argument 'cmake_target' from command line to 'None'
[0.294s] Level 5:colcon.colcon_core.verb:set package 'uav_drone_simulation' build argument 'cmake_target_skip_unavailable' from command line to 'False'
[0.294s] Level 5:colcon.colcon_core.verb:set package 'uav_drone_simulation' build argument 'cmake_clean_cache' from command line to 'False'
[0.294s] Level 5:colcon.colcon_core.verb:set package 'uav_drone_simulation' build argument 'cmake_clean_first' from command line to 'False'
[0.294s] Level 5:colcon.colcon_core.verb:set package 'uav_drone_simulation' build argument 'cmake_force_configure' from command line to 'False'
[0.294s] Level 5:colcon.colcon_core.verb:set package 'uav_drone_simulation' build argument 'ament_cmake_args' from command line to 'None'
[0.294s] Level 5:colcon.colcon_core.verb:set package 'uav_drone_simulation' build argument 'catkin_cmake_args' from command line to 'None'
[0.294s] Level 5:colcon.colcon_core.verb:set package 'uav_drone_simulation' build argument 'catkin_skip_building_tests' from command line to 'False'
[0.294s] DEBUG:colcon.colcon_core.verb:Building package 'uav_drone_simulation' with the following arguments: {'ament_cmake_args': None, 'build_base': '/home/manya/uav_drone/build/uav_drone_simulation', 'catkin_cmake_args': None, 'catkin_skip_building_tests': False, 'cmake_args': None, 'cmake_clean_cache': False, 'cmake_clean_first': False, 'cmake_force_configure': False, 'cmake_target': None, 'cmake_target_skip_unavailable': False, 'install_base': '/home/manya/uav_drone/install/uav_drone_simulation', 'merge_install': False, 'path': '/home/manya/uav_drone/uav_drone_simulation', 'symlink_install': False, 'test_result_base': None}
[0.294s] INFO:colcon.colcon_core.executor:Executing jobs using 'parallel' executor
[0.295s] DEBUG:colcon.colcon_parallel_executor.executor.parallel:run_until_complete
[0.295s] INFO:colcon.colcon_ros.task.ament_python.build:Building ROS package in '/home/manya/uav_drone/uav_drone_bringup' with build type 'ament_python'
[0.296s] Level 1:colcon.colcon_core.shell:create_environment_hook('uav_drone_bringup', 'ament_prefix_path')
[0.297s] INFO:colcon.colcon_core.plugin_system:Skipping extension 'colcon_core.shell.bat': Not used on non-Windows systems
[0.297s] INFO:colcon.colcon_core.shell:Creating environment hook '/home/manya/uav_drone/install/uav_drone_bringup/share/uav_drone_bringup/hook/ament_prefix_path.ps1'
[0.298s] INFO:colcon.colcon_core.shell:Creating environment descriptor '/home/manya/uav_drone/install/uav_drone_bringup/share/uav_drone_bringup/hook/ament_prefix_path.dsv'
[0.298s] INFO:colcon.colcon_core.shell:Creating environment hook '/home/manya/uav_drone/install/uav_drone_bringup/share/uav_drone_bringup/hook/ament_prefix_path.sh'
[0.298s] INFO:colcon.colcon_core.shell:Skip shell extension 'powershell' for command environment: Not usable outside of PowerShell
[0.298s] DEBUG:colcon.colcon_core.shell:Skip shell extension 'dsv' for command environment
[0.302s] INFO:colcon.colcon_ros.task.ament_python.build:Building ROS package in '/home/manya/uav_drone/uav_drone_control' with build type 'ament_python'
[0.302s] Level 1:colcon.colcon_core.shell:create_environment_hook('uav_drone_control', 'ament_prefix_path')
[0.302s] INFO:colcon.colcon_core.shell:Creating environment hook '/home/manya/uav_drone/install/uav_drone_control/share/uav_drone_control/hook/ament_prefix_path.ps1'
[0.302s] INFO:colcon.colcon_core.shell:Creating environment descriptor '/home/manya/uav_drone/install/uav_drone_control/share/uav_drone_control/hook/ament_prefix_path.dsv'
[0.303s] INFO:colcon.colcon_core.shell:Creating environment hook '/home/manya/uav_drone/install/uav_drone_control/share/uav_drone_control/hook/ament_prefix_path.sh'
[0.303s] INFO:colcon.colcon_core.shell:Skip shell extension 'powershell' for command environment: Not usable outside of PowerShell
[0.303s] DEBUG:colcon.colcon_core.shell:Skip shell extension 'dsv' for command environment
[0.306s] INFO:colcon.colcon_ros.task.ament_cmake.build:Building ROS package in '/home/manya/uav_drone/uav_drone_description' with build type 'ament_cmake'
[0.306s] INFO:colcon.colcon_cmake.task.cmake.build:Building CMake package in '/home/manya/uav_drone/uav_drone_description'
[0.306s] INFO:colcon.colcon_core.shell:Skip shell extension 'powershell' for command environment: Not usable outside of PowerShell
[0.306s] DEBUG:colcon.colcon_core.shell:Skip shell extension 'dsv' for command environment
[0.309s] INFO:colcon.colcon_ros.task.ament_cmake.build:Building ROS package in '/home/manya/uav_drone/uav_drone_simulation' with build type 'ament_cmake'
[0.309s] INFO:colcon.colcon_cmake.task.cmake.build:Building CMake package in '/home/manya/uav_drone/uav_drone_simulation'
[0.309s] INFO:colcon.colcon_core.shell:Skip shell extension 'powershell' for command environment: Not usable outside of PowerShell
[0.309s] DEBUG:colcon.colcon_core.shell:Skip shell extension 'dsv' for command environment
[0.511s] WARNING:colcon.colcon_ros.task.ament_python.build:Package 'uav_drone_bringup' doesn't explicitly install a marker in the package index (colcon-ros currently does it implicitly but that fallback will be removed in the future)
[0.512s] INFO:colcon.colcon_core.task.python.build:Building Python package in '/home/manya/uav_drone/uav_drone_bringup'
[0.512s] INFO:colcon.colcon_core.shell:Skip shell extension 'powershell' for command environment: Not usable outside of PowerShell
[0.512s] DEBUG:colcon.colcon_core.shell:Skip shell extension 'dsv' for command environment
[0.716s] INFO:colcon.colcon_core.task.python.build:Building Python package in '/home/manya/uav_drone/uav_drone_control'
[0.716s] INFO:colcon.colcon_core.shell:Skip shell extension 'powershell' for command environment: Not usable outside of PowerShell
[0.716s] DEBUG:colcon.colcon_core.shell:Skip shell extension 'dsv' for command environment
[0.723s] DEBUG:colcon.colcon_core.event_handler.log_command:Invoking command in '/home/manya/uav_drone/build/uav_drone_description': CMAKE_PREFIX_PATH=${CMAKE_PREFIX_PATH}:/home/manya/uav_drone/install/uav_drone_control:/home/manya/uav_drone/install/uav_drone_bringup /usr/bin/cmake --build /home/manya/uav_drone/build/uav_drone_description -- -j12 -l12
[0.727s] DEBUG:colcon.colcon_core.event_handler.log_command:Invoking command in '/home/manya/uav_drone/build/uav_drone_simulation': CMAKE_PREFIX_PATH=${CMAKE_PREFIX_PATH}:/home/manya/uav_drone/install/uav_drone_control:/home/manya/uav_drone/install/uav_drone_bringup /usr/bin/cmake --build /home/manya/uav_drone/build/uav_drone_simulation -- -j12 -l12
[0.767s] DEBUG:colcon.colcon_core.event_handler.log_command:Invoked command in '/home/manya/uav_drone/build/uav_drone_simulation' returned '0': CMAKE_PREFIX_PATH=${CMAKE_PREFIX_PATH}:/home/manya/uav_drone/install/uav_drone_control:/home/manya/uav_drone/install/uav_drone_bringup /usr/bin/cmake --build /home/manya/uav_drone/build/uav_drone_simulation -- -j12 -l12
[0.799s] DEBUG:colcon.colcon_core.event_handler.log_command:Invoking command in '/home/manya/uav_drone/build/uav_drone_simulation': CMAKE_PREFIX_PATH=${CMAKE_PREFIX_PATH}:/home/manya/uav_drone/install/uav_drone_control:/home/manya/uav_drone/install/uav_drone_bringup /usr/bin/cmake --install /home/manya/uav_drone/build/uav_drone_simulation
[0.808s] Level 1:colcon.colcon_core.environment:create_environment_scripts_only(uav_drone_simulation)
[0.808s] DEBUG:colcon.colcon_core.event_handler.log_command:Invoked command in '/home/manya/uav_drone/build/uav_drone_simulation' returned '0': CMAKE_PREFIX_PATH=${CMAKE_PREFIX_PATH}:/home/manya/uav_drone/install/uav_drone_control:/home/manya/uav_drone/install/uav_drone_bringup /usr/bin/cmake --install /home/manya/uav_drone/build/uav_drone_simulation
[0.810s] Level 1:colcon.colcon_core.environment:checking '/home/manya/uav_drone/install/uav_drone_simulation' for CMake module files
[0.810s] Level 1:colcon.colcon_core.environment:checking '/home/manya/uav_drone/install/uav_drone_simulation' for CMake config files
[0.810s] Level 1:colcon.colcon_core.shell:create_environment_hook('uav_drone_simulation', 'cmake_prefix_path')
[0.811s] INFO:colcon.colcon_core.shell:Creating environment hook '/home/manya/uav_drone/install/uav_drone_simulation/share/uav_drone_simulation/hook/cmake_prefix_path.ps1'
[0.811s] INFO:colcon.colcon_core.shell:Creating environment descriptor '/home/manya/uav_drone/install/uav_drone_simulation/share/uav_drone_simulation/hook/cmake_prefix_path.dsv'
[0.811s] INFO:colcon.colcon_core.shell:Creating environment hook '/home/manya/uav_drone/install/uav_drone_simulation/share/uav_drone_simulation/hook/cmake_prefix_path.sh'
[0.812s] Level 1:colcon.colcon_core.environment:checking '/home/manya/uav_drone/install/uav_drone_simulation/bin'
[0.812s] Level 1:colcon.colcon_core.environment:checking '/home/manya/uav_drone/install/uav_drone_simulation/lib/pkgconfig/uav_drone_simulation.pc'
[0.812s] Level 1:colcon.colcon_core.environment:checking '/home/manya/uav_drone/install/uav_drone_simulation/lib/python3.10/site-packages'
[0.812s] Level 1:colcon.colcon_core.environment:checking '/home/manya/uav_drone/install/uav_drone_simulation/bin'
[0.812s] INFO:colcon.colcon_core.shell:Creating package script '/home/manya/uav_drone/install/uav_drone_simulation/share/uav_drone_simulation/package.ps1'
[0.813s] INFO:colcon.colcon_core.shell:Creating package descriptor '/home/manya/uav_drone/install/uav_drone_simulation/share/uav_drone_simulation/package.dsv'
[0.813s] INFO:colcon.colcon_core.shell:Creating package script '/home/manya/uav_drone/install/uav_drone_simulation/share/uav_drone_simulation/package.sh'
[0.814s] INFO:colcon.colcon_core.shell:Creating package script '/home/manya/uav_drone/install/uav_drone_simulation/share/uav_drone_simulation/package.bash'
[0.815s] INFO:colcon.colcon_core.shell:Creating package script '/home/manya/uav_drone/install/uav_drone_simulation/share/uav_drone_simulation/package.zsh'
[0.815s] Level 1:colcon.colcon_core.environment:create_file_with_runtime_dependencies(/home/manya/uav_drone/install/uav_drone_simulation/share/colcon-core/packages/uav_drone_simulation)
[0.817s] DEBUG:colcon.colcon_core.event_handler.log_command:Invoked command in '/home/manya/uav_drone/build/uav_drone_description' returned '0': CMAKE_PREFIX_PATH=${CMAKE_PREFIX_PATH}:/home/manya/uav_drone/install/uav_drone_control:/home/manya/uav_drone/install/uav_drone_bringup /usr/bin/cmake --build /home/manya/uav_drone/build/uav_drone_description -- -j12 -l12
[0.838s] Level 1:colcon.colcon_core.environment:create_environment_scripts_only(uav_drone_simulation)
[0.838s] Level 1:colcon.colcon_core.environment:checking '/home/manya/uav_drone/install/uav_drone_simulation' for CMake module files
[0.838s] Level 1:colcon.colcon_core.environment:checking '/home/manya/uav_drone/install/uav_drone_simulation' for CMake config files
[0.839s] Level 1:colcon.colcon_core.shell:create_environment_hook('uav_drone_simulation', 'cmake_prefix_path')
[0.839s] INFO:colcon.colcon_core.shell:Creating environment hook '/home/manya/uav_drone/install/uav_drone_simulation/share/uav_drone_simulation/hook/cmake_prefix_path.ps1'
[0.839s] INFO:colcon.colcon_core.shell:Creating environment descriptor '/home/manya/uav_drone/install/uav_drone_simulation/share/uav_drone_simulation/hook/cmake_prefix_path.dsv'
[0.839s] INFO:colcon.colcon_core.shell:Creating environment hook '/home/manya/uav_drone/install/uav_drone_simulation/share/uav_drone_simulation/hook/cmake_prefix_path.sh'
[0.840s] Level 1:colcon.colcon_core.environment:checking '/home/manya/uav_drone/install/uav_drone_simulation/bin'
[0.840s] Level 1:colcon.colcon_core.environment:checking '/home/manya/uav_drone/install/uav_drone_simulation/lib/pkgconfig/uav_drone_simulation.pc'
[0.840s] Level 1:colcon.colcon_core.environment:checking '/home/manya/uav_drone/install/uav_drone_simulation/lib/python3.10/site-packages'
[0.840s] Level 1:colcon.colcon_core.environment:checking '/home/manya/uav_drone/install/uav_drone_simulation/bin'
[0.840s] INFO:colcon.colcon_core.shell:Creating package script '/home/manya/uav_drone/install/uav_drone_simulation/share/uav_drone_simulation/package.ps1'
[0.841s] INFO:colcon.colcon_core.shell:Creating package descriptor '/home/manya/uav_drone/install/uav_drone_simulation/share/uav_drone_simulation/package.dsv'
[0.841s] INFO:colcon.colcon_core.shell:Creating package script '/home/manya/uav_drone/install/uav_drone_simulation/share/uav_drone_simulation/package.sh'
[0.842s] INFO:colcon.colcon_core.shell:Creating package script '/home/manya/uav_drone/install/uav_drone_simulation/share/uav_drone_simulation/package.bash'
[0.842s] INFO:colcon.colcon_core.shell:Creating package script '/home/manya/uav_drone/install/uav_drone_simulation/share/uav_drone_simulation/package.zsh'
[0.842s] Level 1:colcon.colcon_core.environment:create_file_with_runtime_dependencies(/home/manya/uav_drone/install/uav_drone_simulation/share/colcon-core/packages/uav_drone_simulation)
[0.848s] DEBUG:colcon.colcon_core.event_handler.log_command:Invoking command in '/home/manya/uav_drone/build/uav_drone_description': CMAKE_PREFIX_PATH=${CMAKE_PREFIX_PATH}:/home/manya/uav_drone/install/uav_drone_control:/home/manya/uav_drone/install/uav_drone_bringup /usr/bin/cmake --install /home/manya/uav_drone/build/uav_drone_description
[0.860s] Level 1:colcon.colcon_core.environment:create_environment_scripts_only(uav_drone_description)
[0.860s] Level 1:colcon.colcon_core.environment:checking '/home/manya/uav_drone/install/uav_drone_description' for CMake module files
[0.860s] DEBUG:colcon.colcon_core.event_handler.log_command:Invoked command in '/home/manya/uav_drone/build/uav_drone_description' returned '0': CMAKE_PREFIX_PATH=${CMAKE_PREFIX_PATH}:/home/manya/uav_drone/install/uav_drone_control:/home/manya/uav_drone/install/uav_drone_bringup /usr/bin/cmake --install /home/manya/uav_drone/build/uav_drone_description
[0.860s] Level 1:colcon.colcon_core.environment:checking '/home/manya/uav_drone/install/uav_drone_description' for CMake config files
[0.861s] Level 1:colcon.colcon_core.shell:create_environment_hook('uav_drone_description', 'cmake_prefix_path')
[0.861s] INFO:colcon.colcon_core.shell:Creating environment hook '/home/manya/uav_drone/install/uav_drone_description/share/uav_drone_description/hook/cmake_prefix_path.ps1'
[0.861s] INFO:colcon.colcon_core.shell:Creating environment descriptor '/home/manya/uav_drone/install/uav_drone_description/share/uav_drone_description/hook/cmake_prefix_path.dsv'
[0.861s] INFO:colcon.colcon_core.shell:Creating environment hook '/home/manya/uav_drone/install/uav_drone_description/share/uav_drone_description/hook/cmake_prefix_path.sh'
[0.862s] Level 1:colcon.colcon_core.environment:checking '/home/manya/uav_drone/install/uav_drone_description/lib'
[0.862s] Level 1:colcon.colcon_core.shell:create_environment_hook('uav_drone_description', 'ld_library_path_lib')
[0.862s] INFO:colcon.colcon_core.shell:Creating environment hook '/home/manya/uav_drone/install/uav_drone_description/share/uav_drone_description/hook/ld_library_path_lib.ps1'
[0.862s] INFO:colcon.colcon_core.shell:Creating environment descriptor '/home/manya/uav_drone/install/uav_drone_description/share/uav_drone_description/hook/ld_library_path_lib.dsv'
[0.863s] INFO:colcon.colcon_core.shell:Creating environment hook '/home/manya/uav_drone/install/uav_drone_description/share/uav_drone_description/hook/ld_library_path_lib.sh'
[0.863s] Level 1:colcon.colcon_core.environment:checking '/home/manya/uav_drone/install/uav_drone_description/bin'
[0.863s] Level 1:colcon.colcon_core.environment:checking '/home/manya/uav_drone/install/uav_drone_description/lib/pkgconfig/uav_drone_description.pc'
[0.863s] Level 1:colcon.colcon_core.environment:checking '/home/manya/uav_drone/install/uav_drone_description/lib/python3.10/site-packages'
[0.863s] Level 1:colcon.colcon_core.environment:checking '/home/manya/uav_drone/install/uav_drone_description/bin'
[0.863s] INFO:colcon.colcon_core.shell:Creating package script '/home/manya/uav_drone/install/uav_drone_description/share/uav_drone_description/package.ps1'
[0.864s] INFO:colcon.colcon_core.shell:Creating package descriptor '/home/manya/uav_drone/install/uav_drone_description/share/uav_drone_description/package.dsv'
[0.864s] INFO:colcon.colcon_core.shell:Creating package script '/home/manya/uav_drone/install/uav_drone_description/share/uav_drone_description/package.sh'
[0.864s] INFO:colcon.colcon_core.shell:Creating package script '/home/manya/uav_drone/install/uav_drone_description/share/uav_drone_description/package.bash'
[0.865s] INFO:colcon.colcon_core.shell:Creating package script '/home/manya/uav_drone/install/uav_drone_description/share/uav_drone_description/package.zsh'
[0.865s] Level 1:colcon.colcon_core.environment:create_file_with_runtime_dependencies(/home/manya/uav_drone/install/uav_drone_description/share/colcon-core/packages/uav_drone_description)
[0.895s] Level 1:colcon.colcon_core.environment:create_environment_scripts_only(uav_drone_description)
[0.895s] Level 1:colcon.colcon_core.environment:checking '/home/manya/uav_drone/install/uav_drone_description' for CMake module files
[0.895s] Level 1:colcon.colcon_core.environment:checking '/home/manya/uav_drone/install/uav_drone_description' for CMake config files
[0.895s] Level 1:colcon.colcon_core.shell:create_environment_hook('uav_drone_description', 'cmake_prefix_path')
[0.896s] INFO:colcon.colcon_core.shell:Creating environment hook '/home/manya/uav_drone/install/uav_drone_description/share/uav_drone_description/hook/cmake_prefix_path.ps1'
[0.896s] INFO:colcon.colcon_core.shell:Creating environment descriptor '/home/manya/uav_drone/install/uav_drone_description/share/uav_drone_description/hook/cmake_prefix_path.dsv'
[0.896s] INFO:colcon.colcon_core.shell:Creating environment hook '/home/manya/uav_drone/install/uav_drone_description/share/uav_drone_description/hook/cmake_prefix_path.sh'
[0.897s] Level 1:colcon.colcon_core.environment:checking '/home/manya/uav_drone/install/uav_drone_description/lib'
[0.897s] Level 1:colcon.colcon_core.shell:create_environment_hook('uav_drone_description', 'ld_library_path_lib')
[0.897s] INFO:colcon.colcon_core.shell:Creating environment hook '/home/manya/uav_drone/install/uav_drone_description/share/uav_drone_description/hook/ld_library_path_lib.ps1'
[0.897s] INFO:colcon.colcon_core.shell:Creating environment descriptor '/home/manya/uav_drone/install/uav_drone_description/share/uav_drone_description/hook/ld_library_path_lib.dsv'
[0.897s] INFO:colcon.colcon_core.shell:Creating environment hook '/home/manya/uav_drone/install/uav_drone_description/share/uav_drone_description/hook/ld_library_path_lib.sh'
[0.898s] Level 1:colcon.colcon_core.environment:checking '/home/manya/uav_drone/install/uav_drone_description/bin'
[0.898s] Level 1:colcon.colcon_core.environment:checking '/home/manya/uav_drone/install/uav_drone_description/lib/pkgconfig/uav_drone_description.pc'
[0.898s] Level 1:colcon.colcon_core.environment:checking '/home/manya/uav_drone/install/uav_drone_description/lib/python3.10/site-packages'
[0.898s] Level 1:colcon.colcon_core.environment:checking '/home/manya/uav_drone/install/uav_drone_description/bin'
[0.898s] INFO:colcon.colcon_core.shell:Creating package script '/home/manya/uav_drone/install/uav_drone_description/share/uav_drone_description/package.ps1'
[0.899s] INFO:colcon.colcon_core.shell:Creating package descriptor '/home/manya/uav_drone/install/uav_drone_description/share/uav_drone_description/package.dsv'
[0.899s] INFO:colcon.colcon_core.shell:Creating package script '/home/manya/uav_drone/install/uav_drone_description/share/uav_drone_description/package.sh'
[0.899s] INFO:colcon.colcon_core.shell:Creating package script '/home/manya/uav_drone/install/uav_drone_description/share/uav_drone_description/package.bash'
[0.900s] INFO:colcon.colcon_core.shell:Creating package script '/home/manya/uav_drone/install/uav_drone_description/share/uav_drone_description/package.zsh'
[0.900s] Level 1:colcon.colcon_core.environment:create_file_with_runtime_dependencies(/home/manya/uav_drone/install/uav_drone_description/share/colcon-core/packages/uav_drone_description)
[1.072s] DEBUG:colcon.colcon_core.event_handler.log_command:Invoking command in '/home/manya/uav_drone/uav_drone_bringup': PYTHONPATH=/home/manya/uav_drone/build/uav_drone_bringup/prefix_override:/usr/lib/python3/dist-packages/colcon_core/task/python/colcon_distutils_commands:/home/manya/uav_drone/install/uav_drone_bringup/lib/python3.10/site-packages:${PYTHONPATH} /usr/bin/python3 -W ignore:setup.py install is deprecated setup.py egg_info --egg-base ../build/uav_drone_bringup build --build-base /home/manya/uav_drone/build/uav_drone_bringup/build install --record /home/manya/uav_drone/build/uav_drone_bringup/install.log --single-version-externally-managed install_data
[1.073s] DEBUG:colcon.colcon_core.event_handler.log_command:Invoking command in '/home/manya/uav_drone/uav_drone_control': PYTHONPATH=/home/manya/uav_drone/build/uav_drone_control/prefix_override:/usr/lib/python3/dist-packages/colcon_core/task/python/colcon_distutils_commands:/home/manya/uav_drone/install/uav_drone_control/lib/python3.10/site-packages:${PYTHONPATH} /usr/bin/python3 -W ignore:setup.py install is deprecated setup.py egg_info --egg-base ../build/uav_drone_control build --build-base /home/manya/uav_drone/build/uav_drone_control/build install --record /home/manya/uav_drone/build/uav_drone_control/install.log --single-version-externally-managed install_data
[1.285s] DEBUG:colcon.colcon_core.event_handler.log_command:Invoked command in '/home/manya/uav_drone/uav_drone_control' returned '1': PYTHONPATH=/home/manya/uav_drone/build/uav_drone_control/prefix_override:/usr/lib/python3/dist-packages/colcon_core/task/python/colcon_distutils_commands:/home/manya/uav_drone/install/uav_drone_control/lib/python3.10/site-packages:${PYTHONPATH} /usr/bin/python3 -W ignore:setup.py install is deprecated setup.py egg_info --egg-base ../build/uav_drone_control build --build-base /home/manya/uav_drone/build/uav_drone_control/build install --record /home/manya/uav_drone/build/uav_drone_control/install.log --single-version-externally-managed install_data
[1.320s] DEBUG:colcon.colcon_parallel_executor.executor.parallel:closing loop
[1.321s] DEBUG:colcon.colcon_parallel_executor.executor.parallel:loop closed
[1.321s] DEBUG:colcon.colcon_parallel_executor.executor.parallel:run_until_complete finished with '1'
[1.321s] DEBUG:colcon.colcon_core.event_reactor:joining thread
[1.325s] INFO:colcon.colcon_core.plugin_system:Skipping extension 'colcon_notification.desktop_notification.terminal_notifier': Not used on non-Darwin systems
[1.325s] INFO:colcon.colcon_core.plugin_system:Skipping extension 'colcon_notification.desktop_notification.win32': Not used on non-Windows systems
[1.325s] INFO:colcon.colcon_notification.desktop_notification:Sending desktop notification using 'notify2'
[1.335s] DEBUG:colcon.colcon_core.event_reactor:joined thread
[1.336s] INFO:colcon.colcon_core.shell:Creating prefix script '/home/manya/uav_drone/install/local_setup.ps1'
[1.336s] INFO:colcon.colcon_core.shell:Creating prefix util module '/home/manya/uav_drone/install/_local_setup_util_ps1.py'
[1.337s] INFO:colcon.colcon_core.shell:Creating prefix chain script '/home/manya/uav_drone/install/setup.ps1'
[1.338s] INFO:colcon.colcon_core.shell:Creating prefix script '/home/manya/uav_drone/install/local_setup.sh'
[1.338s] INFO:colcon.colcon_core.shell:Creating prefix util module '/home/manya/uav_drone/install/_local_setup_util_sh.py'
[1.339s] INFO:colcon.colcon_core.shell:Creating prefix chain script '/home/manya/uav_drone/install/setup.sh'
[1.339s] INFO:colcon.colcon_core.shell:Creating prefix script '/home/manya/uav_drone/install/local_setup.bash'
[1.340s] INFO:colcon.colcon_core.shell:Creating prefix chain script '/home/manya/uav_drone/install/setup.bash'
[1.341s] INFO:colcon.colcon_core.shell:Creating prefix script '/home/manya/uav_drone/install/local_setup.zsh'
[1.341s] INFO:colcon.colcon_core.shell:Creating prefix chain script '/home/manya/uav_drone/install/setup.zsh'
