/home/manya/uav_drone/install/uav_drone_control/lib/python3.10/site-packages/uav_drone_control/__init__.py
/home/manya/uav_drone/install/uav_drone_control/lib/python3.10/site-packages/uav_drone_control/teleop_joystick.py
/home/manya/uav_drone/install/uav_drone_control/lib/python3.10/site-packages/uav_drone_control/autonomous_explorer.py
/home/manya/uav_drone/install/uav_drone_control/lib/python3.10/site-packages/uav_drone_control/teleop.py
/home/manya/uav_drone/install/uav_drone_control/lib/python3.10/site-packages/uav_drone_control/__pycache__/__init__.cpython-310.pyc
/home/manya/uav_drone/install/uav_drone_control/lib/python3.10/site-packages/uav_drone_control/__pycache__/teleop_joystick.cpython-310.pyc
/home/manya/uav_drone/install/uav_drone_control/lib/python3.10/site-packages/uav_drone_control/__pycache__/autonomous_explorer.cpython-310.pyc
/home/manya/uav_drone/install/uav_drone_control/lib/python3.10/site-packages/uav_drone_control/__pycache__/teleop.cpython-310.pyc
/home/manya/uav_drone/install/uav_drone_control/share/ament_index/resource_index/packages/uav_drone_control
/home/manya/uav_drone/install/uav_drone_control/share/uav_drone_control/package.xml
/home/manya/uav_drone/install/uav_drone_control/lib/python3.10/site-packages/uav_drone_control-0.0.0-py3.10.egg-info/top_level.txt
/home/manya/uav_drone/install/uav_drone_control/lib/python3.10/site-packages/uav_drone_control-0.0.0-py3.10.egg-info/requires.txt
/home/manya/uav_drone/install/uav_drone_control/lib/python3.10/site-packages/uav_drone_control-0.0.0-py3.10.egg-info/zip-safe
/home/manya/uav_drone/install/uav_drone_control/lib/python3.10/site-packages/uav_drone_control-0.0.0-py3.10.egg-info/dependency_links.txt
/home/manya/uav_drone/install/uav_drone_control/lib/python3.10/site-packages/uav_drone_control-0.0.0-py3.10.egg-info/PKG-INFO
/home/manya/uav_drone/install/uav_drone_control/lib/python3.10/site-packages/uav_drone_control-0.0.0-py3.10.egg-info/SOURCES.txt
/home/manya/uav_drone/install/uav_drone_control/lib/python3.10/site-packages/uav_drone_control-0.0.0-py3.10.egg-info/entry_points.txt
/home/manya/uav_drone/install/uav_drone_control/lib/uav_drone_control/autonomous_explorer
/home/manya/uav_drone/install/uav_drone_control/lib/uav_drone_control/drone_position_control
/home/manya/uav_drone/install/uav_drone_control/lib/uav_drone_control/open_loop_control
/home/manya/uav_drone/install/uav_drone_control/lib/uav_drone_control/teleop
/home/manya/uav_drone/install/uav_drone_control/lib/uav_drone_control/teleop_joystick
