[0.077s] DEBUG:colcon:Command line arguments: ['/usr/bin/colcon', 'build']
[0.077s] DEBUG:colcon:Parsed command line arguments: Namespace(log_base=None, log_level=None, verb_name='build', build_base='build', install_base='install', merge_install=False, symlink_install=False, test_result_base=None, continue_on_error=False, executor='parallel', parallel_workers=12, event_handlers=None, ignore_user_meta=False, metas=['./colcon.meta'], base_paths=['.'], packages_ignore=None, packages_ignore_regex=None, paths=None, packages_up_to=None, packages_up_to_regex=None, packages_above=None, packages_above_and_dependencies=None, packages_above_depth=None, packages_select_by_dep=None, packages_skip_by_dep=None, packages_skip_up_to=None, packages_select_build_failed=False, packages_skip_build_finished=False, packages_select_test_failures=False, packages_skip_test_passed=False, packages_select=None, packages_skip=None, packages_select_regex=None, packages_skip_regex=None, packages_start=None, packages_end=None, allow_overriding=[], cmake_args=None, cmake_target=None, cmake_target_skip_unavailable=False, cmake_clean_cache=False, cmake_clean_first=False, cmake_force_configure=False, ament_cmake_args=None, catkin_cmake_args=None, catkin_skip_building_tests=False, verb_parser=<colcon_defaults.argument_parser.defaults.DefaultArgumentsDecorator object at 0x7c5c91351a80>, verb_extension=<colcon_core.verb.build.BuildVerb object at 0x7c5c91350c40>, main=<bound method BuildVerb.main of <colcon_core.verb.build.BuildVerb object at 0x7c5c91350c40>>)
[0.209s] Level 1:colcon.colcon_core.package_discovery:discover_packages(colcon_meta) check parameters
[0.209s] Level 1:colcon.colcon_core.package_discovery:discover_packages(recursive) check parameters
[0.209s] Level 1:colcon.colcon_core.package_discovery:discover_packages(ignore) check parameters
[0.209s] Level 1:colcon.colcon_core.package_discovery:discover_packages(path) check parameters
[0.209s] Level 1:colcon.colcon_core.package_discovery:discover_packages(colcon_meta) discover
[0.209s] Level 1:colcon.colcon_core.package_discovery:discover_packages(recursive) discover
[0.209s] INFO:colcon.colcon_core.package_discovery:Crawling recursively for packages in '/home/manya/uav_drone'
[0.209s] Level 1:colcon.colcon_core.package_identification:_identify(.) by extensions ['ignore', 'ignore_ament_install']
[0.209s] Level 1:colcon.colcon_core.package_identification:_identify(.) by extension 'ignore'
[0.209s] Level 1:colcon.colcon_core.package_identification:_identify(.) by extension 'ignore_ament_install'
[0.209s] Level 1:colcon.colcon_core.package_identification:_identify(.) by extensions ['colcon_pkg']
[0.209s] Level 1:colcon.colcon_core.package_identification:_identify(.) by extension 'colcon_pkg'
[0.209s] Level 1:colcon.colcon_core.package_identification:_identify(.) by extensions ['colcon_meta']
[0.209s] Level 1:colcon.colcon_core.package_identification:_identify(.) by extension 'colcon_meta'
[0.209s] Level 1:colcon.colcon_core.package_identification:_identify(.) by extensions ['ros']
[0.209s] Level 1:colcon.colcon_core.package_identification:_identify(.) by extension 'ros'
[0.217s] Level 1:colcon.colcon_core.package_identification:_identify(.) by extensions ['cmake', 'python']
[0.217s] Level 1:colcon.colcon_core.package_identification:_identify(.) by extension 'cmake'
[0.217s] Level 1:colcon.colcon_core.package_identification:_identify(.) by extension 'python'
[0.217s] Level 1:colcon.colcon_core.package_identification:_identify(.) by extensions ['python_setup_py']
[0.217s] Level 1:colcon.colcon_core.package_identification:_identify(.) by extension 'python_setup_py'
[0.217s] Level 1:colcon.colcon_core.package_identification:_identify(build) by extensions ['ignore', 'ignore_ament_install']
[0.218s] Level 1:colcon.colcon_core.package_identification:_identify(build) by extension 'ignore'
[0.218s] Level 1:colcon.colcon_core.package_identification:_identify(build) ignored
[0.218s] Level 1:colcon.colcon_core.package_identification:_identify(install) by extensions ['ignore', 'ignore_ament_install']
[0.218s] Level 1:colcon.colcon_core.package_identification:_identify(install) by extension 'ignore'
[0.218s] Level 1:colcon.colcon_core.package_identification:_identify(install) ignored
[0.218s] Level 1:colcon.colcon_core.package_identification:_identify(log) by extensions ['ignore', 'ignore_ament_install']
[0.218s] Level 1:colcon.colcon_core.package_identification:_identify(log) by extension 'ignore'
[0.218s] Level 1:colcon.colcon_core.package_identification:_identify(log) ignored
[0.218s] Level 1:colcon.colcon_core.package_identification:_identify(uav_drone_bringup) by extensions ['ignore', 'ignore_ament_install']
[0.218s] Level 1:colcon.colcon_core.package_identification:_identify(uav_drone_bringup) by extension 'ignore'
[0.218s] Level 1:colcon.colcon_core.package_identification:_identify(uav_drone_bringup) by extension 'ignore_ament_install'
[0.218s] Level 1:colcon.colcon_core.package_identification:_identify(uav_drone_bringup) by extensions ['colcon_pkg']
[0.218s] Level 1:colcon.colcon_core.package_identification:_identify(uav_drone_bringup) by extension 'colcon_pkg'
[0.218s] Level 1:colcon.colcon_core.package_identification:_identify(uav_drone_bringup) by extensions ['colcon_meta']
[0.218s] Level 1:colcon.colcon_core.package_identification:_identify(uav_drone_bringup) by extension 'colcon_meta'
[0.218s] Level 1:colcon.colcon_core.package_identification:_identify(uav_drone_bringup) by extensions ['ros']
[0.218s] Level 1:colcon.colcon_core.package_identification:_identify(uav_drone_bringup) by extension 'ros'
[0.220s] DEBUG:colcon.colcon_core.package_identification:Package 'uav_drone_bringup' with type 'ros.ament_python' and name 'uav_drone_bringup'
[0.220s] Level 1:colcon.colcon_core.package_identification:_identify(uav_drone_control) by extensions ['ignore', 'ignore_ament_install']
[0.220s] Level 1:colcon.colcon_core.package_identification:_identify(uav_drone_control) by extension 'ignore'
[0.220s] Level 1:colcon.colcon_core.package_identification:_identify(uav_drone_control) by extension 'ignore_ament_install'
[0.220s] Level 1:colcon.colcon_core.package_identification:_identify(uav_drone_control) by extensions ['colcon_pkg']
[0.220s] Level 1:colcon.colcon_core.package_identification:_identify(uav_drone_control) by extension 'colcon_pkg'
[0.220s] Level 1:colcon.colcon_core.package_identification:_identify(uav_drone_control) by extensions ['colcon_meta']
[0.221s] Level 1:colcon.colcon_core.package_identification:_identify(uav_drone_control) by extension 'colcon_meta'
[0.221s] Level 1:colcon.colcon_core.package_identification:_identify(uav_drone_control) by extensions ['ros']
[0.221s] Level 1:colcon.colcon_core.package_identification:_identify(uav_drone_control) by extension 'ros'
[0.221s] DEBUG:colcon.colcon_core.package_identification:Package 'uav_drone_control' with type 'ros.ament_python' and name 'uav_drone_control'
[0.221s] Level 1:colcon.colcon_core.package_identification:_identify(uav_drone_description) by extensions ['ignore', 'ignore_ament_install']
[0.221s] Level 1:colcon.colcon_core.package_identification:_identify(uav_drone_description) by extension 'ignore'
[0.221s] Level 1:colcon.colcon_core.package_identification:_identify(uav_drone_description) by extension 'ignore_ament_install'
[0.221s] Level 1:colcon.colcon_core.package_identification:_identify(uav_drone_description) by extensions ['colcon_pkg']
[0.221s] Level 1:colcon.colcon_core.package_identification:_identify(uav_drone_description) by extension 'colcon_pkg'
[0.221s] Level 1:colcon.colcon_core.package_identification:_identify(uav_drone_description) by extensions ['colcon_meta']
[0.221s] Level 1:colcon.colcon_core.package_identification:_identify(uav_drone_description) by extension 'colcon_meta'
[0.221s] Level 1:colcon.colcon_core.package_identification:_identify(uav_drone_description) by extensions ['ros']
[0.222s] Level 1:colcon.colcon_core.package_identification:_identify(uav_drone_description) by extension 'ros'
[0.222s] DEBUG:colcon.colcon_core.package_identification:Package 'uav_drone_description' with type 'ros.ament_cmake' and name 'uav_drone_description'
[0.222s] Level 1:colcon.colcon_core.package_identification:_identify(uav_drone_simulation) by extensions ['ignore', 'ignore_ament_install']
[0.222s] Level 1:colcon.colcon_core.package_identification:_identify(uav_drone_simulation) by extension 'ignore'
[0.222s] Level 1:colcon.colcon_core.package_identification:_identify(uav_drone_simulation) by extension 'ignore_ament_install'
[0.222s] Level 1:colcon.colcon_core.package_identification:_identify(uav_drone_simulation) by extensions ['colcon_pkg']
[0.222s] Level 1:colcon.colcon_core.package_identification:_identify(uav_drone_simulation) by extension 'colcon_pkg'
[0.222s] Level 1:colcon.colcon_core.package_identification:_identify(uav_drone_simulation) by extensions ['colcon_meta']
[0.222s] Level 1:colcon.colcon_core.package_identification:_identify(uav_drone_simulation) by extension 'colcon_meta'
[0.222s] Level 1:colcon.colcon_core.package_identification:_identify(uav_drone_simulation) by extensions ['ros']
[0.223s] Level 1:colcon.colcon_core.package_identification:_identify(uav_drone_simulation) by extension 'ros'
[0.223s] DEBUG:colcon.colcon_core.package_identification:Package 'uav_drone_simulation' with type 'ros.ament_cmake' and name 'uav_drone_simulation'
[0.223s] Level 1:colcon.colcon_core.package_discovery:discover_packages(recursive) using defaults
[0.223s] Level 1:colcon.colcon_core.package_discovery:discover_packages(ignore) discover
[0.223s] Level 1:colcon.colcon_core.package_discovery:discover_packages(ignore) using defaults
[0.223s] Level 1:colcon.colcon_core.package_discovery:discover_packages(path) discover
[0.223s] Level 1:colcon.colcon_core.package_discovery:discover_packages(path) using defaults
[0.237s] Level 1:colcon.colcon_core.package_discovery:discover_packages(prefix_path) check parameters
[0.237s] Level 1:colcon.colcon_core.package_discovery:discover_packages(prefix_path) discover
[0.239s] DEBUG:colcon.colcon_installed_package_information.package_discovery:Found 4 installed packages in /home/manya/uav_drone/install
[0.240s] DEBUG:colcon.colcon_installed_package_information.package_discovery:Found 423 installed packages in /opt/ros/humble
[0.251s] Level 1:colcon.colcon_core.package_discovery:discover_packages(prefix_path) using defaults
[0.288s] Level 5:colcon.colcon_core.verb:set package 'uav_drone_bringup' build argument 'cmake_args' from command line to 'None'
[0.288s] Level 5:colcon.colcon_core.verb:set package 'uav_drone_bringup' build argument 'cmake_target' from command line to 'None'
[0.288s] Level 5:colcon.colcon_core.verb:set package 'uav_drone_bringup' build argument 'cmake_target_skip_unavailable' from command line to 'False'
[0.288s] Level 5:colcon.colcon_core.verb:set package 'uav_drone_bringup' build argument 'cmake_clean_cache' from command line to 'False'
[0.288s] Level 5:colcon.colcon_core.verb:set package 'uav_drone_bringup' build argument 'cmake_clean_first' from command line to 'False'
[0.288s] Level 5:colcon.colcon_core.verb:set package 'uav_drone_bringup' build argument 'cmake_force_configure' from command line to 'False'
[0.288s] Level 5:colcon.colcon_core.verb:set package 'uav_drone_bringup' build argument 'ament_cmake_args' from command line to 'None'
[0.288s] Level 5:colcon.colcon_core.verb:set package 'uav_drone_bringup' build argument 'catkin_cmake_args' from command line to 'None'
[0.288s] Level 5:colcon.colcon_core.verb:set package 'uav_drone_bringup' build argument 'catkin_skip_building_tests' from command line to 'False'
[0.288s] DEBUG:colcon.colcon_core.verb:Building package 'uav_drone_bringup' with the following arguments: {'ament_cmake_args': None, 'build_base': '/home/manya/uav_drone/build/uav_drone_bringup', 'catkin_cmake_args': None, 'catkin_skip_building_tests': False, 'cmake_args': None, 'cmake_clean_cache': False, 'cmake_clean_first': False, 'cmake_force_configure': False, 'cmake_target': None, 'cmake_target_skip_unavailable': False, 'install_base': '/home/manya/uav_drone/install/uav_drone_bringup', 'merge_install': False, 'path': '/home/manya/uav_drone/uav_drone_bringup', 'symlink_install': False, 'test_result_base': None}
[0.289s] Level 5:colcon.colcon_core.verb:set package 'uav_drone_control' build argument 'cmake_args' from command line to 'None'
[0.289s] Level 5:colcon.colcon_core.verb:set package 'uav_drone_control' build argument 'cmake_target' from command line to 'None'
[0.289s] Level 5:colcon.colcon_core.verb:set package 'uav_drone_control' build argument 'cmake_target_skip_unavailable' from command line to 'False'
[0.289s] Level 5:colcon.colcon_core.verb:set package 'uav_drone_control' build argument 'cmake_clean_cache' from command line to 'False'
[0.289s] Level 5:colcon.colcon_core.verb:set package 'uav_drone_control' build argument 'cmake_clean_first' from command line to 'False'
[0.289s] Level 5:colcon.colcon_core.verb:set package 'uav_drone_control' build argument 'cmake_force_configure' from command line to 'False'
[0.289s] Level 5:colcon.colcon_core.verb:set package 'uav_drone_control' build argument 'ament_cmake_args' from command line to 'None'
[0.289s] Level 5:colcon.colcon_core.verb:set package 'uav_drone_control' build argument 'catkin_cmake_args' from command line to 'None'
[0.289s] Level 5:colcon.colcon_core.verb:set package 'uav_drone_control' build argument 'catkin_skip_building_tests' from command line to 'False'
[0.289s] DEBUG:colcon.colcon_core.verb:Building package 'uav_drone_control' with the following arguments: {'ament_cmake_args': None, 'build_base': '/home/manya/uav_drone/build/uav_drone_control', 'catkin_cmake_args': None, 'catkin_skip_building_tests': False, 'cmake_args': None, 'cmake_clean_cache': False, 'cmake_clean_first': False, 'cmake_force_configure': False, 'cmake_target': None, 'cmake_target_skip_unavailable': False, 'install_base': '/home/manya/uav_drone/install/uav_drone_control', 'merge_install': False, 'path': '/home/manya/uav_drone/uav_drone_control', 'symlink_install': False, 'test_result_base': None}
[0.289s] Level 5:colcon.colcon_core.verb:set package 'uav_drone_description' build argument 'cmake_args' from command line to 'None'
[0.289s] Level 5:colcon.colcon_core.verb:set package 'uav_drone_description' build argument 'cmake_target' from command line to 'None'
[0.289s] Level 5:colcon.colcon_core.verb:set package 'uav_drone_description' build argument 'cmake_target_skip_unavailable' from command line to 'False'
[0.289s] Level 5:colcon.colcon_core.verb:set package 'uav_drone_description' build argument 'cmake_clean_cache' from command line to 'False'
[0.289s] Level 5:colcon.colcon_core.verb:set package 'uav_drone_description' build argument 'cmake_clean_first' from command line to 'False'
[0.289s] Level 5:colcon.colcon_core.verb:set package 'uav_drone_description' build argument 'cmake_force_configure' from command line to 'False'
[0.289s] Level 5:colcon.colcon_core.verb:set package 'uav_drone_description' build argument 'ament_cmake_args' from command line to 'None'
[0.289s] Level 5:colcon.colcon_core.verb:set package 'uav_drone_description' build argument 'catkin_cmake_args' from command line to 'None'
[0.289s] Level 5:colcon.colcon_core.verb:set package 'uav_drone_description' build argument 'catkin_skip_building_tests' from command line to 'False'
[0.289s] DEBUG:colcon.colcon_core.verb:Building package 'uav_drone_description' with the following arguments: {'ament_cmake_args': None, 'build_base': '/home/manya/uav_drone/build/uav_drone_description', 'catkin_cmake_args': None, 'catkin_skip_building_tests': False, 'cmake_args': None, 'cmake_clean_cache': False, 'cmake_clean_first': False, 'cmake_force_configure': False, 'cmake_target': None, 'cmake_target_skip_unavailable': False, 'install_base': '/home/manya/uav_drone/install/uav_drone_description', 'merge_install': False, 'path': '/home/manya/uav_drone/uav_drone_description', 'symlink_install': False, 'test_result_base': None}
[0.289s] Level 5:colcon.colcon_core.verb:set package 'uav_drone_simulation' build argument 'cmake_args' from command line to 'None'
[0.289s] Level 5:colcon.colcon_core.verb:set package 'uav_drone_simulation' build argument 'cmake_target' from command line to 'None'
[0.289s] Level 5:colcon.colcon_core.verb:set package 'uav_drone_simulation' build argument 'cmake_target_skip_unavailable' from command line to 'False'
[0.289s] Level 5:colcon.colcon_core.verb:set package 'uav_drone_simulation' build argument 'cmake_clean_cache' from command line to 'False'
[0.289s] Level 5:colcon.colcon_core.verb:set package 'uav_drone_simulation' build argument 'cmake_clean_first' from command line to 'False'
[0.289s] Level 5:colcon.colcon_core.verb:set package 'uav_drone_simulation' build argument 'cmake_force_configure' from command line to 'False'
[0.289s] Level 5:colcon.colcon_core.verb:set package 'uav_drone_simulation' build argument 'ament_cmake_args' from command line to 'None'
[0.289s] Level 5:colcon.colcon_core.verb:set package 'uav_drone_simulation' build argument 'catkin_cmake_args' from command line to 'None'
[0.289s] Level 5:colcon.colcon_core.verb:set package 'uav_drone_simulation' build argument 'catkin_skip_building_tests' from command line to 'False'
[0.290s] DEBUG:colcon.colcon_core.verb:Building package 'uav_drone_simulation' with the following arguments: {'ament_cmake_args': None, 'build_base': '/home/manya/uav_drone/build/uav_drone_simulation', 'catkin_cmake_args': None, 'catkin_skip_building_tests': False, 'cmake_args': None, 'cmake_clean_cache': False, 'cmake_clean_first': False, 'cmake_force_configure': False, 'cmake_target': None, 'cmake_target_skip_unavailable': False, 'install_base': '/home/manya/uav_drone/install/uav_drone_simulation', 'merge_install': False, 'path': '/home/manya/uav_drone/uav_drone_simulation', 'symlink_install': False, 'test_result_base': None}
[0.290s] INFO:colcon.colcon_core.executor:Executing jobs using 'parallel' executor
[0.291s] DEBUG:colcon.colcon_parallel_executor.executor.parallel:run_until_complete
[0.291s] INFO:colcon.colcon_ros.task.ament_python.build:Building ROS package in '/home/manya/uav_drone/uav_drone_bringup' with build type 'ament_python'
[0.291s] Level 1:colcon.colcon_core.shell:create_environment_hook('uav_drone_bringup', 'ament_prefix_path')
[0.292s] INFO:colcon.colcon_core.plugin_system:Skipping extension 'colcon_core.shell.bat': Not used on non-Windows systems
[0.292s] INFO:colcon.colcon_core.shell:Creating environment hook '/home/manya/uav_drone/install/uav_drone_bringup/share/uav_drone_bringup/hook/ament_prefix_path.ps1'
[0.293s] INFO:colcon.colcon_core.shell:Creating environment descriptor '/home/manya/uav_drone/install/uav_drone_bringup/share/uav_drone_bringup/hook/ament_prefix_path.dsv'
[0.293s] INFO:colcon.colcon_core.shell:Creating environment hook '/home/manya/uav_drone/install/uav_drone_bringup/share/uav_drone_bringup/hook/ament_prefix_path.sh'
[0.294s] INFO:colcon.colcon_core.shell:Skip shell extension 'powershell' for command environment: Not usable outside of PowerShell
[0.294s] DEBUG:colcon.colcon_core.shell:Skip shell extension 'dsv' for command environment
[0.297s] INFO:colcon.colcon_ros.task.ament_python.build:Building ROS package in '/home/manya/uav_drone/uav_drone_control' with build type 'ament_python'
[0.297s] Level 1:colcon.colcon_core.shell:create_environment_hook('uav_drone_control', 'ament_prefix_path')
[0.297s] INFO:colcon.colcon_core.shell:Creating environment hook '/home/manya/uav_drone/install/uav_drone_control/share/uav_drone_control/hook/ament_prefix_path.ps1'
[0.298s] INFO:colcon.colcon_core.shell:Creating environment descriptor '/home/manya/uav_drone/install/uav_drone_control/share/uav_drone_control/hook/ament_prefix_path.dsv'
[0.298s] INFO:colcon.colcon_core.shell:Creating environment hook '/home/manya/uav_drone/install/uav_drone_control/share/uav_drone_control/hook/ament_prefix_path.sh'
[0.298s] INFO:colcon.colcon_core.shell:Skip shell extension 'powershell' for command environment: Not usable outside of PowerShell
[0.298s] DEBUG:colcon.colcon_core.shell:Skip shell extension 'dsv' for command environment
[0.301s] INFO:colcon.colcon_ros.task.ament_cmake.build:Building ROS package in '/home/manya/uav_drone/uav_drone_description' with build type 'ament_cmake'
[0.301s] INFO:colcon.colcon_cmake.task.cmake.build:Building CMake package in '/home/manya/uav_drone/uav_drone_description'
[0.302s] INFO:colcon.colcon_core.shell:Skip shell extension 'powershell' for command environment: Not usable outside of PowerShell
[0.302s] DEBUG:colcon.colcon_core.shell:Skip shell extension 'dsv' for command environment
[0.305s] INFO:colcon.colcon_ros.task.ament_cmake.build:Building ROS package in '/home/manya/uav_drone/uav_drone_simulation' with build type 'ament_cmake'
[0.305s] INFO:colcon.colcon_cmake.task.cmake.build:Building CMake package in '/home/manya/uav_drone/uav_drone_simulation'
[0.305s] INFO:colcon.colcon_core.shell:Skip shell extension 'powershell' for command environment: Not usable outside of PowerShell
[0.305s] DEBUG:colcon.colcon_core.shell:Skip shell extension 'dsv' for command environment
[0.508s] INFO:colcon.colcon_core.task.python.build:Building Python package in '/home/manya/uav_drone/uav_drone_bringup'
[0.508s] INFO:colcon.colcon_core.shell:Skip shell extension 'powershell' for command environment: Not usable outside of PowerShell
[0.508s] DEBUG:colcon.colcon_core.shell:Skip shell extension 'dsv' for command environment
[0.706s] INFO:colcon.colcon_core.task.python.build:Building Python package in '/home/manya/uav_drone/uav_drone_control'
[0.706s] INFO:colcon.colcon_core.shell:Skip shell extension 'powershell' for command environment: Not usable outside of PowerShell
[0.706s] DEBUG:colcon.colcon_core.shell:Skip shell extension 'dsv' for command environment
[0.713s] DEBUG:colcon.colcon_core.event_handler.log_command:Invoking command in '/home/manya/uav_drone/build/uav_drone_description': CMAKE_PREFIX_PATH=${CMAKE_PREFIX_PATH}:/home/manya/uav_drone/install/uav_drone_control:/home/manya/uav_drone/install/uav_drone_bringup /usr/bin/cmake --build /home/manya/uav_drone/build/uav_drone_description -- -j12 -l12
[0.717s] DEBUG:colcon.colcon_core.event_handler.log_command:Invoking command in '/home/manya/uav_drone/build/uav_drone_simulation': CMAKE_PREFIX_PATH=${CMAKE_PREFIX_PATH}:/home/manya/uav_drone/install/uav_drone_control:/home/manya/uav_drone/install/uav_drone_bringup /usr/bin/cmake --build /home/manya/uav_drone/build/uav_drone_simulation -- -j12 -l12
[0.757s] DEBUG:colcon.colcon_core.event_handler.log_command:Invoked command in '/home/manya/uav_drone/build/uav_drone_simulation' returned '0': CMAKE_PREFIX_PATH=${CMAKE_PREFIX_PATH}:/home/manya/uav_drone/install/uav_drone_control:/home/manya/uav_drone/install/uav_drone_bringup /usr/bin/cmake --build /home/manya/uav_drone/build/uav_drone_simulation -- -j12 -l12
[0.789s] DEBUG:colcon.colcon_core.event_handler.log_command:Invoking command in '/home/manya/uav_drone/build/uav_drone_simulation': CMAKE_PREFIX_PATH=${CMAKE_PREFIX_PATH}:/home/manya/uav_drone/install/uav_drone_control:/home/manya/uav_drone/install/uav_drone_bringup /usr/bin/cmake --install /home/manya/uav_drone/build/uav_drone_simulation
[0.798s] Level 1:colcon.colcon_core.environment:create_environment_scripts_only(uav_drone_simulation)
[0.798s] DEBUG:colcon.colcon_core.event_handler.log_command:Invoked command in '/home/manya/uav_drone/build/uav_drone_simulation' returned '0': CMAKE_PREFIX_PATH=${CMAKE_PREFIX_PATH}:/home/manya/uav_drone/install/uav_drone_control:/home/manya/uav_drone/install/uav_drone_bringup /usr/bin/cmake --install /home/manya/uav_drone/build/uav_drone_simulation
[0.800s] Level 1:colcon.colcon_core.environment:checking '/home/manya/uav_drone/install/uav_drone_simulation' for CMake module files
[0.800s] Level 1:colcon.colcon_core.environment:checking '/home/manya/uav_drone/install/uav_drone_simulation' for CMake config files
[0.800s] Level 1:colcon.colcon_core.shell:create_environment_hook('uav_drone_simulation', 'cmake_prefix_path')
[0.800s] INFO:colcon.colcon_core.shell:Creating environment hook '/home/manya/uav_drone/install/uav_drone_simulation/share/uav_drone_simulation/hook/cmake_prefix_path.ps1'
[0.801s] INFO:colcon.colcon_core.shell:Creating environment descriptor '/home/manya/uav_drone/install/uav_drone_simulation/share/uav_drone_simulation/hook/cmake_prefix_path.dsv'
[0.801s] INFO:colcon.colcon_core.shell:Creating environment hook '/home/manya/uav_drone/install/uav_drone_simulation/share/uav_drone_simulation/hook/cmake_prefix_path.sh'
[0.802s] Level 1:colcon.colcon_core.environment:checking '/home/manya/uav_drone/install/uav_drone_simulation/bin'
[0.802s] Level 1:colcon.colcon_core.environment:checking '/home/manya/uav_drone/install/uav_drone_simulation/lib/pkgconfig/uav_drone_simulation.pc'
[0.802s] Level 1:colcon.colcon_core.environment:checking '/home/manya/uav_drone/install/uav_drone_simulation/lib/python3.10/site-packages'
[0.802s] Level 1:colcon.colcon_core.environment:checking '/home/manya/uav_drone/install/uav_drone_simulation/bin'
[0.802s] INFO:colcon.colcon_core.shell:Creating package script '/home/manya/uav_drone/install/uav_drone_simulation/share/uav_drone_simulation/package.ps1'
[0.803s] INFO:colcon.colcon_core.shell:Creating package descriptor '/home/manya/uav_drone/install/uav_drone_simulation/share/uav_drone_simulation/package.dsv'
[0.803s] INFO:colcon.colcon_core.shell:Creating package script '/home/manya/uav_drone/install/uav_drone_simulation/share/uav_drone_simulation/package.sh'
[0.804s] INFO:colcon.colcon_core.shell:Creating package script '/home/manya/uav_drone/install/uav_drone_simulation/share/uav_drone_simulation/package.bash'
[0.804s] INFO:colcon.colcon_core.shell:Creating package script '/home/manya/uav_drone/install/uav_drone_simulation/share/uav_drone_simulation/package.zsh'
[0.805s] Level 1:colcon.colcon_core.environment:create_file_with_runtime_dependencies(/home/manya/uav_drone/install/uav_drone_simulation/share/colcon-core/packages/uav_drone_simulation)
[0.806s] DEBUG:colcon.colcon_core.event_handler.log_command:Invoked command in '/home/manya/uav_drone/build/uav_drone_description' returned '0': CMAKE_PREFIX_PATH=${CMAKE_PREFIX_PATH}:/home/manya/uav_drone/install/uav_drone_control:/home/manya/uav_drone/install/uav_drone_bringup /usr/bin/cmake --build /home/manya/uav_drone/build/uav_drone_description -- -j12 -l12
[0.826s] Level 1:colcon.colcon_core.environment:create_environment_scripts_only(uav_drone_simulation)
[0.826s] Level 1:colcon.colcon_core.environment:checking '/home/manya/uav_drone/install/uav_drone_simulation' for CMake module files
[0.827s] Level 1:colcon.colcon_core.environment:checking '/home/manya/uav_drone/install/uav_drone_simulation' for CMake config files
[0.827s] Level 1:colcon.colcon_core.shell:create_environment_hook('uav_drone_simulation', 'cmake_prefix_path')
[0.827s] INFO:colcon.colcon_core.shell:Creating environment hook '/home/manya/uav_drone/install/uav_drone_simulation/share/uav_drone_simulation/hook/cmake_prefix_path.ps1'
[0.827s] INFO:colcon.colcon_core.shell:Creating environment descriptor '/home/manya/uav_drone/install/uav_drone_simulation/share/uav_drone_simulation/hook/cmake_prefix_path.dsv'
[0.828s] INFO:colcon.colcon_core.shell:Creating environment hook '/home/manya/uav_drone/install/uav_drone_simulation/share/uav_drone_simulation/hook/cmake_prefix_path.sh'
[0.828s] Level 1:colcon.colcon_core.environment:checking '/home/manya/uav_drone/install/uav_drone_simulation/bin'
[0.828s] Level 1:colcon.colcon_core.environment:checking '/home/manya/uav_drone/install/uav_drone_simulation/lib/pkgconfig/uav_drone_simulation.pc'
[0.828s] Level 1:colcon.colcon_core.environment:checking '/home/manya/uav_drone/install/uav_drone_simulation/lib/python3.10/site-packages'
[0.828s] Level 1:colcon.colcon_core.environment:checking '/home/manya/uav_drone/install/uav_drone_simulation/bin'
[0.829s] INFO:colcon.colcon_core.shell:Creating package script '/home/manya/uav_drone/install/uav_drone_simulation/share/uav_drone_simulation/package.ps1'
[0.829s] INFO:colcon.colcon_core.shell:Creating package descriptor '/home/manya/uav_drone/install/uav_drone_simulation/share/uav_drone_simulation/package.dsv'
[0.829s] INFO:colcon.colcon_core.shell:Creating package script '/home/manya/uav_drone/install/uav_drone_simulation/share/uav_drone_simulation/package.sh'
[0.830s] INFO:colcon.colcon_core.shell:Creating package script '/home/manya/uav_drone/install/uav_drone_simulation/share/uav_drone_simulation/package.bash'
[0.830s] INFO:colcon.colcon_core.shell:Creating package script '/home/manya/uav_drone/install/uav_drone_simulation/share/uav_drone_simulation/package.zsh'
[0.830s] Level 1:colcon.colcon_core.environment:create_file_with_runtime_dependencies(/home/manya/uav_drone/install/uav_drone_simulation/share/colcon-core/packages/uav_drone_simulation)
[0.836s] DEBUG:colcon.colcon_core.event_handler.log_command:Invoking command in '/home/manya/uav_drone/build/uav_drone_description': CMAKE_PREFIX_PATH=${CMAKE_PREFIX_PATH}:/home/manya/uav_drone/install/uav_drone_control:/home/manya/uav_drone/install/uav_drone_bringup /usr/bin/cmake --install /home/manya/uav_drone/build/uav_drone_description
[0.847s] Level 1:colcon.colcon_core.environment:create_environment_scripts_only(uav_drone_description)
[0.847s] Level 1:colcon.colcon_core.environment:checking '/home/manya/uav_drone/install/uav_drone_description' for CMake module files
[0.847s] DEBUG:colcon.colcon_core.event_handler.log_command:Invoked command in '/home/manya/uav_drone/build/uav_drone_description' returned '0': CMAKE_PREFIX_PATH=${CMAKE_PREFIX_PATH}:/home/manya/uav_drone/install/uav_drone_control:/home/manya/uav_drone/install/uav_drone_bringup /usr/bin/cmake --install /home/manya/uav_drone/build/uav_drone_description
[0.848s] Level 1:colcon.colcon_core.environment:checking '/home/manya/uav_drone/install/uav_drone_description' for CMake config files
[0.848s] Level 1:colcon.colcon_core.shell:create_environment_hook('uav_drone_description', 'cmake_prefix_path')
[0.848s] INFO:colcon.colcon_core.shell:Creating environment hook '/home/manya/uav_drone/install/uav_drone_description/share/uav_drone_description/hook/cmake_prefix_path.ps1'
[0.849s] INFO:colcon.colcon_core.shell:Creating environment descriptor '/home/manya/uav_drone/install/uav_drone_description/share/uav_drone_description/hook/cmake_prefix_path.dsv'
[0.849s] INFO:colcon.colcon_core.shell:Creating environment hook '/home/manya/uav_drone/install/uav_drone_description/share/uav_drone_description/hook/cmake_prefix_path.sh'
[0.850s] Level 1:colcon.colcon_core.environment:checking '/home/manya/uav_drone/install/uav_drone_description/lib'
[0.850s] Level 1:colcon.colcon_core.shell:create_environment_hook('uav_drone_description', 'ld_library_path_lib')
[0.850s] INFO:colcon.colcon_core.shell:Creating environment hook '/home/manya/uav_drone/install/uav_drone_description/share/uav_drone_description/hook/ld_library_path_lib.ps1'
[0.851s] INFO:colcon.colcon_core.shell:Creating environment descriptor '/home/manya/uav_drone/install/uav_drone_description/share/uav_drone_description/hook/ld_library_path_lib.dsv'
[0.851s] INFO:colcon.colcon_core.shell:Creating environment hook '/home/manya/uav_drone/install/uav_drone_description/share/uav_drone_description/hook/ld_library_path_lib.sh'
[0.851s] Level 1:colcon.colcon_core.environment:checking '/home/manya/uav_drone/install/uav_drone_description/bin'
[0.851s] Level 1:colcon.colcon_core.environment:checking '/home/manya/uav_drone/install/uav_drone_description/lib/pkgconfig/uav_drone_description.pc'
[0.851s] Level 1:colcon.colcon_core.environment:checking '/home/manya/uav_drone/install/uav_drone_description/lib/python3.10/site-packages'
[0.851s] Level 1:colcon.colcon_core.environment:checking '/home/manya/uav_drone/install/uav_drone_description/bin'
[0.852s] INFO:colcon.colcon_core.shell:Creating package script '/home/manya/uav_drone/install/uav_drone_description/share/uav_drone_description/package.ps1'
[0.852s] INFO:colcon.colcon_core.shell:Creating package descriptor '/home/manya/uav_drone/install/uav_drone_description/share/uav_drone_description/package.dsv'
[0.852s] INFO:colcon.colcon_core.shell:Creating package script '/home/manya/uav_drone/install/uav_drone_description/share/uav_drone_description/package.sh'
[0.853s] INFO:colcon.colcon_core.shell:Creating package script '/home/manya/uav_drone/install/uav_drone_description/share/uav_drone_description/package.bash'
[0.853s] INFO:colcon.colcon_core.shell:Creating package script '/home/manya/uav_drone/install/uav_drone_description/share/uav_drone_description/package.zsh'
[0.853s] Level 1:colcon.colcon_core.environment:create_file_with_runtime_dependencies(/home/manya/uav_drone/install/uav_drone_description/share/colcon-core/packages/uav_drone_description)
[0.882s] Level 1:colcon.colcon_core.environment:create_environment_scripts_only(uav_drone_description)
[0.882s] Level 1:colcon.colcon_core.environment:checking '/home/manya/uav_drone/install/uav_drone_description' for CMake module files
[0.883s] Level 1:colcon.colcon_core.environment:checking '/home/manya/uav_drone/install/uav_drone_description' for CMake config files
[0.883s] Level 1:colcon.colcon_core.shell:create_environment_hook('uav_drone_description', 'cmake_prefix_path')
[0.883s] INFO:colcon.colcon_core.shell:Creating environment hook '/home/manya/uav_drone/install/uav_drone_description/share/uav_drone_description/hook/cmake_prefix_path.ps1'
[0.883s] INFO:colcon.colcon_core.shell:Creating environment descriptor '/home/manya/uav_drone/install/uav_drone_description/share/uav_drone_description/hook/cmake_prefix_path.dsv'
[0.883s] INFO:colcon.colcon_core.shell:Creating environment hook '/home/manya/uav_drone/install/uav_drone_description/share/uav_drone_description/hook/cmake_prefix_path.sh'
[0.884s] Level 1:colcon.colcon_core.environment:checking '/home/manya/uav_drone/install/uav_drone_description/lib'
[0.884s] Level 1:colcon.colcon_core.shell:create_environment_hook('uav_drone_description', 'ld_library_path_lib')
[0.884s] INFO:colcon.colcon_core.shell:Creating environment hook '/home/manya/uav_drone/install/uav_drone_description/share/uav_drone_description/hook/ld_library_path_lib.ps1'
[0.884s] INFO:colcon.colcon_core.shell:Creating environment descriptor '/home/manya/uav_drone/install/uav_drone_description/share/uav_drone_description/hook/ld_library_path_lib.dsv'
[0.885s] INFO:colcon.colcon_core.shell:Creating environment hook '/home/manya/uav_drone/install/uav_drone_description/share/uav_drone_description/hook/ld_library_path_lib.sh'
[0.885s] Level 1:colcon.colcon_core.environment:checking '/home/manya/uav_drone/install/uav_drone_description/bin'
[0.885s] Level 1:colcon.colcon_core.environment:checking '/home/manya/uav_drone/install/uav_drone_description/lib/pkgconfig/uav_drone_description.pc'
[0.885s] Level 1:colcon.colcon_core.environment:checking '/home/manya/uav_drone/install/uav_drone_description/lib/python3.10/site-packages'
[0.885s] Level 1:colcon.colcon_core.environment:checking '/home/manya/uav_drone/install/uav_drone_description/bin'
[0.885s] INFO:colcon.colcon_core.shell:Creating package script '/home/manya/uav_drone/install/uav_drone_description/share/uav_drone_description/package.ps1'
[0.886s] INFO:colcon.colcon_core.shell:Creating package descriptor '/home/manya/uav_drone/install/uav_drone_description/share/uav_drone_description/package.dsv'
[0.886s] INFO:colcon.colcon_core.shell:Creating package script '/home/manya/uav_drone/install/uav_drone_description/share/uav_drone_description/package.sh'
[0.886s] INFO:colcon.colcon_core.shell:Creating package script '/home/manya/uav_drone/install/uav_drone_description/share/uav_drone_description/package.bash'
[0.887s] INFO:colcon.colcon_core.shell:Creating package script '/home/manya/uav_drone/install/uav_drone_description/share/uav_drone_description/package.zsh'
[0.887s] Level 1:colcon.colcon_core.environment:create_file_with_runtime_dependencies(/home/manya/uav_drone/install/uav_drone_description/share/colcon-core/packages/uav_drone_description)
[1.048s] DEBUG:colcon.colcon_core.event_handler.log_command:Invoking command in '/home/manya/uav_drone/uav_drone_bringup': PYTHONPATH=/home/manya/uav_drone/build/uav_drone_bringup/prefix_override:/usr/lib/python3/dist-packages/colcon_core/task/python/colcon_distutils_commands:/home/manya/uav_drone/install/uav_drone_bringup/lib/python3.10/site-packages:${PYTHONPATH} /usr/bin/python3 -W ignore:setup.py install is deprecated setup.py egg_info --egg-base ../build/uav_drone_bringup build --build-base /home/manya/uav_drone/build/uav_drone_bringup/build install --record /home/manya/uav_drone/build/uav_drone_bringup/install.log --single-version-externally-managed install_data
[1.059s] DEBUG:colcon.colcon_core.event_handler.log_command:Invoking command in '/home/manya/uav_drone/uav_drone_control': PYTHONPATH=/home/manya/uav_drone/build/uav_drone_control/prefix_override:/usr/lib/python3/dist-packages/colcon_core/task/python/colcon_distutils_commands:/home/manya/uav_drone/install/uav_drone_control/lib/python3.10/site-packages:${PYTHONPATH} /usr/bin/python3 -W ignore:setup.py install is deprecated setup.py egg_info --egg-base ../build/uav_drone_control build --build-base /home/manya/uav_drone/build/uav_drone_control/build install --record /home/manya/uav_drone/build/uav_drone_control/install.log --single-version-externally-managed install_data
[1.260s] DEBUG:colcon.colcon_core.event_handler.log_command:Invoked command in '/home/manya/uav_drone/uav_drone_bringup' returned '1': PYTHONPATH=/home/manya/uav_drone/build/uav_drone_bringup/prefix_override:/usr/lib/python3/dist-packages/colcon_core/task/python/colcon_distutils_commands:/home/manya/uav_drone/install/uav_drone_bringup/lib/python3.10/site-packages:${PYTHONPATH} /usr/bin/python3 -W ignore:setup.py install is deprecated setup.py egg_info --egg-base ../build/uav_drone_bringup build --build-base /home/manya/uav_drone/build/uav_drone_bringup/build install --record /home/manya/uav_drone/build/uav_drone_bringup/install.log --single-version-externally-managed install_data
[1.283s] DEBUG:colcon.colcon_parallel_executor.executor.parallel:closing loop
[1.283s] DEBUG:colcon.colcon_parallel_executor.executor.parallel:loop closed
[1.283s] DEBUG:colcon.colcon_parallel_executor.executor.parallel:run_until_complete finished with '1'
[1.283s] DEBUG:colcon.colcon_core.event_reactor:joining thread
[1.288s] INFO:colcon.colcon_core.plugin_system:Skipping extension 'colcon_notification.desktop_notification.terminal_notifier': Not used on non-Darwin systems
[1.288s] INFO:colcon.colcon_core.plugin_system:Skipping extension 'colcon_notification.desktop_notification.win32': Not used on non-Windows systems
[1.288s] INFO:colcon.colcon_notification.desktop_notification:Sending desktop notification using 'notify2'
[1.298s] DEBUG:colcon.colcon_core.event_reactor:joined thread
[1.298s] INFO:colcon.colcon_core.shell:Creating prefix script '/home/manya/uav_drone/install/local_setup.ps1'
[1.299s] INFO:colcon.colcon_core.shell:Creating prefix util module '/home/manya/uav_drone/install/_local_setup_util_ps1.py'
[1.300s] INFO:colcon.colcon_core.shell:Creating prefix chain script '/home/manya/uav_drone/install/setup.ps1'
[1.300s] INFO:colcon.colcon_core.shell:Creating prefix script '/home/manya/uav_drone/install/local_setup.sh'
[1.301s] INFO:colcon.colcon_core.shell:Creating prefix util module '/home/manya/uav_drone/install/_local_setup_util_sh.py'
[1.301s] INFO:colcon.colcon_core.shell:Creating prefix chain script '/home/manya/uav_drone/install/setup.sh'
[1.302s] INFO:colcon.colcon_core.shell:Creating prefix script '/home/manya/uav_drone/install/local_setup.bash'
[1.302s] INFO:colcon.colcon_core.shell:Creating prefix chain script '/home/manya/uav_drone/install/setup.bash'
[1.303s] INFO:colcon.colcon_core.shell:Creating prefix script '/home/manya/uav_drone/install/local_setup.zsh'
[1.304s] INFO:colcon.colcon_core.shell:Creating prefix chain script '/home/manya/uav_drone/install/setup.zsh'
