[0.079s] DEBUG:colcon:Command line arguments: ['/usr/bin/colcon', 'build']
[0.079s] DEBUG:colcon:Parsed command line arguments: Namespace(log_base=None, log_level=None, verb_name='build', build_base='build', install_base='install', merge_install=False, symlink_install=False, test_result_base=None, continue_on_error=False, executor='parallel', parallel_workers=12, event_handlers=None, ignore_user_meta=False, metas=['./colcon.meta'], base_paths=['.'], packages_ignore=None, packages_ignore_regex=None, paths=None, packages_up_to=None, packages_up_to_regex=None, packages_above=None, packages_above_and_dependencies=None, packages_above_depth=None, packages_select_by_dep=None, packages_skip_by_dep=None, packages_skip_up_to=None, packages_select_build_failed=False, packages_skip_build_finished=False, packages_select_test_failures=False, packages_skip_test_passed=False, packages_select=None, packages_skip=None, packages_select_regex=None, packages_skip_regex=None, packages_start=None, packages_end=None, allow_overriding=[], cmake_args=None, cmake_target=None, cmake_target_skip_unavailable=False, cmake_clean_cache=False, cmake_clean_first=False, cmake_force_configure=False, ament_cmake_args=None, catkin_cmake_args=None, catkin_skip_building_tests=False, verb_parser=<colcon_defaults.argument_parser.defaults.DefaultArgumentsDecorator object at 0x76e4d40593f0>, verb_extension=<colcon_core.verb.build.BuildVerb object at 0x76e4d40585b0>, main=<bound method BuildVerb.main of <colcon_core.verb.build.BuildVerb object at 0x76e4d40585b0>>)
[0.214s] Level 1:colcon.colcon_core.package_discovery:discover_packages(colcon_meta) check parameters
[0.214s] Level 1:colcon.colcon_core.package_discovery:discover_packages(recursive) check parameters
[0.214s] Level 1:colcon.colcon_core.package_discovery:discover_packages(ignore) check parameters
[0.214s] Level 1:colcon.colcon_core.package_discovery:discover_packages(path) check parameters
[0.214s] Level 1:colcon.colcon_core.package_discovery:discover_packages(colcon_meta) discover
[0.214s] Level 1:colcon.colcon_core.package_discovery:discover_packages(recursive) discover
[0.214s] INFO:colcon.colcon_core.package_discovery:Crawling recursively for packages in '/home/manya/uav_drone'
[0.215s] Level 1:colcon.colcon_core.package_identification:_identify(.) by extensions ['ignore', 'ignore_ament_install']
[0.215s] Level 1:colcon.colcon_core.package_identification:_identify(.) by extension 'ignore'
[0.215s] Level 1:colcon.colcon_core.package_identification:_identify(.) by extension 'ignore_ament_install'
[0.215s] Level 1:colcon.colcon_core.package_identification:_identify(.) by extensions ['colcon_pkg']
[0.215s] Level 1:colcon.colcon_core.package_identification:_identify(.) by extension 'colcon_pkg'
[0.215s] Level 1:colcon.colcon_core.package_identification:_identify(.) by extensions ['colcon_meta']
[0.215s] Level 1:colcon.colcon_core.package_identification:_identify(.) by extension 'colcon_meta'
[0.215s] Level 1:colcon.colcon_core.package_identification:_identify(.) by extensions ['ros']
[0.215s] Level 1:colcon.colcon_core.package_identification:_identify(.) by extension 'ros'
[0.223s] Level 1:colcon.colcon_core.package_identification:_identify(.) by extensions ['cmake', 'python']
[0.223s] Level 1:colcon.colcon_core.package_identification:_identify(.) by extension 'cmake'
[0.223s] Level 1:colcon.colcon_core.package_identification:_identify(.) by extension 'python'
[0.223s] Level 1:colcon.colcon_core.package_identification:_identify(.) by extensions ['python_setup_py']
[0.223s] Level 1:colcon.colcon_core.package_identification:_identify(.) by extension 'python_setup_py'
[0.223s] Level 1:colcon.colcon_core.package_identification:_identify(build) by extensions ['ignore', 'ignore_ament_install']
[0.223s] Level 1:colcon.colcon_core.package_identification:_identify(build) by extension 'ignore'
[0.223s] Level 1:colcon.colcon_core.package_identification:_identify(build) ignored
[0.223s] Level 1:colcon.colcon_core.package_identification:_identify(install) by extensions ['ignore', 'ignore_ament_install']
[0.224s] Level 1:colcon.colcon_core.package_identification:_identify(install) by extension 'ignore'
[0.224s] Level 1:colcon.colcon_core.package_identification:_identify(install) ignored
[0.224s] Level 1:colcon.colcon_core.package_identification:_identify(log) by extensions ['ignore', 'ignore_ament_install']
[0.224s] Level 1:colcon.colcon_core.package_identification:_identify(log) by extension 'ignore'
[0.224s] Level 1:colcon.colcon_core.package_identification:_identify(log) ignored
[0.224s] Level 1:colcon.colcon_core.package_identification:_identify(uav_drone_bringup) by extensions ['ignore', 'ignore_ament_install']
[0.224s] Level 1:colcon.colcon_core.package_identification:_identify(uav_drone_bringup) by extension 'ignore'
[0.224s] Level 1:colcon.colcon_core.package_identification:_identify(uav_drone_bringup) by extension 'ignore_ament_install'
[0.224s] Level 1:colcon.colcon_core.package_identification:_identify(uav_drone_bringup) by extensions ['colcon_pkg']
[0.224s] Level 1:colcon.colcon_core.package_identification:_identify(uav_drone_bringup) by extension 'colcon_pkg'
[0.224s] Level 1:colcon.colcon_core.package_identification:_identify(uav_drone_bringup) by extensions ['colcon_meta']
[0.224s] Level 1:colcon.colcon_core.package_identification:_identify(uav_drone_bringup) by extension 'colcon_meta'
[0.224s] Level 1:colcon.colcon_core.package_identification:_identify(uav_drone_bringup) by extensions ['ros']
[0.224s] Level 1:colcon.colcon_core.package_identification:_identify(uav_drone_bringup) by extension 'ros'
[0.226s] DEBUG:colcon.colcon_core.package_identification:Package 'uav_drone_bringup' with type 'ros.ament_python' and name 'uav_drone_bringup'
[0.226s] Level 1:colcon.colcon_core.package_identification:_identify(uav_drone_control) by extensions ['ignore', 'ignore_ament_install']
[0.226s] Level 1:colcon.colcon_core.package_identification:_identify(uav_drone_control) by extension 'ignore'
[0.226s] Level 1:colcon.colcon_core.package_identification:_identify(uav_drone_control) by extension 'ignore_ament_install'
[0.226s] Level 1:colcon.colcon_core.package_identification:_identify(uav_drone_control) by extensions ['colcon_pkg']
[0.226s] Level 1:colcon.colcon_core.package_identification:_identify(uav_drone_control) by extension 'colcon_pkg'
[0.226s] Level 1:colcon.colcon_core.package_identification:_identify(uav_drone_control) by extensions ['colcon_meta']
[0.226s] Level 1:colcon.colcon_core.package_identification:_identify(uav_drone_control) by extension 'colcon_meta'
[0.226s] Level 1:colcon.colcon_core.package_identification:_identify(uav_drone_control) by extensions ['ros']
[0.226s] Level 1:colcon.colcon_core.package_identification:_identify(uav_drone_control) by extension 'ros'
[0.227s] DEBUG:colcon.colcon_core.package_identification:Package 'uav_drone_control' with type 'ros.ament_python' and name 'uav_drone_control'
[0.227s] Level 1:colcon.colcon_core.package_identification:_identify(uav_drone_description) by extensions ['ignore', 'ignore_ament_install']
[0.227s] Level 1:colcon.colcon_core.package_identification:_identify(uav_drone_description) by extension 'ignore'
[0.227s] Level 1:colcon.colcon_core.package_identification:_identify(uav_drone_description) by extension 'ignore_ament_install'
[0.227s] Level 1:colcon.colcon_core.package_identification:_identify(uav_drone_description) by extensions ['colcon_pkg']
[0.227s] Level 1:colcon.colcon_core.package_identification:_identify(uav_drone_description) by extension 'colcon_pkg'
[0.227s] Level 1:colcon.colcon_core.package_identification:_identify(uav_drone_description) by extensions ['colcon_meta']
[0.227s] Level 1:colcon.colcon_core.package_identification:_identify(uav_drone_description) by extension 'colcon_meta'
[0.227s] Level 1:colcon.colcon_core.package_identification:_identify(uav_drone_description) by extensions ['ros']
[0.227s] Level 1:colcon.colcon_core.package_identification:_identify(uav_drone_description) by extension 'ros'
[0.228s] DEBUG:colcon.colcon_core.package_identification:Package 'uav_drone_description' with type 'ros.ament_cmake' and name 'uav_drone_description'
[0.228s] Level 1:colcon.colcon_core.package_identification:_identify(uav_drone_simulation) by extensions ['ignore', 'ignore_ament_install']
[0.228s] Level 1:colcon.colcon_core.package_identification:_identify(uav_drone_simulation) by extension 'ignore'
[0.228s] Level 1:colcon.colcon_core.package_identification:_identify(uav_drone_simulation) by extension 'ignore_ament_install'
[0.228s] Level 1:colcon.colcon_core.package_identification:_identify(uav_drone_simulation) by extensions ['colcon_pkg']
[0.228s] Level 1:colcon.colcon_core.package_identification:_identify(uav_drone_simulation) by extension 'colcon_pkg'
[0.228s] Level 1:colcon.colcon_core.package_identification:_identify(uav_drone_simulation) by extensions ['colcon_meta']
[0.228s] Level 1:colcon.colcon_core.package_identification:_identify(uav_drone_simulation) by extension 'colcon_meta'
[0.228s] Level 1:colcon.colcon_core.package_identification:_identify(uav_drone_simulation) by extensions ['ros']
[0.228s] Level 1:colcon.colcon_core.package_identification:_identify(uav_drone_simulation) by extension 'ros'
[0.229s] DEBUG:colcon.colcon_core.package_identification:Package 'uav_drone_simulation' with type 'ros.ament_cmake' and name 'uav_drone_simulation'
[0.229s] Level 1:colcon.colcon_core.package_discovery:discover_packages(recursive) using defaults
[0.229s] Level 1:colcon.colcon_core.package_discovery:discover_packages(ignore) discover
[0.229s] Level 1:colcon.colcon_core.package_discovery:discover_packages(ignore) using defaults
[0.229s] Level 1:colcon.colcon_core.package_discovery:discover_packages(path) discover
[0.229s] Level 1:colcon.colcon_core.package_discovery:discover_packages(path) using defaults
[0.243s] Level 1:colcon.colcon_core.package_discovery:discover_packages(prefix_path) check parameters
[0.243s] Level 1:colcon.colcon_core.package_discovery:discover_packages(prefix_path) discover
[0.246s] DEBUG:colcon.colcon_installed_package_information.package_discovery:Found 423 installed packages in /opt/ros/humble
[0.256s] Level 1:colcon.colcon_core.package_discovery:discover_packages(prefix_path) using defaults
[0.294s] Level 5:colcon.colcon_core.verb:set package 'uav_drone_bringup' build argument 'cmake_args' from command line to 'None'
[0.294s] Level 5:colcon.colcon_core.verb:set package 'uav_drone_bringup' build argument 'cmake_target' from command line to 'None'
[0.294s] Level 5:colcon.colcon_core.verb:set package 'uav_drone_bringup' build argument 'cmake_target_skip_unavailable' from command line to 'False'
[0.294s] Level 5:colcon.colcon_core.verb:set package 'uav_drone_bringup' build argument 'cmake_clean_cache' from command line to 'False'
[0.294s] Level 5:colcon.colcon_core.verb:set package 'uav_drone_bringup' build argument 'cmake_clean_first' from command line to 'False'
[0.294s] Level 5:colcon.colcon_core.verb:set package 'uav_drone_bringup' build argument 'cmake_force_configure' from command line to 'False'
[0.294s] Level 5:colcon.colcon_core.verb:set package 'uav_drone_bringup' build argument 'ament_cmake_args' from command line to 'None'
[0.294s] Level 5:colcon.colcon_core.verb:set package 'uav_drone_bringup' build argument 'catkin_cmake_args' from command line to 'None'
[0.294s] Level 5:colcon.colcon_core.verb:set package 'uav_drone_bringup' build argument 'catkin_skip_building_tests' from command line to 'False'
[0.294s] DEBUG:colcon.colcon_core.verb:Building package 'uav_drone_bringup' with the following arguments: {'ament_cmake_args': None, 'build_base': '/home/manya/uav_drone/build/uav_drone_bringup', 'catkin_cmake_args': None, 'catkin_skip_building_tests': False, 'cmake_args': None, 'cmake_clean_cache': False, 'cmake_clean_first': False, 'cmake_force_configure': False, 'cmake_target': None, 'cmake_target_skip_unavailable': False, 'install_base': '/home/manya/uav_drone/install/uav_drone_bringup', 'merge_install': False, 'path': '/home/manya/uav_drone/uav_drone_bringup', 'symlink_install': False, 'test_result_base': None}
[0.295s] Level 5:colcon.colcon_core.verb:set package 'uav_drone_control' build argument 'cmake_args' from command line to 'None'
[0.295s] Level 5:colcon.colcon_core.verb:set package 'uav_drone_control' build argument 'cmake_target' from command line to 'None'
[0.295s] Level 5:colcon.colcon_core.verb:set package 'uav_drone_control' build argument 'cmake_target_skip_unavailable' from command line to 'False'
[0.295s] Level 5:colcon.colcon_core.verb:set package 'uav_drone_control' build argument 'cmake_clean_cache' from command line to 'False'
[0.295s] Level 5:colcon.colcon_core.verb:set package 'uav_drone_control' build argument 'cmake_clean_first' from command line to 'False'
[0.295s] Level 5:colcon.colcon_core.verb:set package 'uav_drone_control' build argument 'cmake_force_configure' from command line to 'False'
[0.295s] Level 5:colcon.colcon_core.verb:set package 'uav_drone_control' build argument 'ament_cmake_args' from command line to 'None'
[0.295s] Level 5:colcon.colcon_core.verb:set package 'uav_drone_control' build argument 'catkin_cmake_args' from command line to 'None'
[0.295s] Level 5:colcon.colcon_core.verb:set package 'uav_drone_control' build argument 'catkin_skip_building_tests' from command line to 'False'
[0.295s] DEBUG:colcon.colcon_core.verb:Building package 'uav_drone_control' with the following arguments: {'ament_cmake_args': None, 'build_base': '/home/manya/uav_drone/build/uav_drone_control', 'catkin_cmake_args': None, 'catkin_skip_building_tests': False, 'cmake_args': None, 'cmake_clean_cache': False, 'cmake_clean_first': False, 'cmake_force_configure': False, 'cmake_target': None, 'cmake_target_skip_unavailable': False, 'install_base': '/home/manya/uav_drone/install/uav_drone_control', 'merge_install': False, 'path': '/home/manya/uav_drone/uav_drone_control', 'symlink_install': False, 'test_result_base': None}
[0.295s] Level 5:colcon.colcon_core.verb:set package 'uav_drone_description' build argument 'cmake_args' from command line to 'None'
[0.295s] Level 5:colcon.colcon_core.verb:set package 'uav_drone_description' build argument 'cmake_target' from command line to 'None'
[0.295s] Level 5:colcon.colcon_core.verb:set package 'uav_drone_description' build argument 'cmake_target_skip_unavailable' from command line to 'False'
[0.295s] Level 5:colcon.colcon_core.verb:set package 'uav_drone_description' build argument 'cmake_clean_cache' from command line to 'False'
[0.295s] Level 5:colcon.colcon_core.verb:set package 'uav_drone_description' build argument 'cmake_clean_first' from command line to 'False'
[0.295s] Level 5:colcon.colcon_core.verb:set package 'uav_drone_description' build argument 'cmake_force_configure' from command line to 'False'
[0.295s] Level 5:colcon.colcon_core.verb:set package 'uav_drone_description' build argument 'ament_cmake_args' from command line to 'None'
[0.295s] Level 5:colcon.colcon_core.verb:set package 'uav_drone_description' build argument 'catkin_cmake_args' from command line to 'None'
[0.295s] Level 5:colcon.colcon_core.verb:set package 'uav_drone_description' build argument 'catkin_skip_building_tests' from command line to 'False'
[0.295s] DEBUG:colcon.colcon_core.verb:Building package 'uav_drone_description' with the following arguments: {'ament_cmake_args': None, 'build_base': '/home/manya/uav_drone/build/uav_drone_description', 'catkin_cmake_args': None, 'catkin_skip_building_tests': False, 'cmake_args': None, 'cmake_clean_cache': False, 'cmake_clean_first': False, 'cmake_force_configure': False, 'cmake_target': None, 'cmake_target_skip_unavailable': False, 'install_base': '/home/manya/uav_drone/install/uav_drone_description', 'merge_install': False, 'path': '/home/manya/uav_drone/uav_drone_description', 'symlink_install': False, 'test_result_base': None}
[0.296s] Level 5:colcon.colcon_core.verb:set package 'uav_drone_simulation' build argument 'cmake_args' from command line to 'None'
[0.296s] Level 5:colcon.colcon_core.verb:set package 'uav_drone_simulation' build argument 'cmake_target' from command line to 'None'
[0.296s] Level 5:colcon.colcon_core.verb:set package 'uav_drone_simulation' build argument 'cmake_target_skip_unavailable' from command line to 'False'
[0.296s] Level 5:colcon.colcon_core.verb:set package 'uav_drone_simulation' build argument 'cmake_clean_cache' from command line to 'False'
[0.296s] Level 5:colcon.colcon_core.verb:set package 'uav_drone_simulation' build argument 'cmake_clean_first' from command line to 'False'
[0.296s] Level 5:colcon.colcon_core.verb:set package 'uav_drone_simulation' build argument 'cmake_force_configure' from command line to 'False'
[0.296s] Level 5:colcon.colcon_core.verb:set package 'uav_drone_simulation' build argument 'ament_cmake_args' from command line to 'None'
[0.296s] Level 5:colcon.colcon_core.verb:set package 'uav_drone_simulation' build argument 'catkin_cmake_args' from command line to 'None'
[0.296s] Level 5:colcon.colcon_core.verb:set package 'uav_drone_simulation' build argument 'catkin_skip_building_tests' from command line to 'False'
[0.296s] DEBUG:colcon.colcon_core.verb:Building package 'uav_drone_simulation' with the following arguments: {'ament_cmake_args': None, 'build_base': '/home/manya/uav_drone/build/uav_drone_simulation', 'catkin_cmake_args': None, 'catkin_skip_building_tests': False, 'cmake_args': None, 'cmake_clean_cache': False, 'cmake_clean_first': False, 'cmake_force_configure': False, 'cmake_target': None, 'cmake_target_skip_unavailable': False, 'install_base': '/home/manya/uav_drone/install/uav_drone_simulation', 'merge_install': False, 'path': '/home/manya/uav_drone/uav_drone_simulation', 'symlink_install': False, 'test_result_base': None}
[0.296s] INFO:colcon.colcon_core.executor:Executing jobs using 'parallel' executor
[0.297s] DEBUG:colcon.colcon_parallel_executor.executor.parallel:run_until_complete
[0.297s] INFO:colcon.colcon_ros.task.ament_python.build:Building ROS package in '/home/manya/uav_drone/uav_drone_bringup' with build type 'ament_python'
[0.297s] Level 1:colcon.colcon_core.shell:create_environment_hook('uav_drone_bringup', 'ament_prefix_path')
[0.299s] INFO:colcon.colcon_core.plugin_system:Skipping extension 'colcon_core.shell.bat': Not used on non-Windows systems
[0.299s] INFO:colcon.colcon_core.shell:Creating environment hook '/home/manya/uav_drone/install/uav_drone_bringup/share/uav_drone_bringup/hook/ament_prefix_path.ps1'
[0.300s] INFO:colcon.colcon_core.shell:Creating environment descriptor '/home/manya/uav_drone/install/uav_drone_bringup/share/uav_drone_bringup/hook/ament_prefix_path.dsv'
[0.300s] INFO:colcon.colcon_core.shell:Creating environment hook '/home/manya/uav_drone/install/uav_drone_bringup/share/uav_drone_bringup/hook/ament_prefix_path.sh'
[0.300s] INFO:colcon.colcon_core.shell:Skip shell extension 'powershell' for command environment: Not usable outside of PowerShell
[0.301s] DEBUG:colcon.colcon_core.shell:Skip shell extension 'dsv' for command environment
[0.304s] INFO:colcon.colcon_ros.task.ament_python.build:Building ROS package in '/home/manya/uav_drone/uav_drone_control' with build type 'ament_python'
[0.304s] Level 1:colcon.colcon_core.shell:create_environment_hook('uav_drone_control', 'ament_prefix_path')
[0.304s] INFO:colcon.colcon_core.shell:Creating environment hook '/home/manya/uav_drone/install/uav_drone_control/share/uav_drone_control/hook/ament_prefix_path.ps1'
[0.304s] INFO:colcon.colcon_core.shell:Creating environment descriptor '/home/manya/uav_drone/install/uav_drone_control/share/uav_drone_control/hook/ament_prefix_path.dsv'
[0.305s] INFO:colcon.colcon_core.shell:Creating environment hook '/home/manya/uav_drone/install/uav_drone_control/share/uav_drone_control/hook/ament_prefix_path.sh'
[0.305s] INFO:colcon.colcon_core.shell:Skip shell extension 'powershell' for command environment: Not usable outside of PowerShell
[0.305s] DEBUG:colcon.colcon_core.shell:Skip shell extension 'dsv' for command environment
[0.308s] INFO:colcon.colcon_ros.task.ament_cmake.build:Building ROS package in '/home/manya/uav_drone/uav_drone_description' with build type 'ament_cmake'
[0.308s] INFO:colcon.colcon_cmake.task.cmake.build:Building CMake package in '/home/manya/uav_drone/uav_drone_description'
[0.308s] INFO:colcon.colcon_core.shell:Skip shell extension 'powershell' for command environment: Not usable outside of PowerShell
[0.308s] DEBUG:colcon.colcon_core.shell:Skip shell extension 'dsv' for command environment
[0.310s] INFO:colcon.colcon_ros.task.ament_cmake.build:Building ROS package in '/home/manya/uav_drone/uav_drone_simulation' with build type 'ament_cmake'
[0.310s] INFO:colcon.colcon_cmake.task.cmake.build:Building CMake package in '/home/manya/uav_drone/uav_drone_simulation'
[0.310s] INFO:colcon.colcon_core.shell:Skip shell extension 'powershell' for command environment: Not usable outside of PowerShell
[0.310s] DEBUG:colcon.colcon_core.shell:Skip shell extension 'dsv' for command environment
[0.512s] INFO:colcon.colcon_core.task.python.build:Building Python package in '/home/manya/uav_drone/uav_drone_bringup'
[0.513s] INFO:colcon.colcon_core.shell:Skip shell extension 'powershell' for command environment: Not usable outside of PowerShell
[0.513s] DEBUG:colcon.colcon_core.shell:Skip shell extension 'dsv' for command environment
[0.709s] INFO:colcon.colcon_core.task.python.build:Building Python package in '/home/manya/uav_drone/uav_drone_control'
[0.710s] INFO:colcon.colcon_core.shell:Skip shell extension 'powershell' for command environment: Not usable outside of PowerShell
[0.710s] DEBUG:colcon.colcon_core.shell:Skip shell extension 'dsv' for command environment
[0.716s] DEBUG:colcon.colcon_core.event_handler.log_command:Invoking command in '/home/manya/uav_drone/build/uav_drone_description': /usr/bin/cmake --build /home/manya/uav_drone/build/uav_drone_description -- -j12 -l12
[0.720s] DEBUG:colcon.colcon_core.event_handler.log_command:Invoking command in '/home/manya/uav_drone/build/uav_drone_simulation': /usr/bin/cmake --build /home/manya/uav_drone/build/uav_drone_simulation -- -j12 -l12
[0.759s] DEBUG:colcon.colcon_core.event_handler.log_command:Invoked command in '/home/manya/uav_drone/build/uav_drone_simulation' returned '0': /usr/bin/cmake --build /home/manya/uav_drone/build/uav_drone_simulation -- -j12 -l12
[0.790s] DEBUG:colcon.colcon_core.event_handler.log_command:Invoking command in '/home/manya/uav_drone/build/uav_drone_simulation': /usr/bin/cmake --install /home/manya/uav_drone/build/uav_drone_simulation
[0.801s] Level 1:colcon.colcon_core.environment:create_environment_scripts_only(uav_drone_simulation)
[0.801s] DEBUG:colcon.colcon_core.event_handler.log_command:Invoked command in '/home/manya/uav_drone/build/uav_drone_simulation' returned '0': /usr/bin/cmake --install /home/manya/uav_drone/build/uav_drone_simulation
[0.803s] Level 1:colcon.colcon_core.environment:checking '/home/manya/uav_drone/install/uav_drone_simulation' for CMake module files
[0.803s] Level 1:colcon.colcon_core.environment:checking '/home/manya/uav_drone/install/uav_drone_simulation' for CMake config files
[0.804s] Level 1:colcon.colcon_core.shell:create_environment_hook('uav_drone_simulation', 'cmake_prefix_path')
[0.804s] INFO:colcon.colcon_core.shell:Creating environment hook '/home/manya/uav_drone/install/uav_drone_simulation/share/uav_drone_simulation/hook/cmake_prefix_path.ps1'
[0.804s] INFO:colcon.colcon_core.shell:Creating environment descriptor '/home/manya/uav_drone/install/uav_drone_simulation/share/uav_drone_simulation/hook/cmake_prefix_path.dsv'
[0.804s] INFO:colcon.colcon_core.shell:Creating environment hook '/home/manya/uav_drone/install/uav_drone_simulation/share/uav_drone_simulation/hook/cmake_prefix_path.sh'
[0.805s] Level 1:colcon.colcon_core.environment:checking '/home/manya/uav_drone/install/uav_drone_simulation/bin'
[0.805s] Level 1:colcon.colcon_core.environment:checking '/home/manya/uav_drone/install/uav_drone_simulation/lib/pkgconfig/uav_drone_simulation.pc'
[0.805s] Level 1:colcon.colcon_core.environment:checking '/home/manya/uav_drone/install/uav_drone_simulation/lib/python3.10/site-packages'
[0.805s] Level 1:colcon.colcon_core.environment:checking '/home/manya/uav_drone/install/uav_drone_simulation/bin'
[0.806s] INFO:colcon.colcon_core.shell:Creating package script '/home/manya/uav_drone/install/uav_drone_simulation/share/uav_drone_simulation/package.ps1'
[0.806s] INFO:colcon.colcon_core.shell:Creating package descriptor '/home/manya/uav_drone/install/uav_drone_simulation/share/uav_drone_simulation/package.dsv'
[0.807s] INFO:colcon.colcon_core.shell:Creating package script '/home/manya/uav_drone/install/uav_drone_simulation/share/uav_drone_simulation/package.sh'
[0.807s] INFO:colcon.colcon_core.shell:Creating package script '/home/manya/uav_drone/install/uav_drone_simulation/share/uav_drone_simulation/package.bash'
[0.808s] INFO:colcon.colcon_core.shell:Creating package script '/home/manya/uav_drone/install/uav_drone_simulation/share/uav_drone_simulation/package.zsh'
[0.808s] Level 1:colcon.colcon_core.environment:create_file_with_runtime_dependencies(/home/manya/uav_drone/install/uav_drone_simulation/share/colcon-core/packages/uav_drone_simulation)
[0.830s] Level 1:colcon.colcon_core.environment:create_environment_scripts_only(uav_drone_simulation)
[0.830s] Level 1:colcon.colcon_core.environment:checking '/home/manya/uav_drone/install/uav_drone_simulation' for CMake module files
[0.831s] Level 1:colcon.colcon_core.environment:checking '/home/manya/uav_drone/install/uav_drone_simulation' for CMake config files
[0.831s] Level 1:colcon.colcon_core.shell:create_environment_hook('uav_drone_simulation', 'cmake_prefix_path')
[0.832s] INFO:colcon.colcon_core.shell:Creating environment hook '/home/manya/uav_drone/install/uav_drone_simulation/share/uav_drone_simulation/hook/cmake_prefix_path.ps1'
[0.832s] INFO:colcon.colcon_core.shell:Creating environment descriptor '/home/manya/uav_drone/install/uav_drone_simulation/share/uav_drone_simulation/hook/cmake_prefix_path.dsv'
[0.832s] INFO:colcon.colcon_core.shell:Creating environment hook '/home/manya/uav_drone/install/uav_drone_simulation/share/uav_drone_simulation/hook/cmake_prefix_path.sh'
[0.833s] Level 1:colcon.colcon_core.environment:checking '/home/manya/uav_drone/install/uav_drone_simulation/bin'
[0.833s] Level 1:colcon.colcon_core.environment:checking '/home/manya/uav_drone/install/uav_drone_simulation/lib/pkgconfig/uav_drone_simulation.pc'
[0.833s] Level 1:colcon.colcon_core.environment:checking '/home/manya/uav_drone/install/uav_drone_simulation/lib/python3.10/site-packages'
[0.833s] Level 1:colcon.colcon_core.environment:checking '/home/manya/uav_drone/install/uav_drone_simulation/bin'
[0.833s] INFO:colcon.colcon_core.shell:Creating package script '/home/manya/uav_drone/install/uav_drone_simulation/share/uav_drone_simulation/package.ps1'
[0.834s] INFO:colcon.colcon_core.shell:Creating package descriptor '/home/manya/uav_drone/install/uav_drone_simulation/share/uav_drone_simulation/package.dsv'
[0.834s] INFO:colcon.colcon_core.shell:Creating package script '/home/manya/uav_drone/install/uav_drone_simulation/share/uav_drone_simulation/package.sh'
[0.835s] INFO:colcon.colcon_core.shell:Creating package script '/home/manya/uav_drone/install/uav_drone_simulation/share/uav_drone_simulation/package.bash'
[0.835s] INFO:colcon.colcon_core.shell:Creating package script '/home/manya/uav_drone/install/uav_drone_simulation/share/uav_drone_simulation/package.zsh'
[0.835s] Level 1:colcon.colcon_core.environment:create_file_with_runtime_dependencies(/home/manya/uav_drone/install/uav_drone_simulation/share/colcon-core/packages/uav_drone_simulation)
[0.843s] DEBUG:colcon.colcon_core.event_handler.log_command:Invoked command in '/home/manya/uav_drone/build/uav_drone_description' returned '0': /usr/bin/cmake --build /home/manya/uav_drone/build/uav_drone_description -- -j12 -l12
[0.872s] DEBUG:colcon.colcon_core.event_handler.log_command:Invoking command in '/home/manya/uav_drone/build/uav_drone_description': /usr/bin/cmake --install /home/manya/uav_drone/build/uav_drone_description
[0.883s] Level 1:colcon.colcon_core.environment:create_environment_scripts_only(uav_drone_description)
[0.883s] Level 1:colcon.colcon_core.environment:checking '/home/manya/uav_drone/install/uav_drone_description' for CMake module files
[0.883s] DEBUG:colcon.colcon_core.event_handler.log_command:Invoked command in '/home/manya/uav_drone/build/uav_drone_description' returned '0': /usr/bin/cmake --install /home/manya/uav_drone/build/uav_drone_description
[0.884s] Level 1:colcon.colcon_core.environment:checking '/home/manya/uav_drone/install/uav_drone_description' for CMake config files
[0.884s] Level 1:colcon.colcon_core.shell:create_environment_hook('uav_drone_description', 'cmake_prefix_path')
[0.884s] INFO:colcon.colcon_core.shell:Creating environment hook '/home/manya/uav_drone/install/uav_drone_description/share/uav_drone_description/hook/cmake_prefix_path.ps1'
[0.885s] INFO:colcon.colcon_core.shell:Creating environment descriptor '/home/manya/uav_drone/install/uav_drone_description/share/uav_drone_description/hook/cmake_prefix_path.dsv'
[0.885s] INFO:colcon.colcon_core.shell:Creating environment hook '/home/manya/uav_drone/install/uav_drone_description/share/uav_drone_description/hook/cmake_prefix_path.sh'
[0.885s] Level 1:colcon.colcon_core.environment:checking '/home/manya/uav_drone/install/uav_drone_description/lib'
[0.885s] Level 1:colcon.colcon_core.shell:create_environment_hook('uav_drone_description', 'ld_library_path_lib')
[0.886s] INFO:colcon.colcon_core.shell:Creating environment hook '/home/manya/uav_drone/install/uav_drone_description/share/uav_drone_description/hook/ld_library_path_lib.ps1'
[0.886s] INFO:colcon.colcon_core.shell:Creating environment descriptor '/home/manya/uav_drone/install/uav_drone_description/share/uav_drone_description/hook/ld_library_path_lib.dsv'
[0.886s] INFO:colcon.colcon_core.shell:Creating environment hook '/home/manya/uav_drone/install/uav_drone_description/share/uav_drone_description/hook/ld_library_path_lib.sh'
[0.886s] Level 1:colcon.colcon_core.environment:checking '/home/manya/uav_drone/install/uav_drone_description/bin'
[0.886s] Level 1:colcon.colcon_core.environment:checking '/home/manya/uav_drone/install/uav_drone_description/lib/pkgconfig/uav_drone_description.pc'
[0.887s] Level 1:colcon.colcon_core.environment:checking '/home/manya/uav_drone/install/uav_drone_description/lib/python3.10/site-packages'
[0.887s] Level 1:colcon.colcon_core.environment:checking '/home/manya/uav_drone/install/uav_drone_description/bin'
[0.887s] INFO:colcon.colcon_core.shell:Creating package script '/home/manya/uav_drone/install/uav_drone_description/share/uav_drone_description/package.ps1'
[0.887s] INFO:colcon.colcon_core.shell:Creating package descriptor '/home/manya/uav_drone/install/uav_drone_description/share/uav_drone_description/package.dsv'
[0.888s] INFO:colcon.colcon_core.shell:Creating package script '/home/manya/uav_drone/install/uav_drone_description/share/uav_drone_description/package.sh'
[0.888s] INFO:colcon.colcon_core.shell:Creating package script '/home/manya/uav_drone/install/uav_drone_description/share/uav_drone_description/package.bash'
[0.888s] INFO:colcon.colcon_core.shell:Creating package script '/home/manya/uav_drone/install/uav_drone_description/share/uav_drone_description/package.zsh'
[0.888s] Level 1:colcon.colcon_core.environment:create_file_with_runtime_dependencies(/home/manya/uav_drone/install/uav_drone_description/share/colcon-core/packages/uav_drone_description)
[0.917s] Level 1:colcon.colcon_core.environment:create_environment_scripts_only(uav_drone_description)
[0.918s] Level 1:colcon.colcon_core.environment:checking '/home/manya/uav_drone/install/uav_drone_description' for CMake module files
[0.918s] Level 1:colcon.colcon_core.environment:checking '/home/manya/uav_drone/install/uav_drone_description' for CMake config files
[0.918s] Level 1:colcon.colcon_core.shell:create_environment_hook('uav_drone_description', 'cmake_prefix_path')
[0.918s] INFO:colcon.colcon_core.shell:Creating environment hook '/home/manya/uav_drone/install/uav_drone_description/share/uav_drone_description/hook/cmake_prefix_path.ps1'
[0.919s] INFO:colcon.colcon_core.shell:Creating environment descriptor '/home/manya/uav_drone/install/uav_drone_description/share/uav_drone_description/hook/cmake_prefix_path.dsv'
[0.919s] INFO:colcon.colcon_core.shell:Creating environment hook '/home/manya/uav_drone/install/uav_drone_description/share/uav_drone_description/hook/cmake_prefix_path.sh'
[0.919s] Level 1:colcon.colcon_core.environment:checking '/home/manya/uav_drone/install/uav_drone_description/lib'
[0.919s] Level 1:colcon.colcon_core.shell:create_environment_hook('uav_drone_description', 'ld_library_path_lib')
[0.920s] INFO:colcon.colcon_core.shell:Creating environment hook '/home/manya/uav_drone/install/uav_drone_description/share/uav_drone_description/hook/ld_library_path_lib.ps1'
[0.920s] INFO:colcon.colcon_core.shell:Creating environment descriptor '/home/manya/uav_drone/install/uav_drone_description/share/uav_drone_description/hook/ld_library_path_lib.dsv'
[0.920s] INFO:colcon.colcon_core.shell:Creating environment hook '/home/manya/uav_drone/install/uav_drone_description/share/uav_drone_description/hook/ld_library_path_lib.sh'
[0.920s] Level 1:colcon.colcon_core.environment:checking '/home/manya/uav_drone/install/uav_drone_description/bin'
[0.920s] Level 1:colcon.colcon_core.environment:checking '/home/manya/uav_drone/install/uav_drone_description/lib/pkgconfig/uav_drone_description.pc'
[0.921s] Level 1:colcon.colcon_core.environment:checking '/home/manya/uav_drone/install/uav_drone_description/lib/python3.10/site-packages'
[0.921s] Level 1:colcon.colcon_core.environment:checking '/home/manya/uav_drone/install/uav_drone_description/bin'
[0.921s] INFO:colcon.colcon_core.shell:Creating package script '/home/manya/uav_drone/install/uav_drone_description/share/uav_drone_description/package.ps1'
[0.921s] INFO:colcon.colcon_core.shell:Creating package descriptor '/home/manya/uav_drone/install/uav_drone_description/share/uav_drone_description/package.dsv'
[0.922s] INFO:colcon.colcon_core.shell:Creating package script '/home/manya/uav_drone/install/uav_drone_description/share/uav_drone_description/package.sh'
[0.922s] INFO:colcon.colcon_core.shell:Creating package script '/home/manya/uav_drone/install/uav_drone_description/share/uav_drone_description/package.bash'
[0.922s] INFO:colcon.colcon_core.shell:Creating package script '/home/manya/uav_drone/install/uav_drone_description/share/uav_drone_description/package.zsh'
[0.922s] Level 1:colcon.colcon_core.environment:create_file_with_runtime_dependencies(/home/manya/uav_drone/install/uav_drone_description/share/colcon-core/packages/uav_drone_description)
[1.057s] DEBUG:colcon.colcon_core.event_handler.log_command:Invoking command in '/home/manya/uav_drone/uav_drone_bringup': PYTHONPATH=/home/manya/uav_drone/build/uav_drone_bringup/prefix_override:/usr/lib/python3/dist-packages/colcon_core/task/python/colcon_distutils_commands:/home/manya/uav_drone/install/uav_drone_bringup/lib/python3.10/site-packages:${PYTHONPATH} /usr/bin/python3 -W ignore:setup.py install is deprecated setup.py egg_info --egg-base ../build/uav_drone_bringup build --build-base /home/manya/uav_drone/build/uav_drone_bringup/build install --record /home/manya/uav_drone/build/uav_drone_bringup/install.log --single-version-externally-managed install_data
[1.069s] DEBUG:colcon.colcon_core.event_handler.log_command:Invoking command in '/home/manya/uav_drone/uav_drone_control': PYTHONPATH=/home/manya/uav_drone/build/uav_drone_control/prefix_override:/usr/lib/python3/dist-packages/colcon_core/task/python/colcon_distutils_commands:/home/manya/uav_drone/install/uav_drone_control/lib/python3.10/site-packages:${PYTHONPATH} /usr/bin/python3 -W ignore:setup.py install is deprecated setup.py egg_info --egg-base ../build/uav_drone_control build --build-base /home/manya/uav_drone/build/uav_drone_control/build install --record /home/manya/uav_drone/build/uav_drone_control/install.log --single-version-externally-managed install_data
[1.298s] Level 1:colcon.colcon_core.environment:checking '/home/manya/uav_drone/install/uav_drone_bringup' for CMake module files
[1.299s] DEBUG:colcon.colcon_core.event_handler.log_command:Invoked command in '/home/manya/uav_drone/uav_drone_bringup' returned '0': PYTHONPATH=/home/manya/uav_drone/build/uav_drone_bringup/prefix_override:/usr/lib/python3/dist-packages/colcon_core/task/python/colcon_distutils_commands:/home/manya/uav_drone/install/uav_drone_bringup/lib/python3.10/site-packages:${PYTHONPATH} /usr/bin/python3 -W ignore:setup.py install is deprecated setup.py egg_info --egg-base ../build/uav_drone_bringup build --build-base /home/manya/uav_drone/build/uav_drone_bringup/build install --record /home/manya/uav_drone/build/uav_drone_bringup/install.log --single-version-externally-managed install_data
[1.299s] Level 1:colcon.colcon_core.environment:checking '/home/manya/uav_drone/install/uav_drone_bringup' for CMake config files
[1.300s] Level 1:colcon.colcon_core.environment:checking '/home/manya/uav_drone/install/uav_drone_bringup/lib'
[1.300s] Level 1:colcon.colcon_core.environment:checking '/home/manya/uav_drone/install/uav_drone_bringup/bin'
[1.300s] Level 1:colcon.colcon_core.environment:checking '/home/manya/uav_drone/install/uav_drone_bringup/lib/pkgconfig/uav_drone_bringup.pc'
[1.300s] Level 1:colcon.colcon_core.environment:checking '/home/manya/uav_drone/install/uav_drone_bringup/lib/python3.10/site-packages'
[1.300s] Level 1:colcon.colcon_core.shell:create_environment_hook('uav_drone_bringup', 'pythonpath')
[1.300s] INFO:colcon.colcon_core.shell:Creating environment hook '/home/manya/uav_drone/install/uav_drone_bringup/share/uav_drone_bringup/hook/pythonpath.ps1'
[1.301s] INFO:colcon.colcon_core.shell:Creating environment descriptor '/home/manya/uav_drone/install/uav_drone_bringup/share/uav_drone_bringup/hook/pythonpath.dsv'
[1.301s] INFO:colcon.colcon_core.shell:Creating environment hook '/home/manya/uav_drone/install/uav_drone_bringup/share/uav_drone_bringup/hook/pythonpath.sh'
[1.301s] Level 1:colcon.colcon_core.environment:checking '/home/manya/uav_drone/install/uav_drone_bringup/bin'
[1.301s] Level 1:colcon.colcon_core.environment:create_environment_scripts_only(uav_drone_bringup)
[1.302s] INFO:colcon.colcon_core.shell:Creating package script '/home/manya/uav_drone/install/uav_drone_bringup/share/uav_drone_bringup/package.ps1'
[1.302s] INFO:colcon.colcon_core.shell:Creating package descriptor '/home/manya/uav_drone/install/uav_drone_bringup/share/uav_drone_bringup/package.dsv'
[1.302s] INFO:colcon.colcon_core.shell:Creating package script '/home/manya/uav_drone/install/uav_drone_bringup/share/uav_drone_bringup/package.sh'
[1.303s] INFO:colcon.colcon_core.shell:Creating package script '/home/manya/uav_drone/install/uav_drone_bringup/share/uav_drone_bringup/package.bash'
[1.303s] INFO:colcon.colcon_core.shell:Creating package script '/home/manya/uav_drone/install/uav_drone_bringup/share/uav_drone_bringup/package.zsh'
[1.303s] Level 1:colcon.colcon_core.environment:create_file_with_runtime_dependencies(/home/manya/uav_drone/install/uav_drone_bringup/share/colcon-core/packages/uav_drone_bringup)
[1.311s] Level 1:colcon.colcon_core.environment:checking '/home/manya/uav_drone/install/uav_drone_control' for CMake module files
[1.311s] DEBUG:colcon.colcon_core.event_handler.log_command:Invoked command in '/home/manya/uav_drone/uav_drone_control' returned '0': PYTHONPATH=/home/manya/uav_drone/build/uav_drone_control/prefix_override:/usr/lib/python3/dist-packages/colcon_core/task/python/colcon_distutils_commands:/home/manya/uav_drone/install/uav_drone_control/lib/python3.10/site-packages:${PYTHONPATH} /usr/bin/python3 -W ignore:setup.py install is deprecated setup.py egg_info --egg-base ../build/uav_drone_control build --build-base /home/manya/uav_drone/build/uav_drone_control/build install --record /home/manya/uav_drone/build/uav_drone_control/install.log --single-version-externally-managed install_data
[1.312s] Level 1:colcon.colcon_core.environment:checking '/home/manya/uav_drone/install/uav_drone_control' for CMake config files
[1.312s] Level 1:colcon.colcon_core.environment:checking '/home/manya/uav_drone/install/uav_drone_control/lib'
[1.312s] Level 1:colcon.colcon_core.environment:checking '/home/manya/uav_drone/install/uav_drone_control/bin'
[1.312s] Level 1:colcon.colcon_core.environment:checking '/home/manya/uav_drone/install/uav_drone_control/lib/pkgconfig/uav_drone_control.pc'
[1.312s] Level 1:colcon.colcon_core.environment:checking '/home/manya/uav_drone/install/uav_drone_control/lib/python3.10/site-packages'
[1.312s] Level 1:colcon.colcon_core.shell:create_environment_hook('uav_drone_control', 'pythonpath')
[1.312s] INFO:colcon.colcon_core.shell:Creating environment hook '/home/manya/uav_drone/install/uav_drone_control/share/uav_drone_control/hook/pythonpath.ps1'
[1.313s] INFO:colcon.colcon_core.shell:Creating environment descriptor '/home/manya/uav_drone/install/uav_drone_control/share/uav_drone_control/hook/pythonpath.dsv'
[1.313s] INFO:colcon.colcon_core.shell:Creating environment hook '/home/manya/uav_drone/install/uav_drone_control/share/uav_drone_control/hook/pythonpath.sh'
[1.313s] Level 1:colcon.colcon_core.environment:checking '/home/manya/uav_drone/install/uav_drone_control/bin'
[1.313s] Level 1:colcon.colcon_core.environment:create_environment_scripts_only(uav_drone_control)
[1.314s] INFO:colcon.colcon_core.shell:Creating package script '/home/manya/uav_drone/install/uav_drone_control/share/uav_drone_control/package.ps1'
[1.314s] INFO:colcon.colcon_core.shell:Creating package descriptor '/home/manya/uav_drone/install/uav_drone_control/share/uav_drone_control/package.dsv'
[1.314s] INFO:colcon.colcon_core.shell:Creating package script '/home/manya/uav_drone/install/uav_drone_control/share/uav_drone_control/package.sh'
[1.315s] INFO:colcon.colcon_core.shell:Creating package script '/home/manya/uav_drone/install/uav_drone_control/share/uav_drone_control/package.bash'
[1.315s] INFO:colcon.colcon_core.shell:Creating package script '/home/manya/uav_drone/install/uav_drone_control/share/uav_drone_control/package.zsh'
[1.315s] Level 1:colcon.colcon_core.environment:create_file_with_runtime_dependencies(/home/manya/uav_drone/install/uav_drone_control/share/colcon-core/packages/uav_drone_control)
[1.315s] DEBUG:colcon.colcon_parallel_executor.executor.parallel:closing loop
[1.315s] DEBUG:colcon.colcon_parallel_executor.executor.parallel:loop closed
[1.316s] DEBUG:colcon.colcon_parallel_executor.executor.parallel:run_until_complete finished with '0'
[1.316s] DEBUG:colcon.colcon_core.event_reactor:joining thread
[1.320s] INFO:colcon.colcon_core.plugin_system:Skipping extension 'colcon_notification.desktop_notification.terminal_notifier': Not used on non-Darwin systems
[1.320s] INFO:colcon.colcon_core.plugin_system:Skipping extension 'colcon_notification.desktop_notification.win32': Not used on non-Windows systems
[1.320s] INFO:colcon.colcon_notification.desktop_notification:Sending desktop notification using 'notify2'
[1.329s] DEBUG:colcon.colcon_core.event_reactor:joined thread
[1.329s] INFO:colcon.colcon_core.shell:Creating prefix script '/home/manya/uav_drone/install/local_setup.ps1'
[1.330s] INFO:colcon.colcon_core.shell:Creating prefix util module '/home/manya/uav_drone/install/_local_setup_util_ps1.py'
[1.331s] INFO:colcon.colcon_core.shell:Creating prefix chain script '/home/manya/uav_drone/install/setup.ps1'
[1.331s] INFO:colcon.colcon_core.shell:Creating prefix script '/home/manya/uav_drone/install/local_setup.sh'
[1.331s] INFO:colcon.colcon_core.shell:Creating prefix util module '/home/manya/uav_drone/install/_local_setup_util_sh.py'
[1.332s] INFO:colcon.colcon_core.shell:Creating prefix chain script '/home/manya/uav_drone/install/setup.sh'
[1.332s] INFO:colcon.colcon_core.shell:Creating prefix script '/home/manya/uav_drone/install/local_setup.bash'
[1.333s] INFO:colcon.colcon_core.shell:Creating prefix chain script '/home/manya/uav_drone/install/setup.bash'
[1.333s] INFO:colcon.colcon_core.shell:Creating prefix script '/home/manya/uav_drone/install/local_setup.zsh'
[1.334s] INFO:colcon.colcon_core.shell:Creating prefix chain script '/home/manya/uav_drone/install/setup.zsh'
